ARM GAS  /tmp/ccQTBaWu.s 			page 1


   1              		.cpu cortex-m7
   2              		.arch armv7e-m
   3              		.fpu fpv5-d16
   4              		.eabi_attribute 28, 1
   5              		.eabi_attribute 20, 1
   6              		.eabi_attribute 21, 1
   7              		.eabi_attribute 23, 3
   8              		.eabi_attribute 24, 1
   9              		.eabi_attribute 25, 1
  10              		.eabi_attribute 26, 1
  11              		.eabi_attribute 30, 1
  12              		.eabi_attribute 34, 1
  13              		.eabi_attribute 18, 4
  14              		.file	"i2c.c"
  15              		.text
  16              	.Ltext0:
  17              		.cfi_sections	.debug_frame
  18              		.file 1 "Core/Src/i2c.c"
  19              		.section	.text.MX_I2C1_Init,"ax",%progbits
  20              		.align	1
  21              		.global	MX_I2C1_Init
  22              		.syntax unified
  23              		.thumb
  24              		.thumb_func
  26              	MX_I2C1_Init:
  27              	.LFB328:
   1:Core/Src/i2c.c **** /**
   2:Core/Src/i2c.c ****   ******************************************************************************
   3:Core/Src/i2c.c ****   * @file    i2c.c
   4:Core/Src/i2c.c ****   * @brief   This file provides code for the configuration
   5:Core/Src/i2c.c ****   *          of the I2C instances.
   6:Core/Src/i2c.c ****   ******************************************************************************
   7:Core/Src/i2c.c ****   * @attention
   8:Core/Src/i2c.c ****   *
   9:Core/Src/i2c.c ****   * <h2><center>&copy; Copyright (c) 2021 STMicroelectronics.
  10:Core/Src/i2c.c ****   * All rights reserved.</center></h2>
  11:Core/Src/i2c.c ****   *
  12:Core/Src/i2c.c ****   * This software component is licensed by ST under Ultimate Liberty license
  13:Core/Src/i2c.c ****   * SLA0044, the "License"; You may not use this file except in compliance with
  14:Core/Src/i2c.c ****   * the License. You may obtain a copy of the License at:
  15:Core/Src/i2c.c ****   *                             www.st.com/SLA0044
  16:Core/Src/i2c.c ****   *
  17:Core/Src/i2c.c ****   ******************************************************************************
  18:Core/Src/i2c.c ****   */
  19:Core/Src/i2c.c **** 
  20:Core/Src/i2c.c **** /* Includes ------------------------------------------------------------------*/
  21:Core/Src/i2c.c **** #include "i2c.h"
  22:Core/Src/i2c.c **** 
  23:Core/Src/i2c.c **** /* USER CODE BEGIN 0 */
  24:Core/Src/i2c.c **** 
  25:Core/Src/i2c.c **** /* USER CODE END 0 */
  26:Core/Src/i2c.c **** 
  27:Core/Src/i2c.c **** I2C_HandleTypeDef hi2c1;
  28:Core/Src/i2c.c **** 
  29:Core/Src/i2c.c **** /* I2C1 init function */
  30:Core/Src/i2c.c **** void MX_I2C1_Init(void)
  31:Core/Src/i2c.c **** {
ARM GAS  /tmp/ccQTBaWu.s 			page 2


  28              		.loc 1 31 1 view -0
  29              		.cfi_startproc
  30              		@ args = 0, pretend = 0, frame = 0
  31              		@ frame_needed = 0, uses_anonymous_args = 0
  32 0000 08B5     		push	{r3, lr}
  33              	.LCFI0:
  34              		.cfi_def_cfa_offset 8
  35              		.cfi_offset 3, -8
  36              		.cfi_offset 14, -4
  32:Core/Src/i2c.c **** 
  33:Core/Src/i2c.c ****   hi2c1.Instance = I2C1;
  37              		.loc 1 33 3 view .LVU1
  38              		.loc 1 33 18 is_stmt 0 view .LVU2
  39 0002 1548     		ldr	r0, .L9
  40 0004 154B     		ldr	r3, .L9+4
  41 0006 0360     		str	r3, [r0]
  34:Core/Src/i2c.c ****   hi2c1.Init.Timing = 0x307075B1;
  42              		.loc 1 34 3 is_stmt 1 view .LVU3
  43              		.loc 1 34 21 is_stmt 0 view .LVU4
  44 0008 A3F17863 		sub	r3, r3, #260046848
  45 000c A3F57D23 		sub	r3, r3, #1036288
  46 0010 A3F64F63 		subw	r3, r3, #3663
  47 0014 4360     		str	r3, [r0, #4]
  35:Core/Src/i2c.c ****   hi2c1.Init.OwnAddress1 = 140;
  48              		.loc 1 35 3 is_stmt 1 view .LVU5
  49              		.loc 1 35 26 is_stmt 0 view .LVU6
  50 0016 8C23     		movs	r3, #140
  51 0018 8360     		str	r3, [r0, #8]
  36:Core/Src/i2c.c ****   hi2c1.Init.AddressingMode = I2C_ADDRESSINGMODE_7BIT;
  52              		.loc 1 36 3 is_stmt 1 view .LVU7
  53              		.loc 1 36 29 is_stmt 0 view .LVU8
  54 001a 0123     		movs	r3, #1
  55 001c C360     		str	r3, [r0, #12]
  37:Core/Src/i2c.c ****   hi2c1.Init.DualAddressMode = I2C_DUALADDRESS_DISABLE;
  56              		.loc 1 37 3 is_stmt 1 view .LVU9
  57              		.loc 1 37 30 is_stmt 0 view .LVU10
  58 001e 0023     		movs	r3, #0
  59 0020 0361     		str	r3, [r0, #16]
  38:Core/Src/i2c.c ****   hi2c1.Init.OwnAddress2 = 0;
  60              		.loc 1 38 3 is_stmt 1 view .LVU11
  61              		.loc 1 38 26 is_stmt 0 view .LVU12
  62 0022 4361     		str	r3, [r0, #20]
  39:Core/Src/i2c.c ****   hi2c1.Init.OwnAddress2Masks = I2C_OA2_NOMASK;
  63              		.loc 1 39 3 is_stmt 1 view .LVU13
  64              		.loc 1 39 31 is_stmt 0 view .LVU14
  65 0024 8361     		str	r3, [r0, #24]
  40:Core/Src/i2c.c ****   hi2c1.Init.GeneralCallMode = I2C_GENERALCALL_DISABLE;
  66              		.loc 1 40 3 is_stmt 1 view .LVU15
  67              		.loc 1 40 30 is_stmt 0 view .LVU16
  68 0026 C361     		str	r3, [r0, #28]
  41:Core/Src/i2c.c ****   hi2c1.Init.NoStretchMode = I2C_NOSTRETCH_DISABLE;
  69              		.loc 1 41 3 is_stmt 1 view .LVU17
  70              		.loc 1 41 28 is_stmt 0 view .LVU18
  71 0028 0362     		str	r3, [r0, #32]
  42:Core/Src/i2c.c ****   if (HAL_I2C_Init(&hi2c1) != HAL_OK)
  72              		.loc 1 42 3 is_stmt 1 view .LVU19
  73              		.loc 1 42 7 is_stmt 0 view .LVU20
ARM GAS  /tmp/ccQTBaWu.s 			page 3


  74 002a FFF7FEFF 		bl	HAL_I2C_Init
  75              	.LVL0:
  76              		.loc 1 42 6 discriminator 1 view .LVU21
  77 002e 50B9     		cbnz	r0, .L6
  78              	.L2:
  43:Core/Src/i2c.c ****   {
  44:Core/Src/i2c.c ****     Error_Handler();
  45:Core/Src/i2c.c ****   }
  46:Core/Src/i2c.c ****   /** Configure Analogue filter
  47:Core/Src/i2c.c ****   */
  48:Core/Src/i2c.c ****   if (HAL_I2CEx_ConfigAnalogFilter(&hi2c1, I2C_ANALOGFILTER_ENABLE) != HAL_OK)
  79              		.loc 1 48 3 is_stmt 1 view .LVU22
  80              		.loc 1 48 7 is_stmt 0 view .LVU23
  81 0030 0021     		movs	r1, #0
  82 0032 0948     		ldr	r0, .L9
  83 0034 FFF7FEFF 		bl	HAL_I2CEx_ConfigAnalogFilter
  84              	.LVL1:
  85              		.loc 1 48 6 discriminator 1 view .LVU24
  86 0038 40B9     		cbnz	r0, .L7
  87              	.L3:
  49:Core/Src/i2c.c ****   {
  50:Core/Src/i2c.c ****     Error_Handler();
  51:Core/Src/i2c.c ****   }
  52:Core/Src/i2c.c ****   /** Configure Digital filter
  53:Core/Src/i2c.c ****   */
  54:Core/Src/i2c.c ****   if (HAL_I2CEx_ConfigDigitalFilter(&hi2c1, 0) != HAL_OK)
  88              		.loc 1 54 3 is_stmt 1 view .LVU25
  89              		.loc 1 54 7 is_stmt 0 view .LVU26
  90 003a 0021     		movs	r1, #0
  91 003c 0648     		ldr	r0, .L9
  92 003e FFF7FEFF 		bl	HAL_I2CEx_ConfigDigitalFilter
  93              	.LVL2:
  94              		.loc 1 54 6 discriminator 1 view .LVU27
  95 0042 30B9     		cbnz	r0, .L8
  96              	.L1:
  55:Core/Src/i2c.c ****   {
  56:Core/Src/i2c.c ****     Error_Handler();
  57:Core/Src/i2c.c ****   }
  58:Core/Src/i2c.c **** 
  59:Core/Src/i2c.c **** }
  97              		.loc 1 59 1 view .LVU28
  98 0044 08BD     		pop	{r3, pc}
  99              	.L6:
  44:Core/Src/i2c.c ****   }
 100              		.loc 1 44 5 is_stmt 1 view .LVU29
 101 0046 FFF7FEFF 		bl	Error_Handler
 102              	.LVL3:
 103 004a F1E7     		b	.L2
 104              	.L7:
  50:Core/Src/i2c.c ****   }
 105              		.loc 1 50 5 view .LVU30
 106 004c FFF7FEFF 		bl	Error_Handler
 107              	.LVL4:
 108 0050 F3E7     		b	.L3
 109              	.L8:
  56:Core/Src/i2c.c ****   }
 110              		.loc 1 56 5 view .LVU31
ARM GAS  /tmp/ccQTBaWu.s 			page 4


 111 0052 FFF7FEFF 		bl	Error_Handler
 112              	.LVL5:
 113              		.loc 1 59 1 is_stmt 0 view .LVU32
 114 0056 F5E7     		b	.L1
 115              	.L10:
 116              		.align	2
 117              	.L9:
 118 0058 00000000 		.word	hi2c1
 119 005c 00540040 		.word	1073763328
 120              		.cfi_endproc
 121              	.LFE328:
 123              		.section	.text.HAL_I2C_MspInit,"ax",%progbits
 124              		.align	1
 125              		.global	HAL_I2C_MspInit
 126              		.syntax unified
 127              		.thumb
 128              		.thumb_func
 130              	HAL_I2C_MspInit:
 131              	.LVL6:
 132              	.LFB329:
  60:Core/Src/i2c.c **** 
  61:Core/Src/i2c.c **** void HAL_I2C_MspInit(I2C_HandleTypeDef* i2cHandle)
  62:Core/Src/i2c.c **** {
 133              		.loc 1 62 1 is_stmt 1 view -0
 134              		.cfi_startproc
 135              		@ args = 0, pretend = 0, frame = 32
 136              		@ frame_needed = 0, uses_anonymous_args = 0
 137              		.loc 1 62 1 is_stmt 0 view .LVU34
 138 0000 10B5     		push	{r4, lr}
 139              	.LCFI1:
 140              		.cfi_def_cfa_offset 8
 141              		.cfi_offset 4, -8
 142              		.cfi_offset 14, -4
 143 0002 88B0     		sub	sp, sp, #32
 144              	.LCFI2:
 145              		.cfi_def_cfa_offset 40
  63:Core/Src/i2c.c **** 
  64:Core/Src/i2c.c ****   GPIO_InitTypeDef GPIO_InitStruct = {0};
 146              		.loc 1 64 3 is_stmt 1 view .LVU35
 147              		.loc 1 64 20 is_stmt 0 view .LVU36
 148 0004 0023     		movs	r3, #0
 149 0006 0393     		str	r3, [sp, #12]
 150 0008 0493     		str	r3, [sp, #16]
 151 000a 0593     		str	r3, [sp, #20]
 152 000c 0693     		str	r3, [sp, #24]
 153 000e 0793     		str	r3, [sp, #28]
  65:Core/Src/i2c.c ****   if(i2cHandle->Instance==I2C1)
 154              		.loc 1 65 3 is_stmt 1 view .LVU37
 155              		.loc 1 65 15 is_stmt 0 view .LVU38
 156 0010 0268     		ldr	r2, [r0]
 157              		.loc 1 65 5 view .LVU39
 158 0012 144B     		ldr	r3, .L15
 159 0014 9A42     		cmp	r2, r3
 160 0016 01D0     		beq	.L14
 161              	.LVL7:
 162              	.L11:
  66:Core/Src/i2c.c ****   {
ARM GAS  /tmp/ccQTBaWu.s 			page 5


  67:Core/Src/i2c.c ****   /* USER CODE BEGIN I2C1_MspInit 0 */
  68:Core/Src/i2c.c **** 
  69:Core/Src/i2c.c ****   /* USER CODE END I2C1_MspInit 0 */
  70:Core/Src/i2c.c **** 
  71:Core/Src/i2c.c ****     __HAL_RCC_GPIOB_CLK_ENABLE();
  72:Core/Src/i2c.c ****     /**I2C1 GPIO Configuration
  73:Core/Src/i2c.c ****     PB6     ------> I2C1_SCL
  74:Core/Src/i2c.c ****     PB7     ------> I2C1_SDA
  75:Core/Src/i2c.c ****     */
  76:Core/Src/i2c.c ****     GPIO_InitStruct.Pin = GPIO_PIN_6|GPIO_PIN_7;
  77:Core/Src/i2c.c ****     GPIO_InitStruct.Mode = GPIO_MODE_AF_OD;
  78:Core/Src/i2c.c ****     GPIO_InitStruct.Pull = GPIO_NOPULL;
  79:Core/Src/i2c.c ****     GPIO_InitStruct.Speed = GPIO_SPEED_FREQ_LOW;
  80:Core/Src/i2c.c ****     GPIO_InitStruct.Alternate = GPIO_AF4_I2C1;
  81:Core/Src/i2c.c ****     HAL_GPIO_Init(GPIOB, &GPIO_InitStruct);
  82:Core/Src/i2c.c **** 
  83:Core/Src/i2c.c ****     /* I2C1 clock enable */
  84:Core/Src/i2c.c ****     __HAL_RCC_I2C1_CLK_ENABLE();
  85:Core/Src/i2c.c ****   /* USER CODE BEGIN I2C1_MspInit 1 */
  86:Core/Src/i2c.c **** 
  87:Core/Src/i2c.c ****   /* USER CODE END I2C1_MspInit 1 */
  88:Core/Src/i2c.c ****   }
  89:Core/Src/i2c.c **** }
 163              		.loc 1 89 1 view .LVU40
 164 0018 08B0     		add	sp, sp, #32
 165              	.LCFI3:
 166              		.cfi_remember_state
 167              		.cfi_def_cfa_offset 8
 168              		@ sp needed
 169 001a 10BD     		pop	{r4, pc}
 170              	.LVL8:
 171              	.L14:
 172              	.LCFI4:
 173              		.cfi_restore_state
  71:Core/Src/i2c.c ****     /**I2C1 GPIO Configuration
 174              		.loc 1 71 5 is_stmt 1 view .LVU41
 175              	.LBB2:
  71:Core/Src/i2c.c ****     /**I2C1 GPIO Configuration
 176              		.loc 1 71 5 view .LVU42
  71:Core/Src/i2c.c ****     /**I2C1 GPIO Configuration
 177              		.loc 1 71 5 view .LVU43
 178 001c 124C     		ldr	r4, .L15+4
 179 001e D4F8E030 		ldr	r3, [r4, #224]
 180 0022 43F00203 		orr	r3, r3, #2
 181 0026 C4F8E030 		str	r3, [r4, #224]
  71:Core/Src/i2c.c ****     /**I2C1 GPIO Configuration
 182              		.loc 1 71 5 view .LVU44
 183 002a D4F8E030 		ldr	r3, [r4, #224]
 184 002e 03F00203 		and	r3, r3, #2
 185 0032 0193     		str	r3, [sp, #4]
  71:Core/Src/i2c.c ****     /**I2C1 GPIO Configuration
 186              		.loc 1 71 5 view .LVU45
 187 0034 019B     		ldr	r3, [sp, #4]
 188              	.LBE2:
  71:Core/Src/i2c.c ****     /**I2C1 GPIO Configuration
 189              		.loc 1 71 5 view .LVU46
  76:Core/Src/i2c.c ****     GPIO_InitStruct.Mode = GPIO_MODE_AF_OD;
ARM GAS  /tmp/ccQTBaWu.s 			page 6


 190              		.loc 1 76 5 view .LVU47
  76:Core/Src/i2c.c ****     GPIO_InitStruct.Mode = GPIO_MODE_AF_OD;
 191              		.loc 1 76 25 is_stmt 0 view .LVU48
 192 0036 C023     		movs	r3, #192
 193 0038 0393     		str	r3, [sp, #12]
  77:Core/Src/i2c.c ****     GPIO_InitStruct.Pull = GPIO_NOPULL;
 194              		.loc 1 77 5 is_stmt 1 view .LVU49
  77:Core/Src/i2c.c ****     GPIO_InitStruct.Pull = GPIO_NOPULL;
 195              		.loc 1 77 26 is_stmt 0 view .LVU50
 196 003a 1223     		movs	r3, #18
 197 003c 0493     		str	r3, [sp, #16]
  78:Core/Src/i2c.c ****     GPIO_InitStruct.Speed = GPIO_SPEED_FREQ_LOW;
 198              		.loc 1 78 5 is_stmt 1 view .LVU51
  79:Core/Src/i2c.c ****     GPIO_InitStruct.Alternate = GPIO_AF4_I2C1;
 199              		.loc 1 79 5 view .LVU52
  80:Core/Src/i2c.c ****     HAL_GPIO_Init(GPIOB, &GPIO_InitStruct);
 200              		.loc 1 80 5 view .LVU53
  80:Core/Src/i2c.c ****     HAL_GPIO_Init(GPIOB, &GPIO_InitStruct);
 201              		.loc 1 80 31 is_stmt 0 view .LVU54
 202 003e 0423     		movs	r3, #4
 203 0040 0793     		str	r3, [sp, #28]
  81:Core/Src/i2c.c **** 
 204              		.loc 1 81 5 is_stmt 1 view .LVU55
 205 0042 03A9     		add	r1, sp, #12
 206 0044 0948     		ldr	r0, .L15+8
 207              	.LVL9:
  81:Core/Src/i2c.c **** 
 208              		.loc 1 81 5 is_stmt 0 view .LVU56
 209 0046 FFF7FEFF 		bl	HAL_GPIO_Init
 210              	.LVL10:
  84:Core/Src/i2c.c ****   /* USER CODE BEGIN I2C1_MspInit 1 */
 211              		.loc 1 84 5 is_stmt 1 view .LVU57
 212              	.LBB3:
  84:Core/Src/i2c.c ****   /* USER CODE BEGIN I2C1_MspInit 1 */
 213              		.loc 1 84 5 view .LVU58
  84:Core/Src/i2c.c ****   /* USER CODE BEGIN I2C1_MspInit 1 */
 214              		.loc 1 84 5 view .LVU59
 215 004a D4F8E830 		ldr	r3, [r4, #232]
 216 004e 43F40013 		orr	r3, r3, #2097152
 217 0052 C4F8E830 		str	r3, [r4, #232]
  84:Core/Src/i2c.c ****   /* USER CODE BEGIN I2C1_MspInit 1 */
 218              		.loc 1 84 5 view .LVU60
 219 0056 D4F8E830 		ldr	r3, [r4, #232]
 220 005a 03F40013 		and	r3, r3, #2097152
 221 005e 0293     		str	r3, [sp, #8]
  84:Core/Src/i2c.c ****   /* USER CODE BEGIN I2C1_MspInit 1 */
 222              		.loc 1 84 5 view .LVU61
 223 0060 029B     		ldr	r3, [sp, #8]
 224              	.LBE3:
  84:Core/Src/i2c.c ****   /* USER CODE BEGIN I2C1_MspInit 1 */
 225              		.loc 1 84 5 discriminator 1 view .LVU62
 226              		.loc 1 89 1 is_stmt 0 view .LVU63
 227 0062 D9E7     		b	.L11
 228              	.L16:
 229              		.align	2
 230              	.L15:
 231 0064 00540040 		.word	1073763328
ARM GAS  /tmp/ccQTBaWu.s 			page 7


 232 0068 00440258 		.word	1476543488
 233 006c 00040258 		.word	1476527104
 234              		.cfi_endproc
 235              	.LFE329:
 237              		.section	.text.HAL_I2C_MspDeInit,"ax",%progbits
 238              		.align	1
 239              		.global	HAL_I2C_MspDeInit
 240              		.syntax unified
 241              		.thumb
 242              		.thumb_func
 244              	HAL_I2C_MspDeInit:
 245              	.LVL11:
 246              	.LFB330:
  90:Core/Src/i2c.c **** 
  91:Core/Src/i2c.c **** void HAL_I2C_MspDeInit(I2C_HandleTypeDef* i2cHandle)
  92:Core/Src/i2c.c **** {
 247              		.loc 1 92 1 is_stmt 1 view -0
 248              		.cfi_startproc
 249              		@ args = 0, pretend = 0, frame = 0
 250              		@ frame_needed = 0, uses_anonymous_args = 0
  93:Core/Src/i2c.c **** 
  94:Core/Src/i2c.c ****   if(i2cHandle->Instance==I2C1)
 251              		.loc 1 94 3 view .LVU65
 252              		.loc 1 94 15 is_stmt 0 view .LVU66
 253 0000 0268     		ldr	r2, [r0]
 254              		.loc 1 94 5 view .LVU67
 255 0002 0B4B     		ldr	r3, .L24
 256 0004 9A42     		cmp	r2, r3
 257 0006 00D0     		beq	.L23
 258 0008 7047     		bx	lr
 259              	.L23:
  92:Core/Src/i2c.c **** 
 260              		.loc 1 92 1 view .LVU68
 261 000a 10B5     		push	{r4, lr}
 262              	.LCFI5:
 263              		.cfi_def_cfa_offset 8
 264              		.cfi_offset 4, -8
 265              		.cfi_offset 14, -4
  95:Core/Src/i2c.c ****   {
  96:Core/Src/i2c.c ****   /* USER CODE BEGIN I2C1_MspDeInit 0 */
  97:Core/Src/i2c.c **** 
  98:Core/Src/i2c.c ****   /* USER CODE END I2C1_MspDeInit 0 */
  99:Core/Src/i2c.c ****     /* Peripheral clock disable */
 100:Core/Src/i2c.c ****     __HAL_RCC_I2C1_CLK_DISABLE();
 266              		.loc 1 100 5 is_stmt 1 view .LVU69
 267 000c 094A     		ldr	r2, .L24+4
 268 000e D2F8E830 		ldr	r3, [r2, #232]
 269 0012 23F40013 		bic	r3, r3, #2097152
 270 0016 C2F8E830 		str	r3, [r2, #232]
 101:Core/Src/i2c.c **** 
 102:Core/Src/i2c.c ****     /**I2C1 GPIO Configuration
 103:Core/Src/i2c.c ****     PB6     ------> I2C1_SCL
 104:Core/Src/i2c.c ****     PB7     ------> I2C1_SDA
 105:Core/Src/i2c.c ****     */
 106:Core/Src/i2c.c ****     HAL_GPIO_DeInit(GPIOB, GPIO_PIN_6);
 271              		.loc 1 106 5 view .LVU70
 272 001a 074C     		ldr	r4, .L24+8
ARM GAS  /tmp/ccQTBaWu.s 			page 8


 273 001c 4021     		movs	r1, #64
 274 001e 2046     		mov	r0, r4
 275              	.LVL12:
 276              		.loc 1 106 5 is_stmt 0 view .LVU71
 277 0020 FFF7FEFF 		bl	HAL_GPIO_DeInit
 278              	.LVL13:
 107:Core/Src/i2c.c **** 
 108:Core/Src/i2c.c ****     HAL_GPIO_DeInit(GPIOB, GPIO_PIN_7);
 279              		.loc 1 108 5 is_stmt 1 view .LVU72
 280 0024 8021     		movs	r1, #128
 281 0026 2046     		mov	r0, r4
 282 0028 FFF7FEFF 		bl	HAL_GPIO_DeInit
 283              	.LVL14:
 109:Core/Src/i2c.c **** 
 110:Core/Src/i2c.c ****   /* USER CODE BEGIN I2C1_MspDeInit 1 */
 111:Core/Src/i2c.c **** 
 112:Core/Src/i2c.c ****   /* USER CODE END I2C1_MspDeInit 1 */
 113:Core/Src/i2c.c ****   }
 114:Core/Src/i2c.c **** }
 284              		.loc 1 114 1 is_stmt 0 view .LVU73
 285 002c 10BD     		pop	{r4, pc}
 286              	.L25:
 287 002e 00BF     		.align	2
 288              	.L24:
 289 0030 00540040 		.word	1073763328
 290 0034 00440258 		.word	1476543488
 291 0038 00040258 		.word	1476527104
 292              		.cfi_endproc
 293              	.LFE330:
 295              		.global	hi2c1
 296              		.section	.bss.hi2c1,"aw",%nobits
 297              		.align	2
 300              	hi2c1:
 301 0000 00000000 		.space	76
 301      00000000 
 301      00000000 
 301      00000000 
 301      00000000 
 302              		.text
 303              	.Letext0:
 304              		.file 2 "/home/jyko/Embedded/arm-gnu-toolchain-13.2.rel1-x86_64-arm-none-eabi/arm-none-eabi/includ
 305              		.file 3 "/home/jyko/Embedded/arm-gnu-toolchain-13.2.rel1-x86_64-arm-none-eabi/arm-none-eabi/includ
 306              		.file 4 "Drivers/CMSIS/Device/ST/STM32H7xx/Include/stm32h743xx.h"
 307              		.file 5 "Drivers/STM32H7xx_HAL_Driver/Inc/stm32h7xx_hal_def.h"
 308              		.file 6 "Drivers/STM32H7xx_HAL_Driver/Inc/stm32h7xx_hal_gpio.h"
 309              		.file 7 "Drivers/STM32H7xx_HAL_Driver/Inc/stm32h7xx_hal_dma.h"
 310              		.file 8 "Drivers/STM32H7xx_HAL_Driver/Inc/stm32h7xx_hal_i2c.h"
 311              		.file 9 "Drivers/STM32H7xx_HAL_Driver/Inc/stm32h7xx_hal_i2c_ex.h"
 312              		.file 10 "Core/Inc/i2c.h"
 313              		.file 11 "Core/Inc/main.h"
ARM GAS  /tmp/ccQTBaWu.s 			page 9


DEFINED SYMBOLS
                            *ABS*:00000000 i2c.c
     /tmp/ccQTBaWu.s:20     .text.MX_I2C1_Init:00000000 $t
     /tmp/ccQTBaWu.s:26     .text.MX_I2C1_Init:00000000 MX_I2C1_Init
     /tmp/ccQTBaWu.s:118    .text.MX_I2C1_Init:00000058 $d
     /tmp/ccQTBaWu.s:300    .bss.hi2c1:00000000 hi2c1
     /tmp/ccQTBaWu.s:124    .text.HAL_I2C_MspInit:00000000 $t
     /tmp/ccQTBaWu.s:130    .text.HAL_I2C_MspInit:00000000 HAL_I2C_MspInit
     /tmp/ccQTBaWu.s:231    .text.HAL_I2C_MspInit:00000064 $d
     /tmp/ccQTBaWu.s:238    .text.HAL_I2C_MspDeInit:00000000 $t
     /tmp/ccQTBaWu.s:244    .text.HAL_I2C_MspDeInit:00000000 HAL_I2C_MspDeInit
     /tmp/ccQTBaWu.s:289    .text.HAL_I2C_MspDeInit:00000030 $d
     /tmp/ccQTBaWu.s:297    .bss.hi2c1:00000000 $d

UNDEFINED SYMBOLS
HAL_I2C_Init
HAL_I2CEx_ConfigAnalogFilter
HAL_I2CEx_ConfigDigitalFilter
Error_Handler
HAL_GPIO_Init
HAL_GPIO_DeInit
