ARM GAS  /tmp/cc7JRsEo.s 			page 1


   1              		.cpu cortex-m7
   2              		.arch armv7e-m
   3              		.fpu fpv5-d16
   4              		.eabi_attribute 28, 1
   5              		.eabi_attribute 20, 1
   6              		.eabi_attribute 21, 1
   7              		.eabi_attribute 23, 3
   8              		.eabi_attribute 24, 1
   9              		.eabi_attribute 25, 1
  10              		.eabi_attribute 26, 1
  11              		.eabi_attribute 30, 1
  12              		.eabi_attribute 34, 1
  13              		.eabi_attribute 18, 4
  14              		.file	"stm32h7xx_hal_i2c_ex.c"
  15              		.text
  16              	.Ltext0:
  17              		.cfi_sections	.debug_frame
  18              		.file 1 "Drivers/STM32H7xx_HAL_Driver/Src/stm32h7xx_hal_i2c_ex.c"
  19              		.section	.text.HAL_I2CEx_ConfigAnalogFilter,"ax",%progbits
  20              		.align	1
  21              		.global	HAL_I2CEx_ConfigAnalogFilter
  22              		.syntax unified
  23              		.thumb
  24              		.thumb_func
  26              	HAL_I2CEx_ConfigAnalogFilter:
  27              	.LVL0:
  28              	.LFB328:
   1:Drivers/STM32H7xx_HAL_Driver/Src/stm32h7xx_hal_i2c_ex.c **** /**
   2:Drivers/STM32H7xx_HAL_Driver/Src/stm32h7xx_hal_i2c_ex.c ****   ******************************************************************************
   3:Drivers/STM32H7xx_HAL_Driver/Src/stm32h7xx_hal_i2c_ex.c ****   * @file    stm32h7xx_hal_i2c_ex.c
   4:Drivers/STM32H7xx_HAL_Driver/Src/stm32h7xx_hal_i2c_ex.c ****   * @author  MCD Application Team
   5:Drivers/STM32H7xx_HAL_Driver/Src/stm32h7xx_hal_i2c_ex.c ****   * @brief   I2C Extended HAL module driver.
   6:Drivers/STM32H7xx_HAL_Driver/Src/stm32h7xx_hal_i2c_ex.c ****   *          This file provides firmware functions to manage the following
   7:Drivers/STM32H7xx_HAL_Driver/Src/stm32h7xx_hal_i2c_ex.c ****   *          functionalities of I2C Extended peripheral:
   8:Drivers/STM32H7xx_HAL_Driver/Src/stm32h7xx_hal_i2c_ex.c ****   *           + Extended features functions
   9:Drivers/STM32H7xx_HAL_Driver/Src/stm32h7xx_hal_i2c_ex.c ****   *
  10:Drivers/STM32H7xx_HAL_Driver/Src/stm32h7xx_hal_i2c_ex.c ****   @verbatim
  11:Drivers/STM32H7xx_HAL_Driver/Src/stm32h7xx_hal_i2c_ex.c ****   ==============================================================================
  12:Drivers/STM32H7xx_HAL_Driver/Src/stm32h7xx_hal_i2c_ex.c ****                ##### I2C peripheral Extended features  #####
  13:Drivers/STM32H7xx_HAL_Driver/Src/stm32h7xx_hal_i2c_ex.c ****   ==============================================================================
  14:Drivers/STM32H7xx_HAL_Driver/Src/stm32h7xx_hal_i2c_ex.c **** 
  15:Drivers/STM32H7xx_HAL_Driver/Src/stm32h7xx_hal_i2c_ex.c ****   [..] Comparing to other previous devices, the I2C interface for STM32H7xx
  16:Drivers/STM32H7xx_HAL_Driver/Src/stm32h7xx_hal_i2c_ex.c ****        devices contains the following additional features
  17:Drivers/STM32H7xx_HAL_Driver/Src/stm32h7xx_hal_i2c_ex.c **** 
  18:Drivers/STM32H7xx_HAL_Driver/Src/stm32h7xx_hal_i2c_ex.c ****        (+) Possibility to disable or enable Analog Noise Filter
  19:Drivers/STM32H7xx_HAL_Driver/Src/stm32h7xx_hal_i2c_ex.c ****        (+) Use of a configured Digital Noise Filter
  20:Drivers/STM32H7xx_HAL_Driver/Src/stm32h7xx_hal_i2c_ex.c ****        (+) Disable or enable wakeup from Stop mode(s)
  21:Drivers/STM32H7xx_HAL_Driver/Src/stm32h7xx_hal_i2c_ex.c ****        (+) Disable or enable Fast Mode Plus
  22:Drivers/STM32H7xx_HAL_Driver/Src/stm32h7xx_hal_i2c_ex.c **** 
  23:Drivers/STM32H7xx_HAL_Driver/Src/stm32h7xx_hal_i2c_ex.c ****                      ##### How to use this driver #####
  24:Drivers/STM32H7xx_HAL_Driver/Src/stm32h7xx_hal_i2c_ex.c ****   ==============================================================================
  25:Drivers/STM32H7xx_HAL_Driver/Src/stm32h7xx_hal_i2c_ex.c ****   [..] This driver provides functions to configure Noise Filter and Wake Up Feature
  26:Drivers/STM32H7xx_HAL_Driver/Src/stm32h7xx_hal_i2c_ex.c ****     (#) Configure I2C Analog noise filter using the function HAL_I2CEx_ConfigAnalogFilter()
  27:Drivers/STM32H7xx_HAL_Driver/Src/stm32h7xx_hal_i2c_ex.c ****     (#) Configure I2C Digital noise filter using the function HAL_I2CEx_ConfigDigitalFilter()
  28:Drivers/STM32H7xx_HAL_Driver/Src/stm32h7xx_hal_i2c_ex.c ****     (#) Configure the enable or disable of I2C Wake Up Mode using the functions :
  29:Drivers/STM32H7xx_HAL_Driver/Src/stm32h7xx_hal_i2c_ex.c ****           (++) HAL_I2CEx_EnableWakeUp()
  30:Drivers/STM32H7xx_HAL_Driver/Src/stm32h7xx_hal_i2c_ex.c ****           (++) HAL_I2CEx_DisableWakeUp()
ARM GAS  /tmp/cc7JRsEo.s 			page 2


  31:Drivers/STM32H7xx_HAL_Driver/Src/stm32h7xx_hal_i2c_ex.c ****     (#) Configure the enable or disable of fast mode plus driving capability using the functions :
  32:Drivers/STM32H7xx_HAL_Driver/Src/stm32h7xx_hal_i2c_ex.c ****           (++) HAL_I2CEx_EnableFastModePlus()
  33:Drivers/STM32H7xx_HAL_Driver/Src/stm32h7xx_hal_i2c_ex.c ****           (++) HAL_I2CEx_DisableFastModePlus()
  34:Drivers/STM32H7xx_HAL_Driver/Src/stm32h7xx_hal_i2c_ex.c ****   @endverbatim
  35:Drivers/STM32H7xx_HAL_Driver/Src/stm32h7xx_hal_i2c_ex.c ****   ******************************************************************************
  36:Drivers/STM32H7xx_HAL_Driver/Src/stm32h7xx_hal_i2c_ex.c ****   * @attention
  37:Drivers/STM32H7xx_HAL_Driver/Src/stm32h7xx_hal_i2c_ex.c ****   *
  38:Drivers/STM32H7xx_HAL_Driver/Src/stm32h7xx_hal_i2c_ex.c ****   * <h2><center>&copy; Copyright (c) 2017 STMicroelectronics.
  39:Drivers/STM32H7xx_HAL_Driver/Src/stm32h7xx_hal_i2c_ex.c ****   * All rights reserved.</center></h2>
  40:Drivers/STM32H7xx_HAL_Driver/Src/stm32h7xx_hal_i2c_ex.c ****   *
  41:Drivers/STM32H7xx_HAL_Driver/Src/stm32h7xx_hal_i2c_ex.c ****   * This software component is licensed by ST under BSD 3-Clause license,
  42:Drivers/STM32H7xx_HAL_Driver/Src/stm32h7xx_hal_i2c_ex.c ****   * the "License"; You may not use this file except in compliance with the
  43:Drivers/STM32H7xx_HAL_Driver/Src/stm32h7xx_hal_i2c_ex.c ****   * License. You may obtain a copy of the License at:
  44:Drivers/STM32H7xx_HAL_Driver/Src/stm32h7xx_hal_i2c_ex.c ****   *                        opensource.org/licenses/BSD-3-Clause
  45:Drivers/STM32H7xx_HAL_Driver/Src/stm32h7xx_hal_i2c_ex.c ****   *
  46:Drivers/STM32H7xx_HAL_Driver/Src/stm32h7xx_hal_i2c_ex.c ****   ******************************************************************************
  47:Drivers/STM32H7xx_HAL_Driver/Src/stm32h7xx_hal_i2c_ex.c ****   */
  48:Drivers/STM32H7xx_HAL_Driver/Src/stm32h7xx_hal_i2c_ex.c **** 
  49:Drivers/STM32H7xx_HAL_Driver/Src/stm32h7xx_hal_i2c_ex.c **** /* Includes ------------------------------------------------------------------*/
  50:Drivers/STM32H7xx_HAL_Driver/Src/stm32h7xx_hal_i2c_ex.c **** #include "stm32h7xx_hal.h"
  51:Drivers/STM32H7xx_HAL_Driver/Src/stm32h7xx_hal_i2c_ex.c **** 
  52:Drivers/STM32H7xx_HAL_Driver/Src/stm32h7xx_hal_i2c_ex.c **** /** @addtogroup STM32H7xx_HAL_Driver
  53:Drivers/STM32H7xx_HAL_Driver/Src/stm32h7xx_hal_i2c_ex.c ****   * @{
  54:Drivers/STM32H7xx_HAL_Driver/Src/stm32h7xx_hal_i2c_ex.c ****   */
  55:Drivers/STM32H7xx_HAL_Driver/Src/stm32h7xx_hal_i2c_ex.c **** 
  56:Drivers/STM32H7xx_HAL_Driver/Src/stm32h7xx_hal_i2c_ex.c **** /** @defgroup I2CEx I2CEx
  57:Drivers/STM32H7xx_HAL_Driver/Src/stm32h7xx_hal_i2c_ex.c ****   * @brief I2C Extended HAL module driver
  58:Drivers/STM32H7xx_HAL_Driver/Src/stm32h7xx_hal_i2c_ex.c ****   * @{
  59:Drivers/STM32H7xx_HAL_Driver/Src/stm32h7xx_hal_i2c_ex.c ****   */
  60:Drivers/STM32H7xx_HAL_Driver/Src/stm32h7xx_hal_i2c_ex.c **** 
  61:Drivers/STM32H7xx_HAL_Driver/Src/stm32h7xx_hal_i2c_ex.c **** #ifdef HAL_I2C_MODULE_ENABLED
  62:Drivers/STM32H7xx_HAL_Driver/Src/stm32h7xx_hal_i2c_ex.c **** 
  63:Drivers/STM32H7xx_HAL_Driver/Src/stm32h7xx_hal_i2c_ex.c **** /* Private typedef -----------------------------------------------------------*/
  64:Drivers/STM32H7xx_HAL_Driver/Src/stm32h7xx_hal_i2c_ex.c **** /* Private define ------------------------------------------------------------*/
  65:Drivers/STM32H7xx_HAL_Driver/Src/stm32h7xx_hal_i2c_ex.c **** /* Private macro -------------------------------------------------------------*/
  66:Drivers/STM32H7xx_HAL_Driver/Src/stm32h7xx_hal_i2c_ex.c **** /* Private variables ---------------------------------------------------------*/
  67:Drivers/STM32H7xx_HAL_Driver/Src/stm32h7xx_hal_i2c_ex.c **** /* Private function prototypes -----------------------------------------------*/
  68:Drivers/STM32H7xx_HAL_Driver/Src/stm32h7xx_hal_i2c_ex.c **** /* Private functions ---------------------------------------------------------*/
  69:Drivers/STM32H7xx_HAL_Driver/Src/stm32h7xx_hal_i2c_ex.c **** 
  70:Drivers/STM32H7xx_HAL_Driver/Src/stm32h7xx_hal_i2c_ex.c **** /** @defgroup I2CEx_Exported_Functions I2C Extended Exported Functions
  71:Drivers/STM32H7xx_HAL_Driver/Src/stm32h7xx_hal_i2c_ex.c ****   * @{
  72:Drivers/STM32H7xx_HAL_Driver/Src/stm32h7xx_hal_i2c_ex.c ****   */
  73:Drivers/STM32H7xx_HAL_Driver/Src/stm32h7xx_hal_i2c_ex.c **** 
  74:Drivers/STM32H7xx_HAL_Driver/Src/stm32h7xx_hal_i2c_ex.c **** /** @defgroup I2CEx_Exported_Functions_Group1 Extended features functions
  75:Drivers/STM32H7xx_HAL_Driver/Src/stm32h7xx_hal_i2c_ex.c ****   * @brief    Extended features functions
  76:Drivers/STM32H7xx_HAL_Driver/Src/stm32h7xx_hal_i2c_ex.c ****  *
  77:Drivers/STM32H7xx_HAL_Driver/Src/stm32h7xx_hal_i2c_ex.c **** @verbatim
  78:Drivers/STM32H7xx_HAL_Driver/Src/stm32h7xx_hal_i2c_ex.c ****  ===============================================================================
  79:Drivers/STM32H7xx_HAL_Driver/Src/stm32h7xx_hal_i2c_ex.c ****                       ##### Extended features functions #####
  80:Drivers/STM32H7xx_HAL_Driver/Src/stm32h7xx_hal_i2c_ex.c ****  ===============================================================================
  81:Drivers/STM32H7xx_HAL_Driver/Src/stm32h7xx_hal_i2c_ex.c ****     [..] This section provides functions allowing to:
  82:Drivers/STM32H7xx_HAL_Driver/Src/stm32h7xx_hal_i2c_ex.c ****       (+) Configure Noise Filters
  83:Drivers/STM32H7xx_HAL_Driver/Src/stm32h7xx_hal_i2c_ex.c ****       (+) Configure Wake Up Feature
  84:Drivers/STM32H7xx_HAL_Driver/Src/stm32h7xx_hal_i2c_ex.c ****       (+) Configure Fast Mode Plus
  85:Drivers/STM32H7xx_HAL_Driver/Src/stm32h7xx_hal_i2c_ex.c **** 
  86:Drivers/STM32H7xx_HAL_Driver/Src/stm32h7xx_hal_i2c_ex.c **** @endverbatim
  87:Drivers/STM32H7xx_HAL_Driver/Src/stm32h7xx_hal_i2c_ex.c ****   * @{
ARM GAS  /tmp/cc7JRsEo.s 			page 3


  88:Drivers/STM32H7xx_HAL_Driver/Src/stm32h7xx_hal_i2c_ex.c ****   */
  89:Drivers/STM32H7xx_HAL_Driver/Src/stm32h7xx_hal_i2c_ex.c **** 
  90:Drivers/STM32H7xx_HAL_Driver/Src/stm32h7xx_hal_i2c_ex.c **** /**
  91:Drivers/STM32H7xx_HAL_Driver/Src/stm32h7xx_hal_i2c_ex.c ****   * @brief  Configure I2C Analog noise filter.
  92:Drivers/STM32H7xx_HAL_Driver/Src/stm32h7xx_hal_i2c_ex.c ****   * @param  hi2c Pointer to a I2C_HandleTypeDef structure that contains
  93:Drivers/STM32H7xx_HAL_Driver/Src/stm32h7xx_hal_i2c_ex.c ****   *                the configuration information for the specified I2Cx peripheral.
  94:Drivers/STM32H7xx_HAL_Driver/Src/stm32h7xx_hal_i2c_ex.c ****   * @param  AnalogFilter New state of the Analog filter.
  95:Drivers/STM32H7xx_HAL_Driver/Src/stm32h7xx_hal_i2c_ex.c ****   * @retval HAL status
  96:Drivers/STM32H7xx_HAL_Driver/Src/stm32h7xx_hal_i2c_ex.c ****   */
  97:Drivers/STM32H7xx_HAL_Driver/Src/stm32h7xx_hal_i2c_ex.c **** HAL_StatusTypeDef HAL_I2CEx_ConfigAnalogFilter(I2C_HandleTypeDef *hi2c, uint32_t AnalogFilter)
  98:Drivers/STM32H7xx_HAL_Driver/Src/stm32h7xx_hal_i2c_ex.c **** {
  29              		.loc 1 98 1 view -0
  30              		.cfi_startproc
  31              		@ args = 0, pretend = 0, frame = 0
  32              		@ frame_needed = 0, uses_anonymous_args = 0
  33              		@ link register save eliminated.
  34              		.loc 1 98 1 is_stmt 0 view .LVU1
  35 0000 0346     		mov	r3, r0
  99:Drivers/STM32H7xx_HAL_Driver/Src/stm32h7xx_hal_i2c_ex.c ****   /* Check the parameters */
 100:Drivers/STM32H7xx_HAL_Driver/Src/stm32h7xx_hal_i2c_ex.c ****   assert_param(IS_I2C_ALL_INSTANCE(hi2c->Instance));
  36              		.loc 1 100 3 is_stmt 1 view .LVU2
 101:Drivers/STM32H7xx_HAL_Driver/Src/stm32h7xx_hal_i2c_ex.c ****   assert_param(IS_I2C_ANALOG_FILTER(AnalogFilter));
  37              		.loc 1 101 3 view .LVU3
 102:Drivers/STM32H7xx_HAL_Driver/Src/stm32h7xx_hal_i2c_ex.c **** 
 103:Drivers/STM32H7xx_HAL_Driver/Src/stm32h7xx_hal_i2c_ex.c ****   if (hi2c->State == HAL_I2C_STATE_READY)
  38              		.loc 1 103 3 view .LVU4
  39              		.loc 1 103 11 is_stmt 0 view .LVU5
  40 0002 90F84120 		ldrb	r2, [r0, #65]	@ zero_extendqisi2
  41 0006 D2B2     		uxtb	r2, r2
  42              		.loc 1 103 6 view .LVU6
  43 0008 202A     		cmp	r2, #32
  44 000a 23D1     		bne	.L3
 104:Drivers/STM32H7xx_HAL_Driver/Src/stm32h7xx_hal_i2c_ex.c ****   {
 105:Drivers/STM32H7xx_HAL_Driver/Src/stm32h7xx_hal_i2c_ex.c ****     /* Process Locked */
 106:Drivers/STM32H7xx_HAL_Driver/Src/stm32h7xx_hal_i2c_ex.c ****     __HAL_LOCK(hi2c);
  45              		.loc 1 106 5 is_stmt 1 view .LVU7
  46              		.loc 1 106 5 view .LVU8
  47 000c 90F84020 		ldrb	r2, [r0, #64]	@ zero_extendqisi2
  48 0010 012A     		cmp	r2, #1
  49 0012 21D0     		beq	.L4
  50              		.loc 1 106 5 discriminator 2 view .LVU9
  51 0014 0122     		movs	r2, #1
  52 0016 80F84020 		strb	r2, [r0, #64]
  53              		.loc 1 106 5 discriminator 2 view .LVU10
 107:Drivers/STM32H7xx_HAL_Driver/Src/stm32h7xx_hal_i2c_ex.c **** 
 108:Drivers/STM32H7xx_HAL_Driver/Src/stm32h7xx_hal_i2c_ex.c ****     hi2c->State = HAL_I2C_STATE_BUSY;
  54              		.loc 1 108 5 discriminator 2 view .LVU11
  55              		.loc 1 108 17 is_stmt 0 discriminator 2 view .LVU12
  56 001a 2422     		movs	r2, #36
  57 001c 80F84120 		strb	r2, [r0, #65]
 109:Drivers/STM32H7xx_HAL_Driver/Src/stm32h7xx_hal_i2c_ex.c **** 
 110:Drivers/STM32H7xx_HAL_Driver/Src/stm32h7xx_hal_i2c_ex.c ****     /* Disable the selected I2C peripheral */
 111:Drivers/STM32H7xx_HAL_Driver/Src/stm32h7xx_hal_i2c_ex.c ****     __HAL_I2C_DISABLE(hi2c);
  58              		.loc 1 111 5 is_stmt 1 discriminator 2 view .LVU13
  59 0020 0068     		ldr	r0, [r0]
  60              	.LVL1:
  61              		.loc 1 111 5 is_stmt 0 discriminator 2 view .LVU14
ARM GAS  /tmp/cc7JRsEo.s 			page 4


  62 0022 0268     		ldr	r2, [r0]
  63 0024 22F00102 		bic	r2, r2, #1
  64 0028 0260     		str	r2, [r0]
 112:Drivers/STM32H7xx_HAL_Driver/Src/stm32h7xx_hal_i2c_ex.c **** 
 113:Drivers/STM32H7xx_HAL_Driver/Src/stm32h7xx_hal_i2c_ex.c ****     /* Reset I2Cx ANOFF bit */
 114:Drivers/STM32H7xx_HAL_Driver/Src/stm32h7xx_hal_i2c_ex.c ****     hi2c->Instance->CR1 &= ~(I2C_CR1_ANFOFF);
  65              		.loc 1 114 5 is_stmt 1 discriminator 2 view .LVU15
  66              		.loc 1 114 9 is_stmt 0 discriminator 2 view .LVU16
  67 002a 1868     		ldr	r0, [r3]
  68              		.loc 1 114 19 discriminator 2 view .LVU17
  69 002c 0268     		ldr	r2, [r0]
  70              		.loc 1 114 25 discriminator 2 view .LVU18
  71 002e 22F48052 		bic	r2, r2, #4096
  72 0032 0260     		str	r2, [r0]
 115:Drivers/STM32H7xx_HAL_Driver/Src/stm32h7xx_hal_i2c_ex.c **** 
 116:Drivers/STM32H7xx_HAL_Driver/Src/stm32h7xx_hal_i2c_ex.c ****     /* Set analog filter bit*/
 117:Drivers/STM32H7xx_HAL_Driver/Src/stm32h7xx_hal_i2c_ex.c ****     hi2c->Instance->CR1 |= AnalogFilter;
  73              		.loc 1 117 5 is_stmt 1 discriminator 2 view .LVU19
  74              		.loc 1 117 9 is_stmt 0 discriminator 2 view .LVU20
  75 0034 1868     		ldr	r0, [r3]
  76              		.loc 1 117 19 discriminator 2 view .LVU21
  77 0036 0268     		ldr	r2, [r0]
  78              		.loc 1 117 25 discriminator 2 view .LVU22
  79 0038 1143     		orrs	r1, r1, r2
  80              	.LVL2:
  81              		.loc 1 117 25 discriminator 2 view .LVU23
  82 003a 0160     		str	r1, [r0]
 118:Drivers/STM32H7xx_HAL_Driver/Src/stm32h7xx_hal_i2c_ex.c **** 
 119:Drivers/STM32H7xx_HAL_Driver/Src/stm32h7xx_hal_i2c_ex.c ****     __HAL_I2C_ENABLE(hi2c);
  83              		.loc 1 119 5 is_stmt 1 discriminator 2 view .LVU24
  84 003c 1968     		ldr	r1, [r3]
  85 003e 0A68     		ldr	r2, [r1]
  86 0040 42F00102 		orr	r2, r2, #1
  87 0044 0A60     		str	r2, [r1]
 120:Drivers/STM32H7xx_HAL_Driver/Src/stm32h7xx_hal_i2c_ex.c **** 
 121:Drivers/STM32H7xx_HAL_Driver/Src/stm32h7xx_hal_i2c_ex.c ****     hi2c->State = HAL_I2C_STATE_READY;
  88              		.loc 1 121 5 discriminator 2 view .LVU25
  89              		.loc 1 121 17 is_stmt 0 discriminator 2 view .LVU26
  90 0046 2022     		movs	r2, #32
  91 0048 83F84120 		strb	r2, [r3, #65]
 122:Drivers/STM32H7xx_HAL_Driver/Src/stm32h7xx_hal_i2c_ex.c **** 
 123:Drivers/STM32H7xx_HAL_Driver/Src/stm32h7xx_hal_i2c_ex.c ****     /* Process Unlocked */
 124:Drivers/STM32H7xx_HAL_Driver/Src/stm32h7xx_hal_i2c_ex.c ****     __HAL_UNLOCK(hi2c);
  92              		.loc 1 124 5 is_stmt 1 discriminator 2 view .LVU27
  93              		.loc 1 124 5 discriminator 2 view .LVU28
  94 004c 0020     		movs	r0, #0
  95 004e 83F84000 		strb	r0, [r3, #64]
  96              		.loc 1 124 5 discriminator 2 view .LVU29
 125:Drivers/STM32H7xx_HAL_Driver/Src/stm32h7xx_hal_i2c_ex.c **** 
 126:Drivers/STM32H7xx_HAL_Driver/Src/stm32h7xx_hal_i2c_ex.c ****     return HAL_OK;
  97              		.loc 1 126 5 discriminator 2 view .LVU30
  98              		.loc 1 126 12 is_stmt 0 discriminator 2 view .LVU31
  99 0052 7047     		bx	lr
 100              	.LVL3:
 101              	.L3:
 127:Drivers/STM32H7xx_HAL_Driver/Src/stm32h7xx_hal_i2c_ex.c ****   }
 128:Drivers/STM32H7xx_HAL_Driver/Src/stm32h7xx_hal_i2c_ex.c ****   else
ARM GAS  /tmp/cc7JRsEo.s 			page 5


 129:Drivers/STM32H7xx_HAL_Driver/Src/stm32h7xx_hal_i2c_ex.c ****   {
 130:Drivers/STM32H7xx_HAL_Driver/Src/stm32h7xx_hal_i2c_ex.c ****     return HAL_BUSY;
 102              		.loc 1 130 12 view .LVU32
 103 0054 0220     		movs	r0, #2
 104              	.LVL4:
 105              		.loc 1 130 12 view .LVU33
 106 0056 7047     		bx	lr
 107              	.LVL5:
 108              	.L4:
 106:Drivers/STM32H7xx_HAL_Driver/Src/stm32h7xx_hal_i2c_ex.c **** 
 109              		.loc 1 106 5 view .LVU34
 110 0058 0220     		movs	r0, #2
 111              	.LVL6:
 131:Drivers/STM32H7xx_HAL_Driver/Src/stm32h7xx_hal_i2c_ex.c ****   }
 132:Drivers/STM32H7xx_HAL_Driver/Src/stm32h7xx_hal_i2c_ex.c **** }
 112              		.loc 1 132 1 view .LVU35
 113 005a 7047     		bx	lr
 114              		.cfi_endproc
 115              	.LFE328:
 117              		.section	.text.HAL_I2CEx_ConfigDigitalFilter,"ax",%progbits
 118              		.align	1
 119              		.global	HAL_I2CEx_ConfigDigitalFilter
 120              		.syntax unified
 121              		.thumb
 122              		.thumb_func
 124              	HAL_I2CEx_ConfigDigitalFilter:
 125              	.LVL7:
 126              	.LFB329:
 133:Drivers/STM32H7xx_HAL_Driver/Src/stm32h7xx_hal_i2c_ex.c **** 
 134:Drivers/STM32H7xx_HAL_Driver/Src/stm32h7xx_hal_i2c_ex.c **** /**
 135:Drivers/STM32H7xx_HAL_Driver/Src/stm32h7xx_hal_i2c_ex.c ****   * @brief  Configure I2C Digital noise filter.
 136:Drivers/STM32H7xx_HAL_Driver/Src/stm32h7xx_hal_i2c_ex.c ****   * @param  hi2c Pointer to a I2C_HandleTypeDef structure that contains
 137:Drivers/STM32H7xx_HAL_Driver/Src/stm32h7xx_hal_i2c_ex.c ****   *                the configuration information for the specified I2Cx peripheral.
 138:Drivers/STM32H7xx_HAL_Driver/Src/stm32h7xx_hal_i2c_ex.c ****   * @param  DigitalFilter Coefficient of digital noise filter between Min_Data=0x00 and Max_Data=0x
 139:Drivers/STM32H7xx_HAL_Driver/Src/stm32h7xx_hal_i2c_ex.c ****   * @retval HAL status
 140:Drivers/STM32H7xx_HAL_Driver/Src/stm32h7xx_hal_i2c_ex.c ****   */
 141:Drivers/STM32H7xx_HAL_Driver/Src/stm32h7xx_hal_i2c_ex.c **** HAL_StatusTypeDef HAL_I2CEx_ConfigDigitalFilter(I2C_HandleTypeDef *hi2c, uint32_t DigitalFilter)
 142:Drivers/STM32H7xx_HAL_Driver/Src/stm32h7xx_hal_i2c_ex.c **** {
 127              		.loc 1 142 1 is_stmt 1 view -0
 128              		.cfi_startproc
 129              		@ args = 0, pretend = 0, frame = 0
 130              		@ frame_needed = 0, uses_anonymous_args = 0
 131              		@ link register save eliminated.
 132              		.loc 1 142 1 is_stmt 0 view .LVU37
 133 0000 0346     		mov	r3, r0
 143:Drivers/STM32H7xx_HAL_Driver/Src/stm32h7xx_hal_i2c_ex.c ****   uint32_t tmpreg;
 134              		.loc 1 143 3 is_stmt 1 view .LVU38
 144:Drivers/STM32H7xx_HAL_Driver/Src/stm32h7xx_hal_i2c_ex.c **** 
 145:Drivers/STM32H7xx_HAL_Driver/Src/stm32h7xx_hal_i2c_ex.c ****   /* Check the parameters */
 146:Drivers/STM32H7xx_HAL_Driver/Src/stm32h7xx_hal_i2c_ex.c ****   assert_param(IS_I2C_ALL_INSTANCE(hi2c->Instance));
 135              		.loc 1 146 3 view .LVU39
 147:Drivers/STM32H7xx_HAL_Driver/Src/stm32h7xx_hal_i2c_ex.c ****   assert_param(IS_I2C_DIGITAL_FILTER(DigitalFilter));
 136              		.loc 1 147 3 view .LVU40
 148:Drivers/STM32H7xx_HAL_Driver/Src/stm32h7xx_hal_i2c_ex.c **** 
 149:Drivers/STM32H7xx_HAL_Driver/Src/stm32h7xx_hal_i2c_ex.c ****   if (hi2c->State == HAL_I2C_STATE_READY)
 137              		.loc 1 149 3 view .LVU41
 138              		.loc 1 149 11 is_stmt 0 view .LVU42
ARM GAS  /tmp/cc7JRsEo.s 			page 6


 139 0002 90F84120 		ldrb	r2, [r0, #65]	@ zero_extendqisi2
 140 0006 D2B2     		uxtb	r2, r2
 141              		.loc 1 149 6 view .LVU43
 142 0008 202A     		cmp	r2, #32
 143 000a 21D1     		bne	.L7
 150:Drivers/STM32H7xx_HAL_Driver/Src/stm32h7xx_hal_i2c_ex.c ****   {
 151:Drivers/STM32H7xx_HAL_Driver/Src/stm32h7xx_hal_i2c_ex.c ****     /* Process Locked */
 152:Drivers/STM32H7xx_HAL_Driver/Src/stm32h7xx_hal_i2c_ex.c ****     __HAL_LOCK(hi2c);
 144              		.loc 1 152 5 is_stmt 1 view .LVU44
 145              		.loc 1 152 5 view .LVU45
 146 000c 90F84020 		ldrb	r2, [r0, #64]	@ zero_extendqisi2
 147 0010 012A     		cmp	r2, #1
 148 0012 1FD0     		beq	.L8
 149              		.loc 1 152 5 discriminator 2 view .LVU46
 150 0014 0122     		movs	r2, #1
 151 0016 80F84020 		strb	r2, [r0, #64]
 152              		.loc 1 152 5 discriminator 2 view .LVU47
 153:Drivers/STM32H7xx_HAL_Driver/Src/stm32h7xx_hal_i2c_ex.c **** 
 154:Drivers/STM32H7xx_HAL_Driver/Src/stm32h7xx_hal_i2c_ex.c ****     hi2c->State = HAL_I2C_STATE_BUSY;
 153              		.loc 1 154 5 discriminator 2 view .LVU48
 154              		.loc 1 154 17 is_stmt 0 discriminator 2 view .LVU49
 155 001a 2422     		movs	r2, #36
 156 001c 80F84120 		strb	r2, [r0, #65]
 155:Drivers/STM32H7xx_HAL_Driver/Src/stm32h7xx_hal_i2c_ex.c **** 
 156:Drivers/STM32H7xx_HAL_Driver/Src/stm32h7xx_hal_i2c_ex.c ****     /* Disable the selected I2C peripheral */
 157:Drivers/STM32H7xx_HAL_Driver/Src/stm32h7xx_hal_i2c_ex.c ****     __HAL_I2C_DISABLE(hi2c);
 157              		.loc 1 157 5 is_stmt 1 discriminator 2 view .LVU50
 158 0020 0068     		ldr	r0, [r0]
 159              	.LVL8:
 160              		.loc 1 157 5 is_stmt 0 discriminator 2 view .LVU51
 161 0022 0268     		ldr	r2, [r0]
 162 0024 22F00102 		bic	r2, r2, #1
 163 0028 0260     		str	r2, [r0]
 158:Drivers/STM32H7xx_HAL_Driver/Src/stm32h7xx_hal_i2c_ex.c **** 
 159:Drivers/STM32H7xx_HAL_Driver/Src/stm32h7xx_hal_i2c_ex.c ****     /* Get the old register value */
 160:Drivers/STM32H7xx_HAL_Driver/Src/stm32h7xx_hal_i2c_ex.c ****     tmpreg = hi2c->Instance->CR1;
 164              		.loc 1 160 5 is_stmt 1 discriminator 2 view .LVU52
 165              		.loc 1 160 18 is_stmt 0 discriminator 2 view .LVU53
 166 002a 1868     		ldr	r0, [r3]
 167              		.loc 1 160 12 discriminator 2 view .LVU54
 168 002c 0268     		ldr	r2, [r0]
 169              	.LVL9:
 161:Drivers/STM32H7xx_HAL_Driver/Src/stm32h7xx_hal_i2c_ex.c **** 
 162:Drivers/STM32H7xx_HAL_Driver/Src/stm32h7xx_hal_i2c_ex.c ****     /* Reset I2Cx DNF bits [11:8] */
 163:Drivers/STM32H7xx_HAL_Driver/Src/stm32h7xx_hal_i2c_ex.c ****     tmpreg &= ~(I2C_CR1_DNF);
 170              		.loc 1 163 5 is_stmt 1 discriminator 2 view .LVU55
 171              		.loc 1 163 12 is_stmt 0 discriminator 2 view .LVU56
 172 002e 22F47062 		bic	r2, r2, #3840
 173              	.LVL10:
 164:Drivers/STM32H7xx_HAL_Driver/Src/stm32h7xx_hal_i2c_ex.c **** 
 165:Drivers/STM32H7xx_HAL_Driver/Src/stm32h7xx_hal_i2c_ex.c ****     /* Set I2Cx DNF coefficient */
 166:Drivers/STM32H7xx_HAL_Driver/Src/stm32h7xx_hal_i2c_ex.c ****     tmpreg |= DigitalFilter << 8U;
 174              		.loc 1 166 5 is_stmt 1 discriminator 2 view .LVU57
 175              		.loc 1 166 12 is_stmt 0 discriminator 2 view .LVU58
 176 0032 42EA0122 		orr	r2, r2, r1, lsl #8
 177              	.LVL11:
 167:Drivers/STM32H7xx_HAL_Driver/Src/stm32h7xx_hal_i2c_ex.c **** 
ARM GAS  /tmp/cc7JRsEo.s 			page 7


 168:Drivers/STM32H7xx_HAL_Driver/Src/stm32h7xx_hal_i2c_ex.c ****     /* Store the new register value */
 169:Drivers/STM32H7xx_HAL_Driver/Src/stm32h7xx_hal_i2c_ex.c ****     hi2c->Instance->CR1 = tmpreg;
 178              		.loc 1 169 5 is_stmt 1 discriminator 2 view .LVU59
 179              		.loc 1 169 25 is_stmt 0 discriminator 2 view .LVU60
 180 0036 0260     		str	r2, [r0]
 170:Drivers/STM32H7xx_HAL_Driver/Src/stm32h7xx_hal_i2c_ex.c **** 
 171:Drivers/STM32H7xx_HAL_Driver/Src/stm32h7xx_hal_i2c_ex.c ****     __HAL_I2C_ENABLE(hi2c);
 181              		.loc 1 171 5 is_stmt 1 discriminator 2 view .LVU61
 182 0038 1968     		ldr	r1, [r3]
 183              	.LVL12:
 184              		.loc 1 171 5 is_stmt 0 discriminator 2 view .LVU62
 185 003a 0A68     		ldr	r2, [r1]
 186              	.LVL13:
 187              		.loc 1 171 5 discriminator 2 view .LVU63
 188 003c 42F00102 		orr	r2, r2, #1
 189 0040 0A60     		str	r2, [r1]
 190              	.LVL14:
 172:Drivers/STM32H7xx_HAL_Driver/Src/stm32h7xx_hal_i2c_ex.c **** 
 173:Drivers/STM32H7xx_HAL_Driver/Src/stm32h7xx_hal_i2c_ex.c ****     hi2c->State = HAL_I2C_STATE_READY;
 191              		.loc 1 173 5 is_stmt 1 discriminator 2 view .LVU64
 192              		.loc 1 173 17 is_stmt 0 discriminator 2 view .LVU65
 193 0042 2022     		movs	r2, #32
 194 0044 83F84120 		strb	r2, [r3, #65]
 174:Drivers/STM32H7xx_HAL_Driver/Src/stm32h7xx_hal_i2c_ex.c **** 
 175:Drivers/STM32H7xx_HAL_Driver/Src/stm32h7xx_hal_i2c_ex.c ****     /* Process Unlocked */
 176:Drivers/STM32H7xx_HAL_Driver/Src/stm32h7xx_hal_i2c_ex.c ****     __HAL_UNLOCK(hi2c);
 195              		.loc 1 176 5 is_stmt 1 discriminator 2 view .LVU66
 196              		.loc 1 176 5 discriminator 2 view .LVU67
 197 0048 0020     		movs	r0, #0
 198 004a 83F84000 		strb	r0, [r3, #64]
 199              		.loc 1 176 5 discriminator 2 view .LVU68
 177:Drivers/STM32H7xx_HAL_Driver/Src/stm32h7xx_hal_i2c_ex.c **** 
 178:Drivers/STM32H7xx_HAL_Driver/Src/stm32h7xx_hal_i2c_ex.c ****     return HAL_OK;
 200              		.loc 1 178 5 discriminator 2 view .LVU69
 201              		.loc 1 178 12 is_stmt 0 discriminator 2 view .LVU70
 202 004e 7047     		bx	lr
 203              	.LVL15:
 204              	.L7:
 179:Drivers/STM32H7xx_HAL_Driver/Src/stm32h7xx_hal_i2c_ex.c ****   }
 180:Drivers/STM32H7xx_HAL_Driver/Src/stm32h7xx_hal_i2c_ex.c ****   else
 181:Drivers/STM32H7xx_HAL_Driver/Src/stm32h7xx_hal_i2c_ex.c ****   {
 182:Drivers/STM32H7xx_HAL_Driver/Src/stm32h7xx_hal_i2c_ex.c ****     return HAL_BUSY;
 205              		.loc 1 182 12 view .LVU71
 206 0050 0220     		movs	r0, #2
 207              	.LVL16:
 208              		.loc 1 182 12 view .LVU72
 209 0052 7047     		bx	lr
 210              	.LVL17:
 211              	.L8:
 152:Drivers/STM32H7xx_HAL_Driver/Src/stm32h7xx_hal_i2c_ex.c **** 
 212              		.loc 1 152 5 view .LVU73
 213 0054 0220     		movs	r0, #2
 214              	.LVL18:
 183:Drivers/STM32H7xx_HAL_Driver/Src/stm32h7xx_hal_i2c_ex.c ****   }
 184:Drivers/STM32H7xx_HAL_Driver/Src/stm32h7xx_hal_i2c_ex.c **** }
 215              		.loc 1 184 1 view .LVU74
 216 0056 7047     		bx	lr
ARM GAS  /tmp/cc7JRsEo.s 			page 8


 217              		.cfi_endproc
 218              	.LFE329:
 220              		.section	.text.HAL_I2CEx_EnableWakeUp,"ax",%progbits
 221              		.align	1
 222              		.global	HAL_I2CEx_EnableWakeUp
 223              		.syntax unified
 224              		.thumb
 225              		.thumb_func
 227              	HAL_I2CEx_EnableWakeUp:
 228              	.LVL19:
 229              	.LFB330:
 185:Drivers/STM32H7xx_HAL_Driver/Src/stm32h7xx_hal_i2c_ex.c **** 
 186:Drivers/STM32H7xx_HAL_Driver/Src/stm32h7xx_hal_i2c_ex.c **** /**
 187:Drivers/STM32H7xx_HAL_Driver/Src/stm32h7xx_hal_i2c_ex.c ****   * @brief  Enable I2C wakeup from Stop mode(s).
 188:Drivers/STM32H7xx_HAL_Driver/Src/stm32h7xx_hal_i2c_ex.c ****   * @param  hi2c Pointer to a I2C_HandleTypeDef structure that contains
 189:Drivers/STM32H7xx_HAL_Driver/Src/stm32h7xx_hal_i2c_ex.c ****   *                the configuration information for the specified I2Cx peripheral.
 190:Drivers/STM32H7xx_HAL_Driver/Src/stm32h7xx_hal_i2c_ex.c ****   * @retval HAL status
 191:Drivers/STM32H7xx_HAL_Driver/Src/stm32h7xx_hal_i2c_ex.c ****   */
 192:Drivers/STM32H7xx_HAL_Driver/Src/stm32h7xx_hal_i2c_ex.c **** HAL_StatusTypeDef HAL_I2CEx_EnableWakeUp(I2C_HandleTypeDef *hi2c)
 193:Drivers/STM32H7xx_HAL_Driver/Src/stm32h7xx_hal_i2c_ex.c **** {
 230              		.loc 1 193 1 is_stmt 1 view -0
 231              		.cfi_startproc
 232              		@ args = 0, pretend = 0, frame = 0
 233              		@ frame_needed = 0, uses_anonymous_args = 0
 234              		@ link register save eliminated.
 235              		.loc 1 193 1 is_stmt 0 view .LVU76
 236 0000 0346     		mov	r3, r0
 194:Drivers/STM32H7xx_HAL_Driver/Src/stm32h7xx_hal_i2c_ex.c ****   /* Check the parameters */
 195:Drivers/STM32H7xx_HAL_Driver/Src/stm32h7xx_hal_i2c_ex.c ****   assert_param(IS_I2C_WAKEUP_FROMSTOP_INSTANCE(hi2c->Instance));
 237              		.loc 1 195 3 is_stmt 1 view .LVU77
 196:Drivers/STM32H7xx_HAL_Driver/Src/stm32h7xx_hal_i2c_ex.c **** 
 197:Drivers/STM32H7xx_HAL_Driver/Src/stm32h7xx_hal_i2c_ex.c ****   if (hi2c->State == HAL_I2C_STATE_READY)
 238              		.loc 1 197 3 view .LVU78
 239              		.loc 1 197 11 is_stmt 0 view .LVU79
 240 0002 90F84120 		ldrb	r2, [r0, #65]	@ zero_extendqisi2
 241 0006 D2B2     		uxtb	r2, r2
 242              		.loc 1 197 6 view .LVU80
 243 0008 202A     		cmp	r2, #32
 244 000a 1FD1     		bne	.L11
 198:Drivers/STM32H7xx_HAL_Driver/Src/stm32h7xx_hal_i2c_ex.c ****   {
 199:Drivers/STM32H7xx_HAL_Driver/Src/stm32h7xx_hal_i2c_ex.c ****     /* Process Locked */
 200:Drivers/STM32H7xx_HAL_Driver/Src/stm32h7xx_hal_i2c_ex.c ****     __HAL_LOCK(hi2c);
 245              		.loc 1 200 5 is_stmt 1 view .LVU81
 246              		.loc 1 200 5 view .LVU82
 247 000c 90F84020 		ldrb	r2, [r0, #64]	@ zero_extendqisi2
 248 0010 012A     		cmp	r2, #1
 249 0012 1DD0     		beq	.L12
 250              		.loc 1 200 5 discriminator 2 view .LVU83
 251 0014 0122     		movs	r2, #1
 252 0016 80F84020 		strb	r2, [r0, #64]
 253              		.loc 1 200 5 discriminator 2 view .LVU84
 201:Drivers/STM32H7xx_HAL_Driver/Src/stm32h7xx_hal_i2c_ex.c **** 
 202:Drivers/STM32H7xx_HAL_Driver/Src/stm32h7xx_hal_i2c_ex.c ****     hi2c->State = HAL_I2C_STATE_BUSY;
 254              		.loc 1 202 5 discriminator 2 view .LVU85
 255              		.loc 1 202 17 is_stmt 0 discriminator 2 view .LVU86
 256 001a 2422     		movs	r2, #36
 257 001c 80F84120 		strb	r2, [r0, #65]
ARM GAS  /tmp/cc7JRsEo.s 			page 9


 203:Drivers/STM32H7xx_HAL_Driver/Src/stm32h7xx_hal_i2c_ex.c **** 
 204:Drivers/STM32H7xx_HAL_Driver/Src/stm32h7xx_hal_i2c_ex.c ****     /* Disable the selected I2C peripheral */
 205:Drivers/STM32H7xx_HAL_Driver/Src/stm32h7xx_hal_i2c_ex.c ****     __HAL_I2C_DISABLE(hi2c);
 258              		.loc 1 205 5 is_stmt 1 discriminator 2 view .LVU87
 259 0020 0168     		ldr	r1, [r0]
 260 0022 0A68     		ldr	r2, [r1]
 261 0024 22F00102 		bic	r2, r2, #1
 262 0028 0A60     		str	r2, [r1]
 206:Drivers/STM32H7xx_HAL_Driver/Src/stm32h7xx_hal_i2c_ex.c **** 
 207:Drivers/STM32H7xx_HAL_Driver/Src/stm32h7xx_hal_i2c_ex.c ****     /* Enable wakeup from stop mode */
 208:Drivers/STM32H7xx_HAL_Driver/Src/stm32h7xx_hal_i2c_ex.c ****     hi2c->Instance->CR1 |= I2C_CR1_WUPEN;
 263              		.loc 1 208 5 discriminator 2 view .LVU88
 264              		.loc 1 208 9 is_stmt 0 discriminator 2 view .LVU89
 265 002a 0168     		ldr	r1, [r0]
 266              		.loc 1 208 19 discriminator 2 view .LVU90
 267 002c 0A68     		ldr	r2, [r1]
 268              		.loc 1 208 25 discriminator 2 view .LVU91
 269 002e 42F48022 		orr	r2, r2, #262144
 270 0032 0A60     		str	r2, [r1]
 209:Drivers/STM32H7xx_HAL_Driver/Src/stm32h7xx_hal_i2c_ex.c **** 
 210:Drivers/STM32H7xx_HAL_Driver/Src/stm32h7xx_hal_i2c_ex.c ****     __HAL_I2C_ENABLE(hi2c);
 271              		.loc 1 210 5 is_stmt 1 discriminator 2 view .LVU92
 272 0034 0168     		ldr	r1, [r0]
 273 0036 0A68     		ldr	r2, [r1]
 274 0038 42F00102 		orr	r2, r2, #1
 275 003c 0A60     		str	r2, [r1]
 211:Drivers/STM32H7xx_HAL_Driver/Src/stm32h7xx_hal_i2c_ex.c **** 
 212:Drivers/STM32H7xx_HAL_Driver/Src/stm32h7xx_hal_i2c_ex.c ****     hi2c->State = HAL_I2C_STATE_READY;
 276              		.loc 1 212 5 discriminator 2 view .LVU93
 277              		.loc 1 212 17 is_stmt 0 discriminator 2 view .LVU94
 278 003e 2022     		movs	r2, #32
 279 0040 80F84120 		strb	r2, [r0, #65]
 213:Drivers/STM32H7xx_HAL_Driver/Src/stm32h7xx_hal_i2c_ex.c **** 
 214:Drivers/STM32H7xx_HAL_Driver/Src/stm32h7xx_hal_i2c_ex.c ****     /* Process Unlocked */
 215:Drivers/STM32H7xx_HAL_Driver/Src/stm32h7xx_hal_i2c_ex.c ****     __HAL_UNLOCK(hi2c);
 280              		.loc 1 215 5 is_stmt 1 discriminator 2 view .LVU95
 281              		.loc 1 215 5 discriminator 2 view .LVU96
 282 0044 0020     		movs	r0, #0
 283              	.LVL20:
 284              		.loc 1 215 5 is_stmt 0 discriminator 2 view .LVU97
 285 0046 83F84000 		strb	r0, [r3, #64]
 286              		.loc 1 215 5 is_stmt 1 discriminator 2 view .LVU98
 216:Drivers/STM32H7xx_HAL_Driver/Src/stm32h7xx_hal_i2c_ex.c **** 
 217:Drivers/STM32H7xx_HAL_Driver/Src/stm32h7xx_hal_i2c_ex.c ****     return HAL_OK;
 287              		.loc 1 217 5 discriminator 2 view .LVU99
 288              		.loc 1 217 12 is_stmt 0 discriminator 2 view .LVU100
 289 004a 7047     		bx	lr
 290              	.LVL21:
 291              	.L11:
 218:Drivers/STM32H7xx_HAL_Driver/Src/stm32h7xx_hal_i2c_ex.c ****   }
 219:Drivers/STM32H7xx_HAL_Driver/Src/stm32h7xx_hal_i2c_ex.c ****   else
 220:Drivers/STM32H7xx_HAL_Driver/Src/stm32h7xx_hal_i2c_ex.c ****   {
 221:Drivers/STM32H7xx_HAL_Driver/Src/stm32h7xx_hal_i2c_ex.c ****     return HAL_BUSY;
 292              		.loc 1 221 12 view .LVU101
 293 004c 0220     		movs	r0, #2
 294              	.LVL22:
 295              		.loc 1 221 12 view .LVU102
ARM GAS  /tmp/cc7JRsEo.s 			page 10


 296 004e 7047     		bx	lr
 297              	.LVL23:
 298              	.L12:
 200:Drivers/STM32H7xx_HAL_Driver/Src/stm32h7xx_hal_i2c_ex.c **** 
 299              		.loc 1 200 5 view .LVU103
 300 0050 0220     		movs	r0, #2
 301              	.LVL24:
 222:Drivers/STM32H7xx_HAL_Driver/Src/stm32h7xx_hal_i2c_ex.c ****   }
 223:Drivers/STM32H7xx_HAL_Driver/Src/stm32h7xx_hal_i2c_ex.c **** }
 302              		.loc 1 223 1 view .LVU104
 303 0052 7047     		bx	lr
 304              		.cfi_endproc
 305              	.LFE330:
 307              		.section	.text.HAL_I2CEx_DisableWakeUp,"ax",%progbits
 308              		.align	1
 309              		.global	HAL_I2CEx_DisableWakeUp
 310              		.syntax unified
 311              		.thumb
 312              		.thumb_func
 314              	HAL_I2CEx_DisableWakeUp:
 315              	.LVL25:
 316              	.LFB331:
 224:Drivers/STM32H7xx_HAL_Driver/Src/stm32h7xx_hal_i2c_ex.c **** 
 225:Drivers/STM32H7xx_HAL_Driver/Src/stm32h7xx_hal_i2c_ex.c **** /**
 226:Drivers/STM32H7xx_HAL_Driver/Src/stm32h7xx_hal_i2c_ex.c ****   * @brief  Disable I2C wakeup from Stop mode(s).
 227:Drivers/STM32H7xx_HAL_Driver/Src/stm32h7xx_hal_i2c_ex.c ****   * @param  hi2c Pointer to a I2C_HandleTypeDef structure that contains
 228:Drivers/STM32H7xx_HAL_Driver/Src/stm32h7xx_hal_i2c_ex.c ****   *                the configuration information for the specified I2Cx peripheral.
 229:Drivers/STM32H7xx_HAL_Driver/Src/stm32h7xx_hal_i2c_ex.c ****   * @retval HAL status
 230:Drivers/STM32H7xx_HAL_Driver/Src/stm32h7xx_hal_i2c_ex.c ****   */
 231:Drivers/STM32H7xx_HAL_Driver/Src/stm32h7xx_hal_i2c_ex.c **** HAL_StatusTypeDef HAL_I2CEx_DisableWakeUp(I2C_HandleTypeDef *hi2c)
 232:Drivers/STM32H7xx_HAL_Driver/Src/stm32h7xx_hal_i2c_ex.c **** {
 317              		.loc 1 232 1 is_stmt 1 view -0
 318              		.cfi_startproc
 319              		@ args = 0, pretend = 0, frame = 0
 320              		@ frame_needed = 0, uses_anonymous_args = 0
 321              		@ link register save eliminated.
 322              		.loc 1 232 1 is_stmt 0 view .LVU106
 323 0000 0346     		mov	r3, r0
 233:Drivers/STM32H7xx_HAL_Driver/Src/stm32h7xx_hal_i2c_ex.c ****   /* Check the parameters */
 234:Drivers/STM32H7xx_HAL_Driver/Src/stm32h7xx_hal_i2c_ex.c ****   assert_param(IS_I2C_WAKEUP_FROMSTOP_INSTANCE(hi2c->Instance));
 324              		.loc 1 234 3 is_stmt 1 view .LVU107
 235:Drivers/STM32H7xx_HAL_Driver/Src/stm32h7xx_hal_i2c_ex.c **** 
 236:Drivers/STM32H7xx_HAL_Driver/Src/stm32h7xx_hal_i2c_ex.c ****   if (hi2c->State == HAL_I2C_STATE_READY)
 325              		.loc 1 236 3 view .LVU108
 326              		.loc 1 236 11 is_stmt 0 view .LVU109
 327 0002 90F84120 		ldrb	r2, [r0, #65]	@ zero_extendqisi2
 328 0006 D2B2     		uxtb	r2, r2
 329              		.loc 1 236 6 view .LVU110
 330 0008 202A     		cmp	r2, #32
 331 000a 1FD1     		bne	.L15
 237:Drivers/STM32H7xx_HAL_Driver/Src/stm32h7xx_hal_i2c_ex.c ****   {
 238:Drivers/STM32H7xx_HAL_Driver/Src/stm32h7xx_hal_i2c_ex.c ****     /* Process Locked */
 239:Drivers/STM32H7xx_HAL_Driver/Src/stm32h7xx_hal_i2c_ex.c ****     __HAL_LOCK(hi2c);
 332              		.loc 1 239 5 is_stmt 1 view .LVU111
 333              		.loc 1 239 5 view .LVU112
 334 000c 90F84020 		ldrb	r2, [r0, #64]	@ zero_extendqisi2
 335 0010 012A     		cmp	r2, #1
ARM GAS  /tmp/cc7JRsEo.s 			page 11


 336 0012 1DD0     		beq	.L16
 337              		.loc 1 239 5 discriminator 2 view .LVU113
 338 0014 0122     		movs	r2, #1
 339 0016 80F84020 		strb	r2, [r0, #64]
 340              		.loc 1 239 5 discriminator 2 view .LVU114
 240:Drivers/STM32H7xx_HAL_Driver/Src/stm32h7xx_hal_i2c_ex.c **** 
 241:Drivers/STM32H7xx_HAL_Driver/Src/stm32h7xx_hal_i2c_ex.c ****     hi2c->State = HAL_I2C_STATE_BUSY;
 341              		.loc 1 241 5 discriminator 2 view .LVU115
 342              		.loc 1 241 17 is_stmt 0 discriminator 2 view .LVU116
 343 001a 2422     		movs	r2, #36
 344 001c 80F84120 		strb	r2, [r0, #65]
 242:Drivers/STM32H7xx_HAL_Driver/Src/stm32h7xx_hal_i2c_ex.c **** 
 243:Drivers/STM32H7xx_HAL_Driver/Src/stm32h7xx_hal_i2c_ex.c ****     /* Disable the selected I2C peripheral */
 244:Drivers/STM32H7xx_HAL_Driver/Src/stm32h7xx_hal_i2c_ex.c ****     __HAL_I2C_DISABLE(hi2c);
 345              		.loc 1 244 5 is_stmt 1 discriminator 2 view .LVU117
 346 0020 0168     		ldr	r1, [r0]
 347 0022 0A68     		ldr	r2, [r1]
 348 0024 22F00102 		bic	r2, r2, #1
 349 0028 0A60     		str	r2, [r1]
 245:Drivers/STM32H7xx_HAL_Driver/Src/stm32h7xx_hal_i2c_ex.c **** 
 246:Drivers/STM32H7xx_HAL_Driver/Src/stm32h7xx_hal_i2c_ex.c ****     /* Enable wakeup from stop mode */
 247:Drivers/STM32H7xx_HAL_Driver/Src/stm32h7xx_hal_i2c_ex.c ****     hi2c->Instance->CR1 &= ~(I2C_CR1_WUPEN);
 350              		.loc 1 247 5 discriminator 2 view .LVU118
 351              		.loc 1 247 9 is_stmt 0 discriminator 2 view .LVU119
 352 002a 0168     		ldr	r1, [r0]
 353              		.loc 1 247 19 discriminator 2 view .LVU120
 354 002c 0A68     		ldr	r2, [r1]
 355              		.loc 1 247 25 discriminator 2 view .LVU121
 356 002e 22F48022 		bic	r2, r2, #262144
 357 0032 0A60     		str	r2, [r1]
 248:Drivers/STM32H7xx_HAL_Driver/Src/stm32h7xx_hal_i2c_ex.c **** 
 249:Drivers/STM32H7xx_HAL_Driver/Src/stm32h7xx_hal_i2c_ex.c ****     __HAL_I2C_ENABLE(hi2c);
 358              		.loc 1 249 5 is_stmt 1 discriminator 2 view .LVU122
 359 0034 0168     		ldr	r1, [r0]
 360 0036 0A68     		ldr	r2, [r1]
 361 0038 42F00102 		orr	r2, r2, #1
 362 003c 0A60     		str	r2, [r1]
 250:Drivers/STM32H7xx_HAL_Driver/Src/stm32h7xx_hal_i2c_ex.c **** 
 251:Drivers/STM32H7xx_HAL_Driver/Src/stm32h7xx_hal_i2c_ex.c ****     hi2c->State = HAL_I2C_STATE_READY;
 363              		.loc 1 251 5 discriminator 2 view .LVU123
 364              		.loc 1 251 17 is_stmt 0 discriminator 2 view .LVU124
 365 003e 2022     		movs	r2, #32
 366 0040 80F84120 		strb	r2, [r0, #65]
 252:Drivers/STM32H7xx_HAL_Driver/Src/stm32h7xx_hal_i2c_ex.c **** 
 253:Drivers/STM32H7xx_HAL_Driver/Src/stm32h7xx_hal_i2c_ex.c ****     /* Process Unlocked */
 254:Drivers/STM32H7xx_HAL_Driver/Src/stm32h7xx_hal_i2c_ex.c ****     __HAL_UNLOCK(hi2c);
 367              		.loc 1 254 5 is_stmt 1 discriminator 2 view .LVU125
 368              		.loc 1 254 5 discriminator 2 view .LVU126
 369 0044 0020     		movs	r0, #0
 370              	.LVL26:
 371              		.loc 1 254 5 is_stmt 0 discriminator 2 view .LVU127
 372 0046 83F84000 		strb	r0, [r3, #64]
 373              		.loc 1 254 5 is_stmt 1 discriminator 2 view .LVU128
 255:Drivers/STM32H7xx_HAL_Driver/Src/stm32h7xx_hal_i2c_ex.c **** 
 256:Drivers/STM32H7xx_HAL_Driver/Src/stm32h7xx_hal_i2c_ex.c ****     return HAL_OK;
 374              		.loc 1 256 5 discriminator 2 view .LVU129
 375              		.loc 1 256 12 is_stmt 0 discriminator 2 view .LVU130
ARM GAS  /tmp/cc7JRsEo.s 			page 12


 376 004a 7047     		bx	lr
 377              	.LVL27:
 378              	.L15:
 257:Drivers/STM32H7xx_HAL_Driver/Src/stm32h7xx_hal_i2c_ex.c ****   }
 258:Drivers/STM32H7xx_HAL_Driver/Src/stm32h7xx_hal_i2c_ex.c ****   else
 259:Drivers/STM32H7xx_HAL_Driver/Src/stm32h7xx_hal_i2c_ex.c ****   {
 260:Drivers/STM32H7xx_HAL_Driver/Src/stm32h7xx_hal_i2c_ex.c ****     return HAL_BUSY;
 379              		.loc 1 260 12 view .LVU131
 380 004c 0220     		movs	r0, #2
 381              	.LVL28:
 382              		.loc 1 260 12 view .LVU132
 383 004e 7047     		bx	lr
 384              	.LVL29:
 385              	.L16:
 239:Drivers/STM32H7xx_HAL_Driver/Src/stm32h7xx_hal_i2c_ex.c **** 
 386              		.loc 1 239 5 view .LVU133
 387 0050 0220     		movs	r0, #2
 388              	.LVL30:
 261:Drivers/STM32H7xx_HAL_Driver/Src/stm32h7xx_hal_i2c_ex.c ****   }
 262:Drivers/STM32H7xx_HAL_Driver/Src/stm32h7xx_hal_i2c_ex.c **** }
 389              		.loc 1 262 1 view .LVU134
 390 0052 7047     		bx	lr
 391              		.cfi_endproc
 392              	.LFE331:
 394              		.section	.text.HAL_I2CEx_EnableFastModePlus,"ax",%progbits
 395              		.align	1
 396              		.global	HAL_I2CEx_EnableFastModePlus
 397              		.syntax unified
 398              		.thumb
 399              		.thumb_func
 401              	HAL_I2CEx_EnableFastModePlus:
 402              	.LVL31:
 403              	.LFB332:
 263:Drivers/STM32H7xx_HAL_Driver/Src/stm32h7xx_hal_i2c_ex.c **** 
 264:Drivers/STM32H7xx_HAL_Driver/Src/stm32h7xx_hal_i2c_ex.c **** /**
 265:Drivers/STM32H7xx_HAL_Driver/Src/stm32h7xx_hal_i2c_ex.c ****   * @brief Enable the I2C fast mode plus driving capability.
 266:Drivers/STM32H7xx_HAL_Driver/Src/stm32h7xx_hal_i2c_ex.c ****   * @param ConfigFastModePlus Selects the pin.
 267:Drivers/STM32H7xx_HAL_Driver/Src/stm32h7xx_hal_i2c_ex.c ****   *   This parameter can be one of the @ref I2CEx_FastModePlus values
 268:Drivers/STM32H7xx_HAL_Driver/Src/stm32h7xx_hal_i2c_ex.c ****   * @note  For I2C1, fast mode plus driving capability can be enabled on all selected
 269:Drivers/STM32H7xx_HAL_Driver/Src/stm32h7xx_hal_i2c_ex.c ****   *        I2C1 pins using I2C_FASTMODEPLUS_I2C1 parameter or independently
 270:Drivers/STM32H7xx_HAL_Driver/Src/stm32h7xx_hal_i2c_ex.c ****   *        on each one of the following pins PB6, PB7, PB8 and PB9.
 271:Drivers/STM32H7xx_HAL_Driver/Src/stm32h7xx_hal_i2c_ex.c ****   * @note  For remaining I2C1 pins (PA14, PA15...) fast mode plus driving capability
 272:Drivers/STM32H7xx_HAL_Driver/Src/stm32h7xx_hal_i2c_ex.c ****   *        can be enabled only by using I2C_FASTMODEPLUS_I2C1 parameter.
 273:Drivers/STM32H7xx_HAL_Driver/Src/stm32h7xx_hal_i2c_ex.c ****   * @note  For all I2C2 pins fast mode plus driving capability can be enabled
 274:Drivers/STM32H7xx_HAL_Driver/Src/stm32h7xx_hal_i2c_ex.c ****   *        only by using I2C_FASTMODEPLUS_I2C2 parameter.
 275:Drivers/STM32H7xx_HAL_Driver/Src/stm32h7xx_hal_i2c_ex.c ****   * @note  For all I2C3 pins fast mode plus driving capability can be enabled
 276:Drivers/STM32H7xx_HAL_Driver/Src/stm32h7xx_hal_i2c_ex.c ****   *        only by using I2C_FASTMODEPLUS_I2C3 parameter.
 277:Drivers/STM32H7xx_HAL_Driver/Src/stm32h7xx_hal_i2c_ex.c ****   * @note  For all I2C4 pins fast mode plus driving capability can be enabled
 278:Drivers/STM32H7xx_HAL_Driver/Src/stm32h7xx_hal_i2c_ex.c ****   *        only by using I2C_FASTMODEPLUS_I2C4 parameter.
 279:Drivers/STM32H7xx_HAL_Driver/Src/stm32h7xx_hal_i2c_ex.c ****   * @note  For all I2C5 pins fast mode plus driving capability can be enabled
 280:Drivers/STM32H7xx_HAL_Driver/Src/stm32h7xx_hal_i2c_ex.c ****   *        only by using I2C_FASTMODEPLUS_I2C5 parameter.
 281:Drivers/STM32H7xx_HAL_Driver/Src/stm32h7xx_hal_i2c_ex.c ****   * @retval None
 282:Drivers/STM32H7xx_HAL_Driver/Src/stm32h7xx_hal_i2c_ex.c ****   */
 283:Drivers/STM32H7xx_HAL_Driver/Src/stm32h7xx_hal_i2c_ex.c **** void HAL_I2CEx_EnableFastModePlus(uint32_t ConfigFastModePlus)
 284:Drivers/STM32H7xx_HAL_Driver/Src/stm32h7xx_hal_i2c_ex.c **** {
 404              		.loc 1 284 1 is_stmt 1 view -0
 405              		.cfi_startproc
ARM GAS  /tmp/cc7JRsEo.s 			page 13


 406              		@ args = 0, pretend = 0, frame = 8
 407              		@ frame_needed = 0, uses_anonymous_args = 0
 408              		@ link register save eliminated.
 409              		.loc 1 284 1 is_stmt 0 view .LVU136
 410 0000 82B0     		sub	sp, sp, #8
 411              	.LCFI0:
 412              		.cfi_def_cfa_offset 8
 285:Drivers/STM32H7xx_HAL_Driver/Src/stm32h7xx_hal_i2c_ex.c ****   /* Check the parameter */
 286:Drivers/STM32H7xx_HAL_Driver/Src/stm32h7xx_hal_i2c_ex.c ****   assert_param(IS_I2C_FASTMODEPLUS(ConfigFastModePlus));
 413              		.loc 1 286 3 is_stmt 1 view .LVU137
 287:Drivers/STM32H7xx_HAL_Driver/Src/stm32h7xx_hal_i2c_ex.c **** 
 288:Drivers/STM32H7xx_HAL_Driver/Src/stm32h7xx_hal_i2c_ex.c ****   /* Enable SYSCFG clock */
 289:Drivers/STM32H7xx_HAL_Driver/Src/stm32h7xx_hal_i2c_ex.c ****   __HAL_RCC_SYSCFG_CLK_ENABLE();
 414              		.loc 1 289 3 view .LVU138
 415              	.LBB2:
 416              		.loc 1 289 3 view .LVU139
 417              		.loc 1 289 3 view .LVU140
 418 0002 094B     		ldr	r3, .L19
 419 0004 D3F8F420 		ldr	r2, [r3, #244]
 420 0008 42F00202 		orr	r2, r2, #2
 421 000c C3F8F420 		str	r2, [r3, #244]
 422              		.loc 1 289 3 view .LVU141
 423 0010 D3F8F430 		ldr	r3, [r3, #244]
 424 0014 03F00203 		and	r3, r3, #2
 425 0018 0193     		str	r3, [sp, #4]
 426              		.loc 1 289 3 view .LVU142
 427 001a 019B     		ldr	r3, [sp, #4]
 428              	.LBE2:
 429              		.loc 1 289 3 view .LVU143
 290:Drivers/STM32H7xx_HAL_Driver/Src/stm32h7xx_hal_i2c_ex.c **** 
 291:Drivers/STM32H7xx_HAL_Driver/Src/stm32h7xx_hal_i2c_ex.c ****   /* Enable fast mode plus driving capability for selected pin */
 292:Drivers/STM32H7xx_HAL_Driver/Src/stm32h7xx_hal_i2c_ex.c ****   SET_BIT(SYSCFG->PMCR, (uint32_t)ConfigFastModePlus);
 430              		.loc 1 292 3 view .LVU144
 431 001c 034A     		ldr	r2, .L19+4
 432 001e 5368     		ldr	r3, [r2, #4]
 433 0020 0343     		orrs	r3, r3, r0
 434 0022 5360     		str	r3, [r2, #4]
 293:Drivers/STM32H7xx_HAL_Driver/Src/stm32h7xx_hal_i2c_ex.c **** }
 435              		.loc 1 293 1 is_stmt 0 view .LVU145
 436 0024 02B0     		add	sp, sp, #8
 437              	.LCFI1:
 438              		.cfi_def_cfa_offset 0
 439              		@ sp needed
 440 0026 7047     		bx	lr
 441              	.L20:
 442              		.align	2
 443              	.L19:
 444 0028 00440258 		.word	1476543488
 445 002c 00040058 		.word	1476396032
 446              		.cfi_endproc
 447              	.LFE332:
 449              		.section	.text.HAL_I2CEx_DisableFastModePlus,"ax",%progbits
 450              		.align	1
 451              		.global	HAL_I2CEx_DisableFastModePlus
 452              		.syntax unified
 453              		.thumb
 454              		.thumb_func
ARM GAS  /tmp/cc7JRsEo.s 			page 14


 456              	HAL_I2CEx_DisableFastModePlus:
 457              	.LVL32:
 458              	.LFB333:
 294:Drivers/STM32H7xx_HAL_Driver/Src/stm32h7xx_hal_i2c_ex.c **** 
 295:Drivers/STM32H7xx_HAL_Driver/Src/stm32h7xx_hal_i2c_ex.c **** /**
 296:Drivers/STM32H7xx_HAL_Driver/Src/stm32h7xx_hal_i2c_ex.c ****   * @brief Disable the I2C fast mode plus driving capability.
 297:Drivers/STM32H7xx_HAL_Driver/Src/stm32h7xx_hal_i2c_ex.c ****   * @param ConfigFastModePlus Selects the pin.
 298:Drivers/STM32H7xx_HAL_Driver/Src/stm32h7xx_hal_i2c_ex.c ****   *   This parameter can be one of the @ref I2CEx_FastModePlus values
 299:Drivers/STM32H7xx_HAL_Driver/Src/stm32h7xx_hal_i2c_ex.c ****   * @note  For I2C1, fast mode plus driving capability can be disabled on all selected
 300:Drivers/STM32H7xx_HAL_Driver/Src/stm32h7xx_hal_i2c_ex.c ****   *        I2C1 pins using I2C_FASTMODEPLUS_I2C1 parameter or independently
 301:Drivers/STM32H7xx_HAL_Driver/Src/stm32h7xx_hal_i2c_ex.c ****   *        on each one of the following pins PB6, PB7, PB8 and PB9.
 302:Drivers/STM32H7xx_HAL_Driver/Src/stm32h7xx_hal_i2c_ex.c ****   * @note  For remaining I2C1 pins (PA14, PA15...) fast mode plus driving capability
 303:Drivers/STM32H7xx_HAL_Driver/Src/stm32h7xx_hal_i2c_ex.c ****   *        can be disabled only by using I2C_FASTMODEPLUS_I2C1 parameter.
 304:Drivers/STM32H7xx_HAL_Driver/Src/stm32h7xx_hal_i2c_ex.c ****   * @note  For all I2C2 pins fast mode plus driving capability can be disabled
 305:Drivers/STM32H7xx_HAL_Driver/Src/stm32h7xx_hal_i2c_ex.c ****   *        only by using I2C_FASTMODEPLUS_I2C2 parameter.
 306:Drivers/STM32H7xx_HAL_Driver/Src/stm32h7xx_hal_i2c_ex.c ****   * @note  For all I2C3 pins fast mode plus driving capability can be disabled
 307:Drivers/STM32H7xx_HAL_Driver/Src/stm32h7xx_hal_i2c_ex.c ****   *        only by using I2C_FASTMODEPLUS_I2C3 parameter.
 308:Drivers/STM32H7xx_HAL_Driver/Src/stm32h7xx_hal_i2c_ex.c ****   * @note  For all I2C4 pins fast mode plus driving capability can be disabled
 309:Drivers/STM32H7xx_HAL_Driver/Src/stm32h7xx_hal_i2c_ex.c ****   *        only by using I2C_FASTMODEPLUS_I2C4 parameter.
 310:Drivers/STM32H7xx_HAL_Driver/Src/stm32h7xx_hal_i2c_ex.c ****   * @note  For all I2C5 pins fast mode plus driving capability can be disabled
 311:Drivers/STM32H7xx_HAL_Driver/Src/stm32h7xx_hal_i2c_ex.c ****   *        only by using I2C_FASTMODEPLUS_I2C5 parameter.
 312:Drivers/STM32H7xx_HAL_Driver/Src/stm32h7xx_hal_i2c_ex.c ****   * @retval None
 313:Drivers/STM32H7xx_HAL_Driver/Src/stm32h7xx_hal_i2c_ex.c ****   */
 314:Drivers/STM32H7xx_HAL_Driver/Src/stm32h7xx_hal_i2c_ex.c **** void HAL_I2CEx_DisableFastModePlus(uint32_t ConfigFastModePlus)
 315:Drivers/STM32H7xx_HAL_Driver/Src/stm32h7xx_hal_i2c_ex.c **** {
 459              		.loc 1 315 1 is_stmt 1 view -0
 460              		.cfi_startproc
 461              		@ args = 0, pretend = 0, frame = 8
 462              		@ frame_needed = 0, uses_anonymous_args = 0
 463              		@ link register save eliminated.
 464              		.loc 1 315 1 is_stmt 0 view .LVU147
 465 0000 82B0     		sub	sp, sp, #8
 466              	.LCFI2:
 467              		.cfi_def_cfa_offset 8
 316:Drivers/STM32H7xx_HAL_Driver/Src/stm32h7xx_hal_i2c_ex.c ****   /* Check the parameter */
 317:Drivers/STM32H7xx_HAL_Driver/Src/stm32h7xx_hal_i2c_ex.c ****   assert_param(IS_I2C_FASTMODEPLUS(ConfigFastModePlus));
 468              		.loc 1 317 3 is_stmt 1 view .LVU148
 318:Drivers/STM32H7xx_HAL_Driver/Src/stm32h7xx_hal_i2c_ex.c **** 
 319:Drivers/STM32H7xx_HAL_Driver/Src/stm32h7xx_hal_i2c_ex.c ****   /* Enable SYSCFG clock */
 320:Drivers/STM32H7xx_HAL_Driver/Src/stm32h7xx_hal_i2c_ex.c ****   __HAL_RCC_SYSCFG_CLK_ENABLE();
 469              		.loc 1 320 3 view .LVU149
 470              	.LBB3:
 471              		.loc 1 320 3 view .LVU150
 472              		.loc 1 320 3 view .LVU151
 473 0002 0A4B     		ldr	r3, .L23
 474 0004 D3F8F420 		ldr	r2, [r3, #244]
 475 0008 42F00202 		orr	r2, r2, #2
 476 000c C3F8F420 		str	r2, [r3, #244]
 477              		.loc 1 320 3 view .LVU152
 478 0010 D3F8F430 		ldr	r3, [r3, #244]
 479 0014 03F00203 		and	r3, r3, #2
 480 0018 0193     		str	r3, [sp, #4]
 481              		.loc 1 320 3 view .LVU153
 482 001a 019B     		ldr	r3, [sp, #4]
 483              	.LBE3:
 484              		.loc 1 320 3 view .LVU154
 321:Drivers/STM32H7xx_HAL_Driver/Src/stm32h7xx_hal_i2c_ex.c **** 
ARM GAS  /tmp/cc7JRsEo.s 			page 15


 322:Drivers/STM32H7xx_HAL_Driver/Src/stm32h7xx_hal_i2c_ex.c ****   /* Disable fast mode plus driving capability for selected pin */
 323:Drivers/STM32H7xx_HAL_Driver/Src/stm32h7xx_hal_i2c_ex.c ****   CLEAR_BIT(SYSCFG->PMCR, (uint32_t)ConfigFastModePlus);
 485              		.loc 1 323 3 view .LVU155
 486 001c 044A     		ldr	r2, .L23+4
 487 001e 5368     		ldr	r3, [r2, #4]
 488 0020 23EA0003 		bic	r3, r3, r0
 489 0024 5360     		str	r3, [r2, #4]
 324:Drivers/STM32H7xx_HAL_Driver/Src/stm32h7xx_hal_i2c_ex.c **** }
 490              		.loc 1 324 1 is_stmt 0 view .LVU156
 491 0026 02B0     		add	sp, sp, #8
 492              	.LCFI3:
 493              		.cfi_def_cfa_offset 0
 494              		@ sp needed
 495 0028 7047     		bx	lr
 496              	.L24:
 497 002a 00BF     		.align	2
 498              	.L23:
 499 002c 00440258 		.word	1476543488
 500 0030 00040058 		.word	1476396032
 501              		.cfi_endproc
 502              	.LFE333:
 504              		.text
 505              	.Letext0:
 506              		.file 2 "/home/jyko/Embedded/arm-gnu-toolchain-12.2.rel1-x86_64-arm-none-eabi/arm-none-eabi/includ
 507              		.file 3 "/home/jyko/Embedded/arm-gnu-toolchain-12.2.rel1-x86_64-arm-none-eabi/arm-none-eabi/includ
 508              		.file 4 "Drivers/CMSIS/Device/ST/STM32H7xx/Include/stm32h743xx.h"
 509              		.file 5 "Drivers/STM32H7xx_HAL_Driver/Inc/stm32h7xx_hal_def.h"
 510              		.file 6 "Drivers/STM32H7xx_HAL_Driver/Inc/stm32h7xx_hal_dma.h"
 511              		.file 7 "Drivers/STM32H7xx_HAL_Driver/Inc/stm32h7xx_hal_i2c.h"
ARM GAS  /tmp/cc7JRsEo.s 			page 16


DEFINED SYMBOLS
                            *ABS*:0000000000000000 stm32h7xx_hal_i2c_ex.c
     /tmp/cc7JRsEo.s:20     .text.HAL_I2CEx_ConfigAnalogFilter:0000000000000000 $t
     /tmp/cc7JRsEo.s:26     .text.HAL_I2CEx_ConfigAnalogFilter:0000000000000000 HAL_I2CEx_ConfigAnalogFilter
     /tmp/cc7JRsEo.s:118    .text.HAL_I2CEx_ConfigDigitalFilter:0000000000000000 $t
     /tmp/cc7JRsEo.s:124    .text.HAL_I2CEx_ConfigDigitalFilter:0000000000000000 HAL_I2CEx_ConfigDigitalFilter
     /tmp/cc7JRsEo.s:221    .text.HAL_I2CEx_EnableWakeUp:0000000000000000 $t
     /tmp/cc7JRsEo.s:227    .text.HAL_I2CEx_EnableWakeUp:0000000000000000 HAL_I2CEx_EnableWakeUp
     /tmp/cc7JRsEo.s:308    .text.HAL_I2CEx_DisableWakeUp:0000000000000000 $t
     /tmp/cc7JRsEo.s:314    .text.HAL_I2CEx_DisableWakeUp:0000000000000000 HAL_I2CEx_DisableWakeUp
     /tmp/cc7JRsEo.s:395    .text.HAL_I2CEx_EnableFastModePlus:0000000000000000 $t
     /tmp/cc7JRsEo.s:401    .text.HAL_I2CEx_EnableFastModePlus:0000000000000000 HAL_I2CEx_EnableFastModePlus
     /tmp/cc7JRsEo.s:444    .text.HAL_I2CEx_EnableFastModePlus:0000000000000028 $d
     /tmp/cc7JRsEo.s:450    .text.HAL_I2CEx_DisableFastModePlus:0000000000000000 $t
     /tmp/cc7JRsEo.s:456    .text.HAL_I2CEx_DisableFastModePlus:0000000000000000 HAL_I2CEx_DisableFastModePlus
     /tmp/cc7JRsEo.s:499    .text.HAL_I2CEx_DisableFastModePlus:000000000000002c $d

NO UNDEFINED SYMBOLS
