ARM GAS  /tmp/cc3aqgWV.s 			page 1


   1              		.cpu cortex-m7
   2              		.arch armv7e-m
   3              		.fpu fpv5-d16
   4              		.eabi_attribute 28, 1
   5              		.eabi_attribute 20, 1
   6              		.eabi_attribute 21, 1
   7              		.eabi_attribute 23, 3
   8              		.eabi_attribute 24, 1
   9              		.eabi_attribute 25, 1
  10              		.eabi_attribute 26, 1
  11              		.eabi_attribute 30, 1
  12              		.eabi_attribute 34, 1
  13              		.eabi_attribute 18, 4
  14              		.file	"usbh_ioreq.c"
  15              		.text
  16              	.Ltext0:
  17              		.cfi_sections	.debug_frame
  18              		.file 1 "Middlewares/ST/STM32_USB_Host_Library/Core/Src/usbh_ioreq.c"
  19              		.section	.text.USBH_CtlSendSetup,"ax",%progbits
  20              		.align	1
  21              		.global	USBH_CtlSendSetup
  22              		.syntax unified
  23              		.thumb
  24              		.thumb_func
  26              	USBH_CtlSendSetup:
  27              	.LVL0:
  28              	.LFB331:
   1:Middlewares/ST/STM32_USB_Host_Library/Core/Src/usbh_ioreq.c **** /**
   2:Middlewares/ST/STM32_USB_Host_Library/Core/Src/usbh_ioreq.c ****   ******************************************************************************
   3:Middlewares/ST/STM32_USB_Host_Library/Core/Src/usbh_ioreq.c ****   * @file    usbh_ioreq.c
   4:Middlewares/ST/STM32_USB_Host_Library/Core/Src/usbh_ioreq.c ****   * @author  MCD Application Team
   5:Middlewares/ST/STM32_USB_Host_Library/Core/Src/usbh_ioreq.c ****   * @brief   This file handles the issuing of the USB transactions
   6:Middlewares/ST/STM32_USB_Host_Library/Core/Src/usbh_ioreq.c ****   ******************************************************************************
   7:Middlewares/ST/STM32_USB_Host_Library/Core/Src/usbh_ioreq.c ****   * @attention
   8:Middlewares/ST/STM32_USB_Host_Library/Core/Src/usbh_ioreq.c ****   *
   9:Middlewares/ST/STM32_USB_Host_Library/Core/Src/usbh_ioreq.c ****   * <h2><center>&copy; Copyright (c) 2015 STMicroelectronics.
  10:Middlewares/ST/STM32_USB_Host_Library/Core/Src/usbh_ioreq.c ****   * All rights reserved.</center></h2>
  11:Middlewares/ST/STM32_USB_Host_Library/Core/Src/usbh_ioreq.c ****   *
  12:Middlewares/ST/STM32_USB_Host_Library/Core/Src/usbh_ioreq.c ****   * This software component is licensed by ST under Ultimate Liberty license
  13:Middlewares/ST/STM32_USB_Host_Library/Core/Src/usbh_ioreq.c ****   * SLA0044, the "License"; You may not use this file except in compliance with
  14:Middlewares/ST/STM32_USB_Host_Library/Core/Src/usbh_ioreq.c ****   * the License. You may obtain a copy of the License at:
  15:Middlewares/ST/STM32_USB_Host_Library/Core/Src/usbh_ioreq.c ****   *                      www.st.com/SLA0044
  16:Middlewares/ST/STM32_USB_Host_Library/Core/Src/usbh_ioreq.c ****   *
  17:Middlewares/ST/STM32_USB_Host_Library/Core/Src/usbh_ioreq.c ****   ******************************************************************************
  18:Middlewares/ST/STM32_USB_Host_Library/Core/Src/usbh_ioreq.c ****   */
  19:Middlewares/ST/STM32_USB_Host_Library/Core/Src/usbh_ioreq.c **** 
  20:Middlewares/ST/STM32_USB_Host_Library/Core/Src/usbh_ioreq.c **** /* Includes ------------------------------------------------------------------*/
  21:Middlewares/ST/STM32_USB_Host_Library/Core/Src/usbh_ioreq.c **** #include "usbh_ioreq.h"
  22:Middlewares/ST/STM32_USB_Host_Library/Core/Src/usbh_ioreq.c **** 
  23:Middlewares/ST/STM32_USB_Host_Library/Core/Src/usbh_ioreq.c **** /** @addtogroup USBH_LIB
  24:Middlewares/ST/STM32_USB_Host_Library/Core/Src/usbh_ioreq.c ****   * @{
  25:Middlewares/ST/STM32_USB_Host_Library/Core/Src/usbh_ioreq.c ****   */
  26:Middlewares/ST/STM32_USB_Host_Library/Core/Src/usbh_ioreq.c **** 
  27:Middlewares/ST/STM32_USB_Host_Library/Core/Src/usbh_ioreq.c **** /** @addtogroup USBH_LIB_CORE
  28:Middlewares/ST/STM32_USB_Host_Library/Core/Src/usbh_ioreq.c **** * @{
  29:Middlewares/ST/STM32_USB_Host_Library/Core/Src/usbh_ioreq.c **** */
  30:Middlewares/ST/STM32_USB_Host_Library/Core/Src/usbh_ioreq.c **** 
ARM GAS  /tmp/cc3aqgWV.s 			page 2


  31:Middlewares/ST/STM32_USB_Host_Library/Core/Src/usbh_ioreq.c **** /** @defgroup USBH_IOREQ
  32:Middlewares/ST/STM32_USB_Host_Library/Core/Src/usbh_ioreq.c ****   * @brief This file handles the standard protocol processing (USB v2.0)
  33:Middlewares/ST/STM32_USB_Host_Library/Core/Src/usbh_ioreq.c ****   * @{
  34:Middlewares/ST/STM32_USB_Host_Library/Core/Src/usbh_ioreq.c ****   */
  35:Middlewares/ST/STM32_USB_Host_Library/Core/Src/usbh_ioreq.c **** 
  36:Middlewares/ST/STM32_USB_Host_Library/Core/Src/usbh_ioreq.c **** 
  37:Middlewares/ST/STM32_USB_Host_Library/Core/Src/usbh_ioreq.c **** /** @defgroup USBH_IOREQ_Private_Defines
  38:Middlewares/ST/STM32_USB_Host_Library/Core/Src/usbh_ioreq.c ****   * @{
  39:Middlewares/ST/STM32_USB_Host_Library/Core/Src/usbh_ioreq.c ****   */
  40:Middlewares/ST/STM32_USB_Host_Library/Core/Src/usbh_ioreq.c **** 
  41:Middlewares/ST/STM32_USB_Host_Library/Core/Src/usbh_ioreq.c **** /**
  42:Middlewares/ST/STM32_USB_Host_Library/Core/Src/usbh_ioreq.c ****   * @}
  43:Middlewares/ST/STM32_USB_Host_Library/Core/Src/usbh_ioreq.c ****   */
  44:Middlewares/ST/STM32_USB_Host_Library/Core/Src/usbh_ioreq.c **** 
  45:Middlewares/ST/STM32_USB_Host_Library/Core/Src/usbh_ioreq.c **** 
  46:Middlewares/ST/STM32_USB_Host_Library/Core/Src/usbh_ioreq.c **** /** @defgroup USBH_IOREQ_Private_TypesDefinitions
  47:Middlewares/ST/STM32_USB_Host_Library/Core/Src/usbh_ioreq.c ****   * @{
  48:Middlewares/ST/STM32_USB_Host_Library/Core/Src/usbh_ioreq.c ****   */
  49:Middlewares/ST/STM32_USB_Host_Library/Core/Src/usbh_ioreq.c **** /**
  50:Middlewares/ST/STM32_USB_Host_Library/Core/Src/usbh_ioreq.c ****   * @}
  51:Middlewares/ST/STM32_USB_Host_Library/Core/Src/usbh_ioreq.c ****   */
  52:Middlewares/ST/STM32_USB_Host_Library/Core/Src/usbh_ioreq.c **** 
  53:Middlewares/ST/STM32_USB_Host_Library/Core/Src/usbh_ioreq.c **** 
  54:Middlewares/ST/STM32_USB_Host_Library/Core/Src/usbh_ioreq.c **** 
  55:Middlewares/ST/STM32_USB_Host_Library/Core/Src/usbh_ioreq.c **** /** @defgroup USBH_IOREQ_Private_Macros
  56:Middlewares/ST/STM32_USB_Host_Library/Core/Src/usbh_ioreq.c ****   * @{
  57:Middlewares/ST/STM32_USB_Host_Library/Core/Src/usbh_ioreq.c ****   */
  58:Middlewares/ST/STM32_USB_Host_Library/Core/Src/usbh_ioreq.c **** /**
  59:Middlewares/ST/STM32_USB_Host_Library/Core/Src/usbh_ioreq.c ****   * @}
  60:Middlewares/ST/STM32_USB_Host_Library/Core/Src/usbh_ioreq.c ****   */
  61:Middlewares/ST/STM32_USB_Host_Library/Core/Src/usbh_ioreq.c **** 
  62:Middlewares/ST/STM32_USB_Host_Library/Core/Src/usbh_ioreq.c **** 
  63:Middlewares/ST/STM32_USB_Host_Library/Core/Src/usbh_ioreq.c **** /** @defgroup USBH_IOREQ_Private_Variables
  64:Middlewares/ST/STM32_USB_Host_Library/Core/Src/usbh_ioreq.c ****   * @{
  65:Middlewares/ST/STM32_USB_Host_Library/Core/Src/usbh_ioreq.c ****   */
  66:Middlewares/ST/STM32_USB_Host_Library/Core/Src/usbh_ioreq.c **** /**
  67:Middlewares/ST/STM32_USB_Host_Library/Core/Src/usbh_ioreq.c ****   * @}
  68:Middlewares/ST/STM32_USB_Host_Library/Core/Src/usbh_ioreq.c ****   */
  69:Middlewares/ST/STM32_USB_Host_Library/Core/Src/usbh_ioreq.c **** /** @defgroup USBH_IOREQ_Private_FunctionPrototypes
  70:Middlewares/ST/STM32_USB_Host_Library/Core/Src/usbh_ioreq.c ****   * @{
  71:Middlewares/ST/STM32_USB_Host_Library/Core/Src/usbh_ioreq.c ****   */
  72:Middlewares/ST/STM32_USB_Host_Library/Core/Src/usbh_ioreq.c **** 
  73:Middlewares/ST/STM32_USB_Host_Library/Core/Src/usbh_ioreq.c **** /**
  74:Middlewares/ST/STM32_USB_Host_Library/Core/Src/usbh_ioreq.c ****   * @}
  75:Middlewares/ST/STM32_USB_Host_Library/Core/Src/usbh_ioreq.c ****   */
  76:Middlewares/ST/STM32_USB_Host_Library/Core/Src/usbh_ioreq.c **** 
  77:Middlewares/ST/STM32_USB_Host_Library/Core/Src/usbh_ioreq.c **** 
  78:Middlewares/ST/STM32_USB_Host_Library/Core/Src/usbh_ioreq.c **** /** @defgroup USBH_IOREQ_Private_Functions
  79:Middlewares/ST/STM32_USB_Host_Library/Core/Src/usbh_ioreq.c ****   * @{
  80:Middlewares/ST/STM32_USB_Host_Library/Core/Src/usbh_ioreq.c ****   */
  81:Middlewares/ST/STM32_USB_Host_Library/Core/Src/usbh_ioreq.c **** 
  82:Middlewares/ST/STM32_USB_Host_Library/Core/Src/usbh_ioreq.c **** 
  83:Middlewares/ST/STM32_USB_Host_Library/Core/Src/usbh_ioreq.c **** 
  84:Middlewares/ST/STM32_USB_Host_Library/Core/Src/usbh_ioreq.c **** /**
  85:Middlewares/ST/STM32_USB_Host_Library/Core/Src/usbh_ioreq.c ****   * @brief  USBH_CtlSendSetup
  86:Middlewares/ST/STM32_USB_Host_Library/Core/Src/usbh_ioreq.c ****   *         Sends the Setup Packet to the Device
  87:Middlewares/ST/STM32_USB_Host_Library/Core/Src/usbh_ioreq.c ****   * @param  phost: Host Handle
ARM GAS  /tmp/cc3aqgWV.s 			page 3


  88:Middlewares/ST/STM32_USB_Host_Library/Core/Src/usbh_ioreq.c ****   * @param  buff: Buffer pointer from which the Data will be send to Device
  89:Middlewares/ST/STM32_USB_Host_Library/Core/Src/usbh_ioreq.c ****   * @param  pipe_num: Pipe Number
  90:Middlewares/ST/STM32_USB_Host_Library/Core/Src/usbh_ioreq.c ****   * @retval USBH Status
  91:Middlewares/ST/STM32_USB_Host_Library/Core/Src/usbh_ioreq.c ****   */
  92:Middlewares/ST/STM32_USB_Host_Library/Core/Src/usbh_ioreq.c **** USBH_StatusTypeDef USBH_CtlSendSetup(USBH_HandleTypeDef *phost,
  93:Middlewares/ST/STM32_USB_Host_Library/Core/Src/usbh_ioreq.c ****                                      uint8_t *buff,
  94:Middlewares/ST/STM32_USB_Host_Library/Core/Src/usbh_ioreq.c ****                                      uint8_t pipe_num)
  95:Middlewares/ST/STM32_USB_Host_Library/Core/Src/usbh_ioreq.c **** {
  29              		.loc 1 95 1 view -0
  30              		.cfi_startproc
  31              		@ args = 0, pretend = 0, frame = 0
  32              		@ frame_needed = 0, uses_anonymous_args = 0
  33              		.loc 1 95 1 is_stmt 0 view .LVU1
  34 0000 10B5     		push	{r4, lr}
  35              	.LCFI0:
  36              		.cfi_def_cfa_offset 8
  37              		.cfi_offset 4, -8
  38              		.cfi_offset 14, -4
  39 0002 84B0     		sub	sp, sp, #16
  40              	.LCFI1:
  41              		.cfi_def_cfa_offset 24
  42 0004 0B46     		mov	r3, r1
  43 0006 1146     		mov	r1, r2
  44              	.LVL1:
  96:Middlewares/ST/STM32_USB_Host_Library/Core/Src/usbh_ioreq.c **** 
  97:Middlewares/ST/STM32_USB_Host_Library/Core/Src/usbh_ioreq.c ****   USBH_LL_SubmitURB(phost,                      /* Driver handle    */
  45              		.loc 1 97 3 is_stmt 1 view .LVU2
  46 0008 0024     		movs	r4, #0
  47 000a 0394     		str	r4, [sp, #12]
  48 000c 0822     		movs	r2, #8
  49              	.LVL2:
  50              		.loc 1 97 3 is_stmt 0 view .LVU3
  51 000e 0292     		str	r2, [sp, #8]
  52 0010 0193     		str	r3, [sp, #4]
  53 0012 0094     		str	r4, [sp]
  54 0014 2346     		mov	r3, r4
  55              	.LVL3:
  56              		.loc 1 97 3 view .LVU4
  57 0016 2246     		mov	r2, r4
  58 0018 FFF7FEFF 		bl	USBH_LL_SubmitURB
  59              	.LVL4:
  98:Middlewares/ST/STM32_USB_Host_Library/Core/Src/usbh_ioreq.c ****                     pipe_num,             /* Pipe index       */
  99:Middlewares/ST/STM32_USB_Host_Library/Core/Src/usbh_ioreq.c ****                     0U,                    /* Direction : OUT  */
 100:Middlewares/ST/STM32_USB_Host_Library/Core/Src/usbh_ioreq.c ****                     USBH_EP_CONTROL,      /* EP type          */
 101:Middlewares/ST/STM32_USB_Host_Library/Core/Src/usbh_ioreq.c ****                     USBH_PID_SETUP,       /* Type setup       */
 102:Middlewares/ST/STM32_USB_Host_Library/Core/Src/usbh_ioreq.c ****                     buff,                 /* data buffer      */
 103:Middlewares/ST/STM32_USB_Host_Library/Core/Src/usbh_ioreq.c ****                     USBH_SETUP_PKT_SIZE,  /* data length      */
 104:Middlewares/ST/STM32_USB_Host_Library/Core/Src/usbh_ioreq.c ****                     0U);
 105:Middlewares/ST/STM32_USB_Host_Library/Core/Src/usbh_ioreq.c ****   return USBH_OK;
  60              		.loc 1 105 3 is_stmt 1 view .LVU5
 106:Middlewares/ST/STM32_USB_Host_Library/Core/Src/usbh_ioreq.c **** }
  61              		.loc 1 106 1 is_stmt 0 view .LVU6
  62 001c 2046     		mov	r0, r4
  63 001e 04B0     		add	sp, sp, #16
  64              	.LCFI2:
  65              		.cfi_def_cfa_offset 8
  66              		@ sp needed
ARM GAS  /tmp/cc3aqgWV.s 			page 4


  67 0020 10BD     		pop	{r4, pc}
  68              		.cfi_endproc
  69              	.LFE331:
  71              		.section	.text.USBH_CtlSendData,"ax",%progbits
  72              		.align	1
  73              		.global	USBH_CtlSendData
  74              		.syntax unified
  75              		.thumb
  76              		.thumb_func
  78              	USBH_CtlSendData:
  79              	.LVL5:
  80              	.LFB332:
 107:Middlewares/ST/STM32_USB_Host_Library/Core/Src/usbh_ioreq.c **** 
 108:Middlewares/ST/STM32_USB_Host_Library/Core/Src/usbh_ioreq.c **** 
 109:Middlewares/ST/STM32_USB_Host_Library/Core/Src/usbh_ioreq.c **** /**
 110:Middlewares/ST/STM32_USB_Host_Library/Core/Src/usbh_ioreq.c ****   * @brief  USBH_CtlSendData
 111:Middlewares/ST/STM32_USB_Host_Library/Core/Src/usbh_ioreq.c ****   *         Sends a data Packet to the Device
 112:Middlewares/ST/STM32_USB_Host_Library/Core/Src/usbh_ioreq.c ****   * @param  phost: Host Handle
 113:Middlewares/ST/STM32_USB_Host_Library/Core/Src/usbh_ioreq.c ****   * @param  buff: Buffer pointer from which the Data will be sent to Device
 114:Middlewares/ST/STM32_USB_Host_Library/Core/Src/usbh_ioreq.c ****   * @param  length: Length of the data to be sent
 115:Middlewares/ST/STM32_USB_Host_Library/Core/Src/usbh_ioreq.c ****   * @param  pipe_num: Pipe Number
 116:Middlewares/ST/STM32_USB_Host_Library/Core/Src/usbh_ioreq.c ****   * @retval USBH Status
 117:Middlewares/ST/STM32_USB_Host_Library/Core/Src/usbh_ioreq.c ****   */
 118:Middlewares/ST/STM32_USB_Host_Library/Core/Src/usbh_ioreq.c **** USBH_StatusTypeDef USBH_CtlSendData(USBH_HandleTypeDef *phost,
 119:Middlewares/ST/STM32_USB_Host_Library/Core/Src/usbh_ioreq.c ****                                     uint8_t *buff,
 120:Middlewares/ST/STM32_USB_Host_Library/Core/Src/usbh_ioreq.c ****                                     uint16_t length,
 121:Middlewares/ST/STM32_USB_Host_Library/Core/Src/usbh_ioreq.c ****                                     uint8_t pipe_num,
 122:Middlewares/ST/STM32_USB_Host_Library/Core/Src/usbh_ioreq.c ****                                     uint8_t do_ping)
 123:Middlewares/ST/STM32_USB_Host_Library/Core/Src/usbh_ioreq.c **** {
  81              		.loc 1 123 1 is_stmt 1 view -0
  82              		.cfi_startproc
  83              		@ args = 4, pretend = 0, frame = 0
  84              		@ frame_needed = 0, uses_anonymous_args = 0
  85              		.loc 1 123 1 is_stmt 0 view .LVU8
  86 0000 30B5     		push	{r4, r5, lr}
  87              	.LCFI3:
  88              		.cfi_def_cfa_offset 12
  89              		.cfi_offset 4, -12
  90              		.cfi_offset 5, -8
  91              		.cfi_offset 14, -4
  92 0002 85B0     		sub	sp, sp, #20
  93              	.LCFI4:
  94              		.cfi_def_cfa_offset 32
  95 0004 0C46     		mov	r4, r1
  96 0006 1946     		mov	r1, r3
  97              	.LVL6:
  98              		.loc 1 123 1 view .LVU9
  99 0008 9DF82030 		ldrb	r3, [sp, #32]	@ zero_extendqisi2
 100              	.LVL7:
 124:Middlewares/ST/STM32_USB_Host_Library/Core/Src/usbh_ioreq.c ****   if (phost->device.speed != USBH_SPEED_HIGH)
 101              		.loc 1 124 3 is_stmt 1 view .LVU10
 102              		.loc 1 124 20 is_stmt 0 view .LVU11
 103 000c 90F81D53 		ldrb	r5, [r0, #797]	@ zero_extendqisi2
 104              		.loc 1 124 6 view .LVU12
 105 0010 05B1     		cbz	r5, .L4
 125:Middlewares/ST/STM32_USB_Host_Library/Core/Src/usbh_ioreq.c ****   {
 126:Middlewares/ST/STM32_USB_Host_Library/Core/Src/usbh_ioreq.c ****     do_ping = 0U;
ARM GAS  /tmp/cc3aqgWV.s 			page 5


 106              		.loc 1 126 13 view .LVU13
 107 0012 0023     		movs	r3, #0
 108              	.L4:
 109              	.LVL8:
 127:Middlewares/ST/STM32_USB_Host_Library/Core/Src/usbh_ioreq.c ****   }
 128:Middlewares/ST/STM32_USB_Host_Library/Core/Src/usbh_ioreq.c **** 
 129:Middlewares/ST/STM32_USB_Host_Library/Core/Src/usbh_ioreq.c ****   USBH_LL_SubmitURB(phost,                      /* Driver handle    */
 110              		.loc 1 129 3 is_stmt 1 view .LVU14
 111 0014 0393     		str	r3, [sp, #12]
 112 0016 0292     		str	r2, [sp, #8]
 113 0018 0194     		str	r4, [sp, #4]
 114 001a 0123     		movs	r3, #1
 115              	.LVL9:
 116              		.loc 1 129 3 is_stmt 0 view .LVU15
 117 001c 0093     		str	r3, [sp]
 118 001e 0023     		movs	r3, #0
 119 0020 1A46     		mov	r2, r3
 120              	.LVL10:
 121              		.loc 1 129 3 view .LVU16
 122 0022 FFF7FEFF 		bl	USBH_LL_SubmitURB
 123              	.LVL11:
 130:Middlewares/ST/STM32_USB_Host_Library/Core/Src/usbh_ioreq.c ****                     pipe_num,             /* Pipe index       */
 131:Middlewares/ST/STM32_USB_Host_Library/Core/Src/usbh_ioreq.c ****                     0U,                   /* Direction : OUT  */
 132:Middlewares/ST/STM32_USB_Host_Library/Core/Src/usbh_ioreq.c ****                     USBH_EP_CONTROL,      /* EP type          */
 133:Middlewares/ST/STM32_USB_Host_Library/Core/Src/usbh_ioreq.c ****                     USBH_PID_DATA,        /* Type Data        */
 134:Middlewares/ST/STM32_USB_Host_Library/Core/Src/usbh_ioreq.c ****                     buff,                 /* data buffer      */
 135:Middlewares/ST/STM32_USB_Host_Library/Core/Src/usbh_ioreq.c ****                     length,               /* data length      */
 136:Middlewares/ST/STM32_USB_Host_Library/Core/Src/usbh_ioreq.c ****                     do_ping);             /* do ping (HS Only)*/
 137:Middlewares/ST/STM32_USB_Host_Library/Core/Src/usbh_ioreq.c **** 
 138:Middlewares/ST/STM32_USB_Host_Library/Core/Src/usbh_ioreq.c ****   return USBH_OK;
 124              		.loc 1 138 3 is_stmt 1 view .LVU17
 139:Middlewares/ST/STM32_USB_Host_Library/Core/Src/usbh_ioreq.c **** }
 125              		.loc 1 139 1 is_stmt 0 view .LVU18
 126 0026 0020     		movs	r0, #0
 127 0028 05B0     		add	sp, sp, #20
 128              	.LCFI5:
 129              		.cfi_def_cfa_offset 12
 130              		@ sp needed
 131 002a 30BD     		pop	{r4, r5, pc}
 132              		.loc 1 139 1 view .LVU19
 133              		.cfi_endproc
 134              	.LFE332:
 136              		.section	.text.USBH_CtlReceiveData,"ax",%progbits
 137              		.align	1
 138              		.global	USBH_CtlReceiveData
 139              		.syntax unified
 140              		.thumb
 141              		.thumb_func
 143              	USBH_CtlReceiveData:
 144              	.LVL12:
 145              	.LFB333:
 140:Middlewares/ST/STM32_USB_Host_Library/Core/Src/usbh_ioreq.c **** 
 141:Middlewares/ST/STM32_USB_Host_Library/Core/Src/usbh_ioreq.c **** 
 142:Middlewares/ST/STM32_USB_Host_Library/Core/Src/usbh_ioreq.c **** /**
 143:Middlewares/ST/STM32_USB_Host_Library/Core/Src/usbh_ioreq.c ****   * @brief  USBH_CtlReceiveData
 144:Middlewares/ST/STM32_USB_Host_Library/Core/Src/usbh_ioreq.c ****   *         Receives the Device Response to the Setup Packet
 145:Middlewares/ST/STM32_USB_Host_Library/Core/Src/usbh_ioreq.c ****   * @param  phost: Host Handle
ARM GAS  /tmp/cc3aqgWV.s 			page 6


 146:Middlewares/ST/STM32_USB_Host_Library/Core/Src/usbh_ioreq.c ****   * @param  buff: Buffer pointer in which the response needs to be copied
 147:Middlewares/ST/STM32_USB_Host_Library/Core/Src/usbh_ioreq.c ****   * @param  length: Length of the data to be received
 148:Middlewares/ST/STM32_USB_Host_Library/Core/Src/usbh_ioreq.c ****   * @param  pipe_num: Pipe Number
 149:Middlewares/ST/STM32_USB_Host_Library/Core/Src/usbh_ioreq.c ****   * @retval USBH Status.
 150:Middlewares/ST/STM32_USB_Host_Library/Core/Src/usbh_ioreq.c ****   */
 151:Middlewares/ST/STM32_USB_Host_Library/Core/Src/usbh_ioreq.c **** USBH_StatusTypeDef USBH_CtlReceiveData(USBH_HandleTypeDef *phost,
 152:Middlewares/ST/STM32_USB_Host_Library/Core/Src/usbh_ioreq.c ****                                        uint8_t *buff,
 153:Middlewares/ST/STM32_USB_Host_Library/Core/Src/usbh_ioreq.c ****                                        uint16_t length,
 154:Middlewares/ST/STM32_USB_Host_Library/Core/Src/usbh_ioreq.c ****                                        uint8_t pipe_num)
 155:Middlewares/ST/STM32_USB_Host_Library/Core/Src/usbh_ioreq.c **** {
 146              		.loc 1 155 1 is_stmt 1 view -0
 147              		.cfi_startproc
 148              		@ args = 0, pretend = 0, frame = 0
 149              		@ frame_needed = 0, uses_anonymous_args = 0
 150              		.loc 1 155 1 is_stmt 0 view .LVU21
 151 0000 30B5     		push	{r4, r5, lr}
 152              	.LCFI6:
 153              		.cfi_def_cfa_offset 12
 154              		.cfi_offset 4, -12
 155              		.cfi_offset 5, -8
 156              		.cfi_offset 14, -4
 157 0002 85B0     		sub	sp, sp, #20
 158              	.LCFI7:
 159              		.cfi_def_cfa_offset 32
 160 0004 0D46     		mov	r5, r1
 161 0006 1946     		mov	r1, r3
 162              	.LVL13:
 156:Middlewares/ST/STM32_USB_Host_Library/Core/Src/usbh_ioreq.c ****   USBH_LL_SubmitURB(phost,                      /* Driver handle    */
 163              		.loc 1 156 3 is_stmt 1 view .LVU22
 164 0008 0024     		movs	r4, #0
 165 000a 0394     		str	r4, [sp, #12]
 166 000c 0292     		str	r2, [sp, #8]
 167 000e 0195     		str	r5, [sp, #4]
 168 0010 0122     		movs	r2, #1
 169              	.LVL14:
 170              		.loc 1 156 3 is_stmt 0 view .LVU23
 171 0012 0092     		str	r2, [sp]
 172 0014 2346     		mov	r3, r4
 173              	.LVL15:
 174              		.loc 1 156 3 view .LVU24
 175 0016 FFF7FEFF 		bl	USBH_LL_SubmitURB
 176              	.LVL16:
 157:Middlewares/ST/STM32_USB_Host_Library/Core/Src/usbh_ioreq.c ****                     pipe_num,             /* Pipe index       */
 158:Middlewares/ST/STM32_USB_Host_Library/Core/Src/usbh_ioreq.c ****                     1U,                    /* Direction : IN   */
 159:Middlewares/ST/STM32_USB_Host_Library/Core/Src/usbh_ioreq.c ****                     USBH_EP_CONTROL,      /* EP type          */
 160:Middlewares/ST/STM32_USB_Host_Library/Core/Src/usbh_ioreq.c ****                     USBH_PID_DATA,        /* Type Data        */
 161:Middlewares/ST/STM32_USB_Host_Library/Core/Src/usbh_ioreq.c ****                     buff,                 /* data buffer      */
 162:Middlewares/ST/STM32_USB_Host_Library/Core/Src/usbh_ioreq.c ****                     length,               /* data length      */
 163:Middlewares/ST/STM32_USB_Host_Library/Core/Src/usbh_ioreq.c ****                     0U);
 164:Middlewares/ST/STM32_USB_Host_Library/Core/Src/usbh_ioreq.c ****   return USBH_OK;
 177              		.loc 1 164 3 is_stmt 1 view .LVU25
 165:Middlewares/ST/STM32_USB_Host_Library/Core/Src/usbh_ioreq.c **** 
 166:Middlewares/ST/STM32_USB_Host_Library/Core/Src/usbh_ioreq.c **** }
 178              		.loc 1 166 1 is_stmt 0 view .LVU26
 179 001a 2046     		mov	r0, r4
 180 001c 05B0     		add	sp, sp, #20
 181              	.LCFI8:
ARM GAS  /tmp/cc3aqgWV.s 			page 7


 182              		.cfi_def_cfa_offset 12
 183              		@ sp needed
 184 001e 30BD     		pop	{r4, r5, pc}
 185              		.loc 1 166 1 view .LVU27
 186              		.cfi_endproc
 187              	.LFE333:
 189              		.section	.text.USBH_BulkSendData,"ax",%progbits
 190              		.align	1
 191              		.global	USBH_BulkSendData
 192              		.syntax unified
 193              		.thumb
 194              		.thumb_func
 196              	USBH_BulkSendData:
 197              	.LVL17:
 198              	.LFB334:
 167:Middlewares/ST/STM32_USB_Host_Library/Core/Src/usbh_ioreq.c **** 
 168:Middlewares/ST/STM32_USB_Host_Library/Core/Src/usbh_ioreq.c **** 
 169:Middlewares/ST/STM32_USB_Host_Library/Core/Src/usbh_ioreq.c **** /**
 170:Middlewares/ST/STM32_USB_Host_Library/Core/Src/usbh_ioreq.c ****   * @brief  USBH_BulkSendData
 171:Middlewares/ST/STM32_USB_Host_Library/Core/Src/usbh_ioreq.c ****   *         Sends the Bulk Packet to the device
 172:Middlewares/ST/STM32_USB_Host_Library/Core/Src/usbh_ioreq.c ****   * @param  phost: Host Handle
 173:Middlewares/ST/STM32_USB_Host_Library/Core/Src/usbh_ioreq.c ****   * @param  buff: Buffer pointer from which the Data will be sent to Device
 174:Middlewares/ST/STM32_USB_Host_Library/Core/Src/usbh_ioreq.c ****   * @param  length: Length of the data to be sent
 175:Middlewares/ST/STM32_USB_Host_Library/Core/Src/usbh_ioreq.c ****   * @param  pipe_num: Pipe Number
 176:Middlewares/ST/STM32_USB_Host_Library/Core/Src/usbh_ioreq.c ****   * @retval USBH Status
 177:Middlewares/ST/STM32_USB_Host_Library/Core/Src/usbh_ioreq.c ****   */
 178:Middlewares/ST/STM32_USB_Host_Library/Core/Src/usbh_ioreq.c **** USBH_StatusTypeDef USBH_BulkSendData(USBH_HandleTypeDef *phost,
 179:Middlewares/ST/STM32_USB_Host_Library/Core/Src/usbh_ioreq.c ****                                      uint8_t *buff,
 180:Middlewares/ST/STM32_USB_Host_Library/Core/Src/usbh_ioreq.c ****                                      uint16_t length,
 181:Middlewares/ST/STM32_USB_Host_Library/Core/Src/usbh_ioreq.c ****                                      uint8_t pipe_num,
 182:Middlewares/ST/STM32_USB_Host_Library/Core/Src/usbh_ioreq.c ****                                      uint8_t do_ping)
 183:Middlewares/ST/STM32_USB_Host_Library/Core/Src/usbh_ioreq.c **** {
 199              		.loc 1 183 1 is_stmt 1 view -0
 200              		.cfi_startproc
 201              		@ args = 4, pretend = 0, frame = 0
 202              		@ frame_needed = 0, uses_anonymous_args = 0
 203              		.loc 1 183 1 is_stmt 0 view .LVU29
 204 0000 30B5     		push	{r4, r5, lr}
 205              	.LCFI9:
 206              		.cfi_def_cfa_offset 12
 207              		.cfi_offset 4, -12
 208              		.cfi_offset 5, -8
 209              		.cfi_offset 14, -4
 210 0002 85B0     		sub	sp, sp, #20
 211              	.LCFI10:
 212              		.cfi_def_cfa_offset 32
 213 0004 0C46     		mov	r4, r1
 214 0006 1946     		mov	r1, r3
 215              	.LVL18:
 216              		.loc 1 183 1 view .LVU30
 217 0008 9DF82030 		ldrb	r3, [sp, #32]	@ zero_extendqisi2
 218              	.LVL19:
 184:Middlewares/ST/STM32_USB_Host_Library/Core/Src/usbh_ioreq.c ****   if (phost->device.speed != USBH_SPEED_HIGH)
 219              		.loc 1 184 3 is_stmt 1 view .LVU31
 220              		.loc 1 184 20 is_stmt 0 view .LVU32
 221 000c 90F81D53 		ldrb	r5, [r0, #797]	@ zero_extendqisi2
 222              		.loc 1 184 6 view .LVU33
ARM GAS  /tmp/cc3aqgWV.s 			page 8


 223 0010 05B1     		cbz	r5, .L10
 185:Middlewares/ST/STM32_USB_Host_Library/Core/Src/usbh_ioreq.c ****   {
 186:Middlewares/ST/STM32_USB_Host_Library/Core/Src/usbh_ioreq.c ****     do_ping = 0U;
 224              		.loc 1 186 13 view .LVU34
 225 0012 0023     		movs	r3, #0
 226              	.L10:
 227              	.LVL20:
 187:Middlewares/ST/STM32_USB_Host_Library/Core/Src/usbh_ioreq.c ****   }
 188:Middlewares/ST/STM32_USB_Host_Library/Core/Src/usbh_ioreq.c **** 
 189:Middlewares/ST/STM32_USB_Host_Library/Core/Src/usbh_ioreq.c ****   USBH_LL_SubmitURB(phost,                      /* Driver handle    */
 228              		.loc 1 189 3 is_stmt 1 view .LVU35
 229 0014 0393     		str	r3, [sp, #12]
 230 0016 0292     		str	r2, [sp, #8]
 231 0018 0194     		str	r4, [sp, #4]
 232 001a 0123     		movs	r3, #1
 233              	.LVL21:
 234              		.loc 1 189 3 is_stmt 0 view .LVU36
 235 001c 0093     		str	r3, [sp]
 236 001e 0223     		movs	r3, #2
 237 0020 0022     		movs	r2, #0
 238              	.LVL22:
 239              		.loc 1 189 3 view .LVU37
 240 0022 FFF7FEFF 		bl	USBH_LL_SubmitURB
 241              	.LVL23:
 190:Middlewares/ST/STM32_USB_Host_Library/Core/Src/usbh_ioreq.c ****                     pipe_num,             /* Pipe index       */
 191:Middlewares/ST/STM32_USB_Host_Library/Core/Src/usbh_ioreq.c ****                     0U,                    /* Direction : IN   */
 192:Middlewares/ST/STM32_USB_Host_Library/Core/Src/usbh_ioreq.c ****                     USBH_EP_BULK,         /* EP type          */
 193:Middlewares/ST/STM32_USB_Host_Library/Core/Src/usbh_ioreq.c ****                     USBH_PID_DATA,        /* Type Data        */
 194:Middlewares/ST/STM32_USB_Host_Library/Core/Src/usbh_ioreq.c ****                     buff,                 /* data buffer      */
 195:Middlewares/ST/STM32_USB_Host_Library/Core/Src/usbh_ioreq.c ****                     length,               /* data length      */
 196:Middlewares/ST/STM32_USB_Host_Library/Core/Src/usbh_ioreq.c ****                     do_ping);             /* do ping (HS Only)*/
 197:Middlewares/ST/STM32_USB_Host_Library/Core/Src/usbh_ioreq.c ****   return USBH_OK;
 242              		.loc 1 197 3 is_stmt 1 view .LVU38
 198:Middlewares/ST/STM32_USB_Host_Library/Core/Src/usbh_ioreq.c **** }
 243              		.loc 1 198 1 is_stmt 0 view .LVU39
 244 0026 0020     		movs	r0, #0
 245 0028 05B0     		add	sp, sp, #20
 246              	.LCFI11:
 247              		.cfi_def_cfa_offset 12
 248              		@ sp needed
 249 002a 30BD     		pop	{r4, r5, pc}
 250              		.loc 1 198 1 view .LVU40
 251              		.cfi_endproc
 252              	.LFE334:
 254              		.section	.text.USBH_BulkReceiveData,"ax",%progbits
 255              		.align	1
 256              		.global	USBH_BulkReceiveData
 257              		.syntax unified
 258              		.thumb
 259              		.thumb_func
 261              	USBH_BulkReceiveData:
 262              	.LVL24:
 263              	.LFB335:
 199:Middlewares/ST/STM32_USB_Host_Library/Core/Src/usbh_ioreq.c **** 
 200:Middlewares/ST/STM32_USB_Host_Library/Core/Src/usbh_ioreq.c **** 
 201:Middlewares/ST/STM32_USB_Host_Library/Core/Src/usbh_ioreq.c **** /**
 202:Middlewares/ST/STM32_USB_Host_Library/Core/Src/usbh_ioreq.c ****   * @brief  USBH_BulkReceiveData
ARM GAS  /tmp/cc3aqgWV.s 			page 9


 203:Middlewares/ST/STM32_USB_Host_Library/Core/Src/usbh_ioreq.c ****   *         Receives IN bulk packet from device
 204:Middlewares/ST/STM32_USB_Host_Library/Core/Src/usbh_ioreq.c ****   * @param  phost: Host Handle
 205:Middlewares/ST/STM32_USB_Host_Library/Core/Src/usbh_ioreq.c ****   * @param  buff: Buffer pointer in which the received data packet to be copied
 206:Middlewares/ST/STM32_USB_Host_Library/Core/Src/usbh_ioreq.c ****   * @param  length: Length of the data to be received
 207:Middlewares/ST/STM32_USB_Host_Library/Core/Src/usbh_ioreq.c ****   * @param  pipe_num: Pipe Number
 208:Middlewares/ST/STM32_USB_Host_Library/Core/Src/usbh_ioreq.c ****   * @retval USBH Status.
 209:Middlewares/ST/STM32_USB_Host_Library/Core/Src/usbh_ioreq.c ****   */
 210:Middlewares/ST/STM32_USB_Host_Library/Core/Src/usbh_ioreq.c **** USBH_StatusTypeDef USBH_BulkReceiveData(USBH_HandleTypeDef *phost,
 211:Middlewares/ST/STM32_USB_Host_Library/Core/Src/usbh_ioreq.c ****                                         uint8_t *buff,
 212:Middlewares/ST/STM32_USB_Host_Library/Core/Src/usbh_ioreq.c ****                                         uint16_t length,
 213:Middlewares/ST/STM32_USB_Host_Library/Core/Src/usbh_ioreq.c ****                                         uint8_t pipe_num)
 214:Middlewares/ST/STM32_USB_Host_Library/Core/Src/usbh_ioreq.c **** {
 264              		.loc 1 214 1 is_stmt 1 view -0
 265              		.cfi_startproc
 266              		@ args = 0, pretend = 0, frame = 0
 267              		@ frame_needed = 0, uses_anonymous_args = 0
 268              		.loc 1 214 1 is_stmt 0 view .LVU42
 269 0000 30B5     		push	{r4, r5, lr}
 270              	.LCFI12:
 271              		.cfi_def_cfa_offset 12
 272              		.cfi_offset 4, -12
 273              		.cfi_offset 5, -8
 274              		.cfi_offset 14, -4
 275 0002 85B0     		sub	sp, sp, #20
 276              	.LCFI13:
 277              		.cfi_def_cfa_offset 32
 278 0004 0D46     		mov	r5, r1
 279 0006 1946     		mov	r1, r3
 280              	.LVL25:
 215:Middlewares/ST/STM32_USB_Host_Library/Core/Src/usbh_ioreq.c ****   USBH_LL_SubmitURB(phost,                      /* Driver handle    */
 281              		.loc 1 215 3 is_stmt 1 view .LVU43
 282 0008 0024     		movs	r4, #0
 283 000a 0394     		str	r4, [sp, #12]
 284 000c 0292     		str	r2, [sp, #8]
 285 000e 0195     		str	r5, [sp, #4]
 286 0010 0122     		movs	r2, #1
 287              	.LVL26:
 288              		.loc 1 215 3 is_stmt 0 view .LVU44
 289 0012 0092     		str	r2, [sp]
 290 0014 0223     		movs	r3, #2
 291              	.LVL27:
 292              		.loc 1 215 3 view .LVU45
 293 0016 FFF7FEFF 		bl	USBH_LL_SubmitURB
 294              	.LVL28:
 216:Middlewares/ST/STM32_USB_Host_Library/Core/Src/usbh_ioreq.c ****                     pipe_num,             /* Pipe index       */
 217:Middlewares/ST/STM32_USB_Host_Library/Core/Src/usbh_ioreq.c ****                     1U,                    /* Direction : IN   */
 218:Middlewares/ST/STM32_USB_Host_Library/Core/Src/usbh_ioreq.c ****                     USBH_EP_BULK,         /* EP type          */
 219:Middlewares/ST/STM32_USB_Host_Library/Core/Src/usbh_ioreq.c ****                     USBH_PID_DATA,        /* Type Data        */
 220:Middlewares/ST/STM32_USB_Host_Library/Core/Src/usbh_ioreq.c ****                     buff,                 /* data buffer      */
 221:Middlewares/ST/STM32_USB_Host_Library/Core/Src/usbh_ioreq.c ****                     length,               /* data length      */
 222:Middlewares/ST/STM32_USB_Host_Library/Core/Src/usbh_ioreq.c ****                     0U);
 223:Middlewares/ST/STM32_USB_Host_Library/Core/Src/usbh_ioreq.c ****   return USBH_OK;
 295              		.loc 1 223 3 is_stmt 1 view .LVU46
 224:Middlewares/ST/STM32_USB_Host_Library/Core/Src/usbh_ioreq.c **** }
 296              		.loc 1 224 1 is_stmt 0 view .LVU47
 297 001a 2046     		mov	r0, r4
 298 001c 05B0     		add	sp, sp, #20
ARM GAS  /tmp/cc3aqgWV.s 			page 10


 299              	.LCFI14:
 300              		.cfi_def_cfa_offset 12
 301              		@ sp needed
 302 001e 30BD     		pop	{r4, r5, pc}
 303              		.loc 1 224 1 view .LVU48
 304              		.cfi_endproc
 305              	.LFE335:
 307              		.section	.text.USBH_InterruptReceiveData,"ax",%progbits
 308              		.align	1
 309              		.global	USBH_InterruptReceiveData
 310              		.syntax unified
 311              		.thumb
 312              		.thumb_func
 314              	USBH_InterruptReceiveData:
 315              	.LVL29:
 316              	.LFB336:
 225:Middlewares/ST/STM32_USB_Host_Library/Core/Src/usbh_ioreq.c **** 
 226:Middlewares/ST/STM32_USB_Host_Library/Core/Src/usbh_ioreq.c **** 
 227:Middlewares/ST/STM32_USB_Host_Library/Core/Src/usbh_ioreq.c **** /**
 228:Middlewares/ST/STM32_USB_Host_Library/Core/Src/usbh_ioreq.c ****   * @brief  USBH_InterruptReceiveData
 229:Middlewares/ST/STM32_USB_Host_Library/Core/Src/usbh_ioreq.c ****   *         Receives the Device Response to the Interrupt IN token
 230:Middlewares/ST/STM32_USB_Host_Library/Core/Src/usbh_ioreq.c ****   * @param  phost: Host Handle
 231:Middlewares/ST/STM32_USB_Host_Library/Core/Src/usbh_ioreq.c ****   * @param  buff: Buffer pointer in which the response needs to be copied
 232:Middlewares/ST/STM32_USB_Host_Library/Core/Src/usbh_ioreq.c ****   * @param  length: Length of the data to be received
 233:Middlewares/ST/STM32_USB_Host_Library/Core/Src/usbh_ioreq.c ****   * @param  pipe_num: Pipe Number
 234:Middlewares/ST/STM32_USB_Host_Library/Core/Src/usbh_ioreq.c ****   * @retval USBH Status.
 235:Middlewares/ST/STM32_USB_Host_Library/Core/Src/usbh_ioreq.c ****   */
 236:Middlewares/ST/STM32_USB_Host_Library/Core/Src/usbh_ioreq.c **** USBH_StatusTypeDef USBH_InterruptReceiveData(USBH_HandleTypeDef *phost,
 237:Middlewares/ST/STM32_USB_Host_Library/Core/Src/usbh_ioreq.c ****                                              uint8_t *buff,
 238:Middlewares/ST/STM32_USB_Host_Library/Core/Src/usbh_ioreq.c ****                                              uint8_t length,
 239:Middlewares/ST/STM32_USB_Host_Library/Core/Src/usbh_ioreq.c ****                                              uint8_t pipe_num)
 240:Middlewares/ST/STM32_USB_Host_Library/Core/Src/usbh_ioreq.c **** {
 317              		.loc 1 240 1 is_stmt 1 view -0
 318              		.cfi_startproc
 319              		@ args = 0, pretend = 0, frame = 0
 320              		@ frame_needed = 0, uses_anonymous_args = 0
 321              		.loc 1 240 1 is_stmt 0 view .LVU50
 322 0000 30B5     		push	{r4, r5, lr}
 323              	.LCFI15:
 324              		.cfi_def_cfa_offset 12
 325              		.cfi_offset 4, -12
 326              		.cfi_offset 5, -8
 327              		.cfi_offset 14, -4
 328 0002 85B0     		sub	sp, sp, #20
 329              	.LCFI16:
 330              		.cfi_def_cfa_offset 32
 331 0004 0D46     		mov	r5, r1
 332 0006 1946     		mov	r1, r3
 333              	.LVL30:
 241:Middlewares/ST/STM32_USB_Host_Library/Core/Src/usbh_ioreq.c ****   USBH_LL_SubmitURB(phost,                      /* Driver handle    */
 334              		.loc 1 241 3 is_stmt 1 view .LVU51
 335 0008 0024     		movs	r4, #0
 336 000a 0394     		str	r4, [sp, #12]
 337 000c 0292     		str	r2, [sp, #8]
 338 000e 0195     		str	r5, [sp, #4]
 339 0010 0122     		movs	r2, #1
 340              	.LVL31:
ARM GAS  /tmp/cc3aqgWV.s 			page 11


 341              		.loc 1 241 3 is_stmt 0 view .LVU52
 342 0012 0092     		str	r2, [sp]
 343 0014 0323     		movs	r3, #3
 344              	.LVL32:
 345              		.loc 1 241 3 view .LVU53
 346 0016 FFF7FEFF 		bl	USBH_LL_SubmitURB
 347              	.LVL33:
 242:Middlewares/ST/STM32_USB_Host_Library/Core/Src/usbh_ioreq.c ****                     pipe_num,             /* Pipe index       */
 243:Middlewares/ST/STM32_USB_Host_Library/Core/Src/usbh_ioreq.c ****                     1U,                   /* Direction : IN   */
 244:Middlewares/ST/STM32_USB_Host_Library/Core/Src/usbh_ioreq.c ****                     USBH_EP_INTERRUPT,    /* EP type          */
 245:Middlewares/ST/STM32_USB_Host_Library/Core/Src/usbh_ioreq.c ****                     USBH_PID_DATA,        /* Type Data        */
 246:Middlewares/ST/STM32_USB_Host_Library/Core/Src/usbh_ioreq.c ****                     buff,                 /* data buffer      */
 247:Middlewares/ST/STM32_USB_Host_Library/Core/Src/usbh_ioreq.c ****                     (uint16_t)length,     /* data length      */
 248:Middlewares/ST/STM32_USB_Host_Library/Core/Src/usbh_ioreq.c ****                     0U);
 249:Middlewares/ST/STM32_USB_Host_Library/Core/Src/usbh_ioreq.c **** 
 250:Middlewares/ST/STM32_USB_Host_Library/Core/Src/usbh_ioreq.c ****   return USBH_OK;
 348              		.loc 1 250 3 is_stmt 1 view .LVU54
 251:Middlewares/ST/STM32_USB_Host_Library/Core/Src/usbh_ioreq.c **** }
 349              		.loc 1 251 1 is_stmt 0 view .LVU55
 350 001a 2046     		mov	r0, r4
 351 001c 05B0     		add	sp, sp, #20
 352              	.LCFI17:
 353              		.cfi_def_cfa_offset 12
 354              		@ sp needed
 355 001e 30BD     		pop	{r4, r5, pc}
 356              		.loc 1 251 1 view .LVU56
 357              		.cfi_endproc
 358              	.LFE336:
 360              		.section	.text.USBH_InterruptSendData,"ax",%progbits
 361              		.align	1
 362              		.global	USBH_InterruptSendData
 363              		.syntax unified
 364              		.thumb
 365              		.thumb_func
 367              	USBH_InterruptSendData:
 368              	.LVL34:
 369              	.LFB337:
 252:Middlewares/ST/STM32_USB_Host_Library/Core/Src/usbh_ioreq.c **** 
 253:Middlewares/ST/STM32_USB_Host_Library/Core/Src/usbh_ioreq.c **** /**
 254:Middlewares/ST/STM32_USB_Host_Library/Core/Src/usbh_ioreq.c ****   * @brief  USBH_InterruptSendData
 255:Middlewares/ST/STM32_USB_Host_Library/Core/Src/usbh_ioreq.c ****   *         Sends the data on Interrupt OUT Endpoint
 256:Middlewares/ST/STM32_USB_Host_Library/Core/Src/usbh_ioreq.c ****   * @param  phost: Host Handle
 257:Middlewares/ST/STM32_USB_Host_Library/Core/Src/usbh_ioreq.c ****   * @param  buff: Buffer pointer from where the data needs to be copied
 258:Middlewares/ST/STM32_USB_Host_Library/Core/Src/usbh_ioreq.c ****   * @param  length: Length of the data to be sent
 259:Middlewares/ST/STM32_USB_Host_Library/Core/Src/usbh_ioreq.c ****   * @param  pipe_num: Pipe Number
 260:Middlewares/ST/STM32_USB_Host_Library/Core/Src/usbh_ioreq.c ****   * @retval USBH Status.
 261:Middlewares/ST/STM32_USB_Host_Library/Core/Src/usbh_ioreq.c ****   */
 262:Middlewares/ST/STM32_USB_Host_Library/Core/Src/usbh_ioreq.c **** USBH_StatusTypeDef USBH_InterruptSendData(USBH_HandleTypeDef *phost,
 263:Middlewares/ST/STM32_USB_Host_Library/Core/Src/usbh_ioreq.c ****                                           uint8_t *buff,
 264:Middlewares/ST/STM32_USB_Host_Library/Core/Src/usbh_ioreq.c ****                                           uint8_t length,
 265:Middlewares/ST/STM32_USB_Host_Library/Core/Src/usbh_ioreq.c ****                                           uint8_t pipe_num)
 266:Middlewares/ST/STM32_USB_Host_Library/Core/Src/usbh_ioreq.c **** {
 370              		.loc 1 266 1 is_stmt 1 view -0
 371              		.cfi_startproc
 372              		@ args = 0, pretend = 0, frame = 0
 373              		@ frame_needed = 0, uses_anonymous_args = 0
 374              		.loc 1 266 1 is_stmt 0 view .LVU58
ARM GAS  /tmp/cc3aqgWV.s 			page 12


 375 0000 30B5     		push	{r4, r5, lr}
 376              	.LCFI18:
 377              		.cfi_def_cfa_offset 12
 378              		.cfi_offset 4, -12
 379              		.cfi_offset 5, -8
 380              		.cfi_offset 14, -4
 381 0002 85B0     		sub	sp, sp, #20
 382              	.LCFI19:
 383              		.cfi_def_cfa_offset 32
 384 0004 0D46     		mov	r5, r1
 385 0006 1946     		mov	r1, r3
 386              	.LVL35:
 267:Middlewares/ST/STM32_USB_Host_Library/Core/Src/usbh_ioreq.c ****   USBH_LL_SubmitURB(phost,                      /* Driver handle    */
 387              		.loc 1 267 3 is_stmt 1 view .LVU59
 388 0008 0024     		movs	r4, #0
 389 000a 0394     		str	r4, [sp, #12]
 390 000c 0292     		str	r2, [sp, #8]
 391 000e 0195     		str	r5, [sp, #4]
 392 0010 0123     		movs	r3, #1
 393              	.LVL36:
 394              		.loc 1 267 3 is_stmt 0 view .LVU60
 395 0012 0093     		str	r3, [sp]
 396 0014 0323     		movs	r3, #3
 397 0016 2246     		mov	r2, r4
 398              	.LVL37:
 399              		.loc 1 267 3 view .LVU61
 400 0018 FFF7FEFF 		bl	USBH_LL_SubmitURB
 401              	.LVL38:
 268:Middlewares/ST/STM32_USB_Host_Library/Core/Src/usbh_ioreq.c ****                     pipe_num,             /* Pipe index       */
 269:Middlewares/ST/STM32_USB_Host_Library/Core/Src/usbh_ioreq.c ****                     0U,                   /* Direction : OUT   */
 270:Middlewares/ST/STM32_USB_Host_Library/Core/Src/usbh_ioreq.c ****                     USBH_EP_INTERRUPT,    /* EP type          */
 271:Middlewares/ST/STM32_USB_Host_Library/Core/Src/usbh_ioreq.c ****                     USBH_PID_DATA,        /* Type Data        */
 272:Middlewares/ST/STM32_USB_Host_Library/Core/Src/usbh_ioreq.c ****                     buff,                 /* data buffer      */
 273:Middlewares/ST/STM32_USB_Host_Library/Core/Src/usbh_ioreq.c ****                     (uint16_t)length,     /* data length      */
 274:Middlewares/ST/STM32_USB_Host_Library/Core/Src/usbh_ioreq.c ****                     0U);
 275:Middlewares/ST/STM32_USB_Host_Library/Core/Src/usbh_ioreq.c **** 
 276:Middlewares/ST/STM32_USB_Host_Library/Core/Src/usbh_ioreq.c ****   return USBH_OK;
 402              		.loc 1 276 3 is_stmt 1 view .LVU62
 277:Middlewares/ST/STM32_USB_Host_Library/Core/Src/usbh_ioreq.c **** }
 403              		.loc 1 277 1 is_stmt 0 view .LVU63
 404 001c 2046     		mov	r0, r4
 405 001e 05B0     		add	sp, sp, #20
 406              	.LCFI20:
 407              		.cfi_def_cfa_offset 12
 408              		@ sp needed
 409 0020 30BD     		pop	{r4, r5, pc}
 410              		.loc 1 277 1 view .LVU64
 411              		.cfi_endproc
 412              	.LFE337:
 414              		.section	.text.USBH_IsocReceiveData,"ax",%progbits
 415              		.align	1
 416              		.global	USBH_IsocReceiveData
 417              		.syntax unified
 418              		.thumb
 419              		.thumb_func
 421              	USBH_IsocReceiveData:
 422              	.LVL39:
ARM GAS  /tmp/cc3aqgWV.s 			page 13


 423              	.LFB338:
 278:Middlewares/ST/STM32_USB_Host_Library/Core/Src/usbh_ioreq.c **** 
 279:Middlewares/ST/STM32_USB_Host_Library/Core/Src/usbh_ioreq.c **** /**
 280:Middlewares/ST/STM32_USB_Host_Library/Core/Src/usbh_ioreq.c ****   * @brief  USBH_IsocReceiveData
 281:Middlewares/ST/STM32_USB_Host_Library/Core/Src/usbh_ioreq.c ****   *         Receives the Device Response to the Isochronous IN token
 282:Middlewares/ST/STM32_USB_Host_Library/Core/Src/usbh_ioreq.c ****   * @param  phost: Host Handle
 283:Middlewares/ST/STM32_USB_Host_Library/Core/Src/usbh_ioreq.c ****   * @param  buff: Buffer pointer in which the response needs to be copied
 284:Middlewares/ST/STM32_USB_Host_Library/Core/Src/usbh_ioreq.c ****   * @param  length: Length of the data to be received
 285:Middlewares/ST/STM32_USB_Host_Library/Core/Src/usbh_ioreq.c ****   * @param  pipe_num: Pipe Number
 286:Middlewares/ST/STM32_USB_Host_Library/Core/Src/usbh_ioreq.c ****   * @retval USBH Status.
 287:Middlewares/ST/STM32_USB_Host_Library/Core/Src/usbh_ioreq.c ****   */
 288:Middlewares/ST/STM32_USB_Host_Library/Core/Src/usbh_ioreq.c **** USBH_StatusTypeDef USBH_IsocReceiveData(USBH_HandleTypeDef *phost,
 289:Middlewares/ST/STM32_USB_Host_Library/Core/Src/usbh_ioreq.c ****                                         uint8_t *buff,
 290:Middlewares/ST/STM32_USB_Host_Library/Core/Src/usbh_ioreq.c ****                                         uint32_t length,
 291:Middlewares/ST/STM32_USB_Host_Library/Core/Src/usbh_ioreq.c ****                                         uint8_t pipe_num)
 292:Middlewares/ST/STM32_USB_Host_Library/Core/Src/usbh_ioreq.c **** {
 424              		.loc 1 292 1 is_stmt 1 view -0
 425              		.cfi_startproc
 426              		@ args = 0, pretend = 0, frame = 0
 427              		@ frame_needed = 0, uses_anonymous_args = 0
 428              		.loc 1 292 1 is_stmt 0 view .LVU66
 429 0000 30B5     		push	{r4, r5, lr}
 430              	.LCFI21:
 431              		.cfi_def_cfa_offset 12
 432              		.cfi_offset 4, -12
 433              		.cfi_offset 5, -8
 434              		.cfi_offset 14, -4
 435 0002 85B0     		sub	sp, sp, #20
 436              	.LCFI22:
 437              		.cfi_def_cfa_offset 32
 438 0004 0D46     		mov	r5, r1
 439 0006 1946     		mov	r1, r3
 440              	.LVL40:
 293:Middlewares/ST/STM32_USB_Host_Library/Core/Src/usbh_ioreq.c ****   USBH_LL_SubmitURB(phost,                      /* Driver handle    */
 441              		.loc 1 293 3 is_stmt 1 view .LVU67
 442 0008 0024     		movs	r4, #0
 443 000a 0394     		str	r4, [sp, #12]
 444 000c 92B2     		uxth	r2, r2
 445              	.LVL41:
 446              		.loc 1 293 3 is_stmt 0 view .LVU68
 447 000e 0292     		str	r2, [sp, #8]
 448 0010 0195     		str	r5, [sp, #4]
 449 0012 0122     		movs	r2, #1
 450 0014 0092     		str	r2, [sp]
 451 0016 1346     		mov	r3, r2
 452              	.LVL42:
 453              		.loc 1 293 3 view .LVU69
 454 0018 FFF7FEFF 		bl	USBH_LL_SubmitURB
 455              	.LVL43:
 294:Middlewares/ST/STM32_USB_Host_Library/Core/Src/usbh_ioreq.c ****                     pipe_num,             /* Pipe index       */
 295:Middlewares/ST/STM32_USB_Host_Library/Core/Src/usbh_ioreq.c ****                     1U,                   /* Direction : IN   */
 296:Middlewares/ST/STM32_USB_Host_Library/Core/Src/usbh_ioreq.c ****                     USBH_EP_ISO,          /* EP type          */
 297:Middlewares/ST/STM32_USB_Host_Library/Core/Src/usbh_ioreq.c ****                     USBH_PID_DATA,        /* Type Data        */
 298:Middlewares/ST/STM32_USB_Host_Library/Core/Src/usbh_ioreq.c ****                     buff,                 /* data buffer      */
 299:Middlewares/ST/STM32_USB_Host_Library/Core/Src/usbh_ioreq.c ****                     (uint16_t)length,     /* data length      */
 300:Middlewares/ST/STM32_USB_Host_Library/Core/Src/usbh_ioreq.c ****                     0U);
 301:Middlewares/ST/STM32_USB_Host_Library/Core/Src/usbh_ioreq.c **** 
ARM GAS  /tmp/cc3aqgWV.s 			page 14


 302:Middlewares/ST/STM32_USB_Host_Library/Core/Src/usbh_ioreq.c **** 
 303:Middlewares/ST/STM32_USB_Host_Library/Core/Src/usbh_ioreq.c ****   return USBH_OK;
 456              		.loc 1 303 3 is_stmt 1 view .LVU70
 304:Middlewares/ST/STM32_USB_Host_Library/Core/Src/usbh_ioreq.c **** }
 457              		.loc 1 304 1 is_stmt 0 view .LVU71
 458 001c 2046     		mov	r0, r4
 459 001e 05B0     		add	sp, sp, #20
 460              	.LCFI23:
 461              		.cfi_def_cfa_offset 12
 462              		@ sp needed
 463 0020 30BD     		pop	{r4, r5, pc}
 464              		.loc 1 304 1 view .LVU72
 465              		.cfi_endproc
 466              	.LFE338:
 468              		.section	.text.USBH_IsocSendData,"ax",%progbits
 469              		.align	1
 470              		.global	USBH_IsocSendData
 471              		.syntax unified
 472              		.thumb
 473              		.thumb_func
 475              	USBH_IsocSendData:
 476              	.LVL44:
 477              	.LFB339:
 305:Middlewares/ST/STM32_USB_Host_Library/Core/Src/usbh_ioreq.c **** 
 306:Middlewares/ST/STM32_USB_Host_Library/Core/Src/usbh_ioreq.c **** /**
 307:Middlewares/ST/STM32_USB_Host_Library/Core/Src/usbh_ioreq.c ****   * @brief  USBH_IsocSendData
 308:Middlewares/ST/STM32_USB_Host_Library/Core/Src/usbh_ioreq.c ****   *         Sends the data on Isochronous OUT Endpoint
 309:Middlewares/ST/STM32_USB_Host_Library/Core/Src/usbh_ioreq.c ****   * @param  phost: Host Handle
 310:Middlewares/ST/STM32_USB_Host_Library/Core/Src/usbh_ioreq.c ****   * @param  buff: Buffer pointer from where the data needs to be copied
 311:Middlewares/ST/STM32_USB_Host_Library/Core/Src/usbh_ioreq.c ****   * @param  length: Length of the data to be sent
 312:Middlewares/ST/STM32_USB_Host_Library/Core/Src/usbh_ioreq.c ****   * @param  pipe_num: Pipe Number
 313:Middlewares/ST/STM32_USB_Host_Library/Core/Src/usbh_ioreq.c ****   * @retval USBH Status.
 314:Middlewares/ST/STM32_USB_Host_Library/Core/Src/usbh_ioreq.c ****   */
 315:Middlewares/ST/STM32_USB_Host_Library/Core/Src/usbh_ioreq.c **** USBH_StatusTypeDef USBH_IsocSendData(USBH_HandleTypeDef *phost,
 316:Middlewares/ST/STM32_USB_Host_Library/Core/Src/usbh_ioreq.c ****                                      uint8_t *buff,
 317:Middlewares/ST/STM32_USB_Host_Library/Core/Src/usbh_ioreq.c ****                                      uint32_t length,
 318:Middlewares/ST/STM32_USB_Host_Library/Core/Src/usbh_ioreq.c ****                                      uint8_t pipe_num)
 319:Middlewares/ST/STM32_USB_Host_Library/Core/Src/usbh_ioreq.c **** {
 478              		.loc 1 319 1 is_stmt 1 view -0
 479              		.cfi_startproc
 480              		@ args = 0, pretend = 0, frame = 0
 481              		@ frame_needed = 0, uses_anonymous_args = 0
 482              		.loc 1 319 1 is_stmt 0 view .LVU74
 483 0000 30B5     		push	{r4, r5, lr}
 484              	.LCFI24:
 485              		.cfi_def_cfa_offset 12
 486              		.cfi_offset 4, -12
 487              		.cfi_offset 5, -8
 488              		.cfi_offset 14, -4
 489 0002 85B0     		sub	sp, sp, #20
 490              	.LCFI25:
 491              		.cfi_def_cfa_offset 32
 492 0004 0D46     		mov	r5, r1
 493 0006 1946     		mov	r1, r3
 494              	.LVL45:
 320:Middlewares/ST/STM32_USB_Host_Library/Core/Src/usbh_ioreq.c ****   USBH_LL_SubmitURB(phost,                      /* Driver handle    */
 495              		.loc 1 320 3 is_stmt 1 view .LVU75
ARM GAS  /tmp/cc3aqgWV.s 			page 15


 496 0008 0024     		movs	r4, #0
 497 000a 0394     		str	r4, [sp, #12]
 498 000c 92B2     		uxth	r2, r2
 499              	.LVL46:
 500              		.loc 1 320 3 is_stmt 0 view .LVU76
 501 000e 0292     		str	r2, [sp, #8]
 502 0010 0195     		str	r5, [sp, #4]
 503 0012 0123     		movs	r3, #1
 504              	.LVL47:
 505              		.loc 1 320 3 view .LVU77
 506 0014 0093     		str	r3, [sp]
 507 0016 2246     		mov	r2, r4
 508 0018 FFF7FEFF 		bl	USBH_LL_SubmitURB
 509              	.LVL48:
 321:Middlewares/ST/STM32_USB_Host_Library/Core/Src/usbh_ioreq.c ****                     pipe_num,             /* Pipe index       */
 322:Middlewares/ST/STM32_USB_Host_Library/Core/Src/usbh_ioreq.c ****                     0U,                   /* Direction : OUT   */
 323:Middlewares/ST/STM32_USB_Host_Library/Core/Src/usbh_ioreq.c ****                     USBH_EP_ISO,          /* EP type          */
 324:Middlewares/ST/STM32_USB_Host_Library/Core/Src/usbh_ioreq.c ****                     USBH_PID_DATA,        /* Type Data        */
 325:Middlewares/ST/STM32_USB_Host_Library/Core/Src/usbh_ioreq.c ****                     buff,                 /* data buffer      */
 326:Middlewares/ST/STM32_USB_Host_Library/Core/Src/usbh_ioreq.c ****                     (uint16_t)length,     /* data length      */
 327:Middlewares/ST/STM32_USB_Host_Library/Core/Src/usbh_ioreq.c ****                     0U);
 328:Middlewares/ST/STM32_USB_Host_Library/Core/Src/usbh_ioreq.c **** 
 329:Middlewares/ST/STM32_USB_Host_Library/Core/Src/usbh_ioreq.c ****   return USBH_OK;
 510              		.loc 1 329 3 is_stmt 1 view .LVU78
 330:Middlewares/ST/STM32_USB_Host_Library/Core/Src/usbh_ioreq.c **** }
 511              		.loc 1 330 1 is_stmt 0 view .LVU79
 512 001c 2046     		mov	r0, r4
 513 001e 05B0     		add	sp, sp, #20
 514              	.LCFI26:
 515              		.cfi_def_cfa_offset 12
 516              		@ sp needed
 517 0020 30BD     		pop	{r4, r5, pc}
 518              		.loc 1 330 1 view .LVU80
 519              		.cfi_endproc
 520              	.LFE339:
 522              		.text
 523              	.Letext0:
 524              		.file 2 "/home/jyko/Embedded/arm-gnu-toolchain-13.2.rel1-x86_64-arm-none-eabi/arm-none-eabi/includ
 525              		.file 3 "/home/jyko/Embedded/arm-gnu-toolchain-13.2.rel1-x86_64-arm-none-eabi/arm-none-eabi/includ
 526              		.file 4 "Middlewares/ST/STM32_USB_Host_Library/Core/Inc/usbh_def.h"
 527              		.file 5 "Middlewares/ST/STM32_USB_Host_Library/Core/Inc/usbh_core.h"
ARM GAS  /tmp/cc3aqgWV.s 			page 16


DEFINED SYMBOLS
                            *ABS*:00000000 usbh_ioreq.c
     /tmp/cc3aqgWV.s:20     .text.USBH_CtlSendSetup:00000000 $t
     /tmp/cc3aqgWV.s:26     .text.USBH_CtlSendSetup:00000000 USBH_CtlSendSetup
     /tmp/cc3aqgWV.s:72     .text.USBH_CtlSendData:00000000 $t
     /tmp/cc3aqgWV.s:78     .text.USBH_CtlSendData:00000000 USBH_CtlSendData
     /tmp/cc3aqgWV.s:137    .text.USBH_CtlReceiveData:00000000 $t
     /tmp/cc3aqgWV.s:143    .text.USBH_CtlReceiveData:00000000 USBH_CtlReceiveData
     /tmp/cc3aqgWV.s:190    .text.USBH_BulkSendData:00000000 $t
     /tmp/cc3aqgWV.s:196    .text.USBH_BulkSendData:00000000 USBH_BulkSendData
     /tmp/cc3aqgWV.s:255    .text.USBH_BulkReceiveData:00000000 $t
     /tmp/cc3aqgWV.s:261    .text.USBH_BulkReceiveData:00000000 USBH_BulkReceiveData
     /tmp/cc3aqgWV.s:308    .text.USBH_InterruptReceiveData:00000000 $t
     /tmp/cc3aqgWV.s:314    .text.USBH_InterruptReceiveData:00000000 USBH_InterruptReceiveData
     /tmp/cc3aqgWV.s:361    .text.USBH_InterruptSendData:00000000 $t
     /tmp/cc3aqgWV.s:367    .text.USBH_InterruptSendData:00000000 USBH_InterruptSendData
     /tmp/cc3aqgWV.s:415    .text.USBH_IsocReceiveData:00000000 $t
     /tmp/cc3aqgWV.s:421    .text.USBH_IsocReceiveData:00000000 USBH_IsocReceiveData
     /tmp/cc3aqgWV.s:469    .text.USBH_IsocSendData:00000000 $t
     /tmp/cc3aqgWV.s:475    .text.USBH_IsocSendData:00000000 USBH_IsocSendData

UNDEFINED SYMBOLS
USBH_LL_SubmitURB
