ARM GAS  /tmp/ccq63NX3.s 			page 1


   1              		.cpu cortex-m7
   2              		.arch armv7e-m
   3              		.fpu fpv5-d16
   4              		.eabi_attribute 28, 1
   5              		.eabi_attribute 20, 1
   6              		.eabi_attribute 21, 1
   7              		.eabi_attribute 23, 3
   8              		.eabi_attribute 24, 1
   9              		.eabi_attribute 25, 1
  10              		.eabi_attribute 26, 1
  11              		.eabi_attribute 30, 1
  12              		.eabi_attribute 34, 1
  13              		.eabi_attribute 18, 4
  14              		.file	"usbh_hid_mouse.c"
  15              		.text
  16              	.Ltext0:
  17              		.cfi_sections	.debug_frame
  18              		.file 1 "Middlewares/ST/STM32_USB_Host_Library/Class/HID/Src/usbh_hid_mouse.c"
  19              		.section	.text.USBH_HID_MouseDecode,"ax",%progbits
  20              		.align	1
  21              		.syntax unified
  22              		.thumb
  23              		.thumb_func
  25              	USBH_HID_MouseDecode:
  26              	.LVL0:
  27              	.LFB333:
   1:Middlewares/ST/STM32_USB_Host_Library/Class/HID/Src/usbh_hid_mouse.c **** /**
   2:Middlewares/ST/STM32_USB_Host_Library/Class/HID/Src/usbh_hid_mouse.c ****   ******************************************************************************
   3:Middlewares/ST/STM32_USB_Host_Library/Class/HID/Src/usbh_hid_mouse.c ****   * @file    usbh_hid_mouse.c
   4:Middlewares/ST/STM32_USB_Host_Library/Class/HID/Src/usbh_hid_mouse.c ****   * @author  MCD Application Team
   5:Middlewares/ST/STM32_USB_Host_Library/Class/HID/Src/usbh_hid_mouse.c ****   * @brief   This file is the application layer for USB Host HID Mouse Handling.
   6:Middlewares/ST/STM32_USB_Host_Library/Class/HID/Src/usbh_hid_mouse.c ****   ******************************************************************************
   7:Middlewares/ST/STM32_USB_Host_Library/Class/HID/Src/usbh_hid_mouse.c ****   * @attention
   8:Middlewares/ST/STM32_USB_Host_Library/Class/HID/Src/usbh_hid_mouse.c ****   *
   9:Middlewares/ST/STM32_USB_Host_Library/Class/HID/Src/usbh_hid_mouse.c ****   * <h2><center>&copy; Copyright (c) 2015 STMicroelectronics.
  10:Middlewares/ST/STM32_USB_Host_Library/Class/HID/Src/usbh_hid_mouse.c ****   * All rights reserved.</center></h2>
  11:Middlewares/ST/STM32_USB_Host_Library/Class/HID/Src/usbh_hid_mouse.c ****   *
  12:Middlewares/ST/STM32_USB_Host_Library/Class/HID/Src/usbh_hid_mouse.c ****   * This software component is licensed by ST under Ultimate Liberty license
  13:Middlewares/ST/STM32_USB_Host_Library/Class/HID/Src/usbh_hid_mouse.c ****   * SLA0044, the "License"; You may not use this file except in compliance with
  14:Middlewares/ST/STM32_USB_Host_Library/Class/HID/Src/usbh_hid_mouse.c ****   * the License. You may obtain a copy of the License at:
  15:Middlewares/ST/STM32_USB_Host_Library/Class/HID/Src/usbh_hid_mouse.c ****   *                      www.st.com/SLA0044
  16:Middlewares/ST/STM32_USB_Host_Library/Class/HID/Src/usbh_hid_mouse.c ****   *
  17:Middlewares/ST/STM32_USB_Host_Library/Class/HID/Src/usbh_hid_mouse.c ****   ******************************************************************************
  18:Middlewares/ST/STM32_USB_Host_Library/Class/HID/Src/usbh_hid_mouse.c ****   */
  19:Middlewares/ST/STM32_USB_Host_Library/Class/HID/Src/usbh_hid_mouse.c **** 
  20:Middlewares/ST/STM32_USB_Host_Library/Class/HID/Src/usbh_hid_mouse.c **** /* BSPDependencies
  21:Middlewares/ST/STM32_USB_Host_Library/Class/HID/Src/usbh_hid_mouse.c **** - "stm32xxxxx_{eval}{discovery}{nucleo_144}.c"
  22:Middlewares/ST/STM32_USB_Host_Library/Class/HID/Src/usbh_hid_mouse.c **** - "stm32xxxxx_{eval}{discovery}_io.c"
  23:Middlewares/ST/STM32_USB_Host_Library/Class/HID/Src/usbh_hid_mouse.c **** - "stm32xxxxx_{eval}{discovery}{adafruit}_lcd.c"
  24:Middlewares/ST/STM32_USB_Host_Library/Class/HID/Src/usbh_hid_mouse.c **** - "stm32xxxxx_{eval}{discovery}_sdram.c"
  25:Middlewares/ST/STM32_USB_Host_Library/Class/HID/Src/usbh_hid_mouse.c **** EndBSPDependencies */
  26:Middlewares/ST/STM32_USB_Host_Library/Class/HID/Src/usbh_hid_mouse.c **** 
  27:Middlewares/ST/STM32_USB_Host_Library/Class/HID/Src/usbh_hid_mouse.c **** /* Includes ------------------------------------------------------------------*/
  28:Middlewares/ST/STM32_USB_Host_Library/Class/HID/Src/usbh_hid_mouse.c **** #include "usbh_hid_mouse.h"
  29:Middlewares/ST/STM32_USB_Host_Library/Class/HID/Src/usbh_hid_mouse.c **** #include "usbh_hid_parser.h"
  30:Middlewares/ST/STM32_USB_Host_Library/Class/HID/Src/usbh_hid_mouse.c **** 
  31:Middlewares/ST/STM32_USB_Host_Library/Class/HID/Src/usbh_hid_mouse.c **** 
ARM GAS  /tmp/ccq63NX3.s 			page 2


  32:Middlewares/ST/STM32_USB_Host_Library/Class/HID/Src/usbh_hid_mouse.c **** /** @addtogroup USBH_LIB
  33:Middlewares/ST/STM32_USB_Host_Library/Class/HID/Src/usbh_hid_mouse.c ****   * @{
  34:Middlewares/ST/STM32_USB_Host_Library/Class/HID/Src/usbh_hid_mouse.c ****   */
  35:Middlewares/ST/STM32_USB_Host_Library/Class/HID/Src/usbh_hid_mouse.c **** 
  36:Middlewares/ST/STM32_USB_Host_Library/Class/HID/Src/usbh_hid_mouse.c **** /** @addtogroup USBH_CLASS
  37:Middlewares/ST/STM32_USB_Host_Library/Class/HID/Src/usbh_hid_mouse.c ****   * @{
  38:Middlewares/ST/STM32_USB_Host_Library/Class/HID/Src/usbh_hid_mouse.c ****   */
  39:Middlewares/ST/STM32_USB_Host_Library/Class/HID/Src/usbh_hid_mouse.c **** 
  40:Middlewares/ST/STM32_USB_Host_Library/Class/HID/Src/usbh_hid_mouse.c **** /** @addtogroup USBH_HID_CLASS
  41:Middlewares/ST/STM32_USB_Host_Library/Class/HID/Src/usbh_hid_mouse.c ****   * @{
  42:Middlewares/ST/STM32_USB_Host_Library/Class/HID/Src/usbh_hid_mouse.c ****   */
  43:Middlewares/ST/STM32_USB_Host_Library/Class/HID/Src/usbh_hid_mouse.c **** 
  44:Middlewares/ST/STM32_USB_Host_Library/Class/HID/Src/usbh_hid_mouse.c **** /** @defgroup USBH_HID_MOUSE
  45:Middlewares/ST/STM32_USB_Host_Library/Class/HID/Src/usbh_hid_mouse.c ****   * @brief    This file includes HID Layer Handlers for USB Host HID class.
  46:Middlewares/ST/STM32_USB_Host_Library/Class/HID/Src/usbh_hid_mouse.c ****   * @{
  47:Middlewares/ST/STM32_USB_Host_Library/Class/HID/Src/usbh_hid_mouse.c ****   */
  48:Middlewares/ST/STM32_USB_Host_Library/Class/HID/Src/usbh_hid_mouse.c **** 
  49:Middlewares/ST/STM32_USB_Host_Library/Class/HID/Src/usbh_hid_mouse.c **** /** @defgroup USBH_HID_MOUSE_Private_TypesDefinitions
  50:Middlewares/ST/STM32_USB_Host_Library/Class/HID/Src/usbh_hid_mouse.c ****   * @{
  51:Middlewares/ST/STM32_USB_Host_Library/Class/HID/Src/usbh_hid_mouse.c ****   */
  52:Middlewares/ST/STM32_USB_Host_Library/Class/HID/Src/usbh_hid_mouse.c **** /**
  53:Middlewares/ST/STM32_USB_Host_Library/Class/HID/Src/usbh_hid_mouse.c ****   * @}
  54:Middlewares/ST/STM32_USB_Host_Library/Class/HID/Src/usbh_hid_mouse.c ****   */
  55:Middlewares/ST/STM32_USB_Host_Library/Class/HID/Src/usbh_hid_mouse.c **** 
  56:Middlewares/ST/STM32_USB_Host_Library/Class/HID/Src/usbh_hid_mouse.c **** 
  57:Middlewares/ST/STM32_USB_Host_Library/Class/HID/Src/usbh_hid_mouse.c **** /** @defgroup USBH_HID_MOUSE_Private_Defines
  58:Middlewares/ST/STM32_USB_Host_Library/Class/HID/Src/usbh_hid_mouse.c ****   * @{
  59:Middlewares/ST/STM32_USB_Host_Library/Class/HID/Src/usbh_hid_mouse.c ****   */
  60:Middlewares/ST/STM32_USB_Host_Library/Class/HID/Src/usbh_hid_mouse.c **** /**
  61:Middlewares/ST/STM32_USB_Host_Library/Class/HID/Src/usbh_hid_mouse.c ****   * @}
  62:Middlewares/ST/STM32_USB_Host_Library/Class/HID/Src/usbh_hid_mouse.c ****   */
  63:Middlewares/ST/STM32_USB_Host_Library/Class/HID/Src/usbh_hid_mouse.c **** 
  64:Middlewares/ST/STM32_USB_Host_Library/Class/HID/Src/usbh_hid_mouse.c **** 
  65:Middlewares/ST/STM32_USB_Host_Library/Class/HID/Src/usbh_hid_mouse.c **** /** @defgroup USBH_HID_MOUSE_Private_Macros
  66:Middlewares/ST/STM32_USB_Host_Library/Class/HID/Src/usbh_hid_mouse.c ****   * @{
  67:Middlewares/ST/STM32_USB_Host_Library/Class/HID/Src/usbh_hid_mouse.c ****   */
  68:Middlewares/ST/STM32_USB_Host_Library/Class/HID/Src/usbh_hid_mouse.c **** /**
  69:Middlewares/ST/STM32_USB_Host_Library/Class/HID/Src/usbh_hid_mouse.c ****   * @}
  70:Middlewares/ST/STM32_USB_Host_Library/Class/HID/Src/usbh_hid_mouse.c ****   */
  71:Middlewares/ST/STM32_USB_Host_Library/Class/HID/Src/usbh_hid_mouse.c **** 
  72:Middlewares/ST/STM32_USB_Host_Library/Class/HID/Src/usbh_hid_mouse.c **** /** @defgroup USBH_HID_MOUSE_Private_FunctionPrototypes
  73:Middlewares/ST/STM32_USB_Host_Library/Class/HID/Src/usbh_hid_mouse.c ****   * @{
  74:Middlewares/ST/STM32_USB_Host_Library/Class/HID/Src/usbh_hid_mouse.c ****   */
  75:Middlewares/ST/STM32_USB_Host_Library/Class/HID/Src/usbh_hid_mouse.c **** static USBH_StatusTypeDef USBH_HID_MouseDecode(USBH_HandleTypeDef *phost);
  76:Middlewares/ST/STM32_USB_Host_Library/Class/HID/Src/usbh_hid_mouse.c **** 
  77:Middlewares/ST/STM32_USB_Host_Library/Class/HID/Src/usbh_hid_mouse.c **** /**
  78:Middlewares/ST/STM32_USB_Host_Library/Class/HID/Src/usbh_hid_mouse.c ****   * @}
  79:Middlewares/ST/STM32_USB_Host_Library/Class/HID/Src/usbh_hid_mouse.c ****   */
  80:Middlewares/ST/STM32_USB_Host_Library/Class/HID/Src/usbh_hid_mouse.c **** 
  81:Middlewares/ST/STM32_USB_Host_Library/Class/HID/Src/usbh_hid_mouse.c **** 
  82:Middlewares/ST/STM32_USB_Host_Library/Class/HID/Src/usbh_hid_mouse.c **** /** @defgroup USBH_HID_MOUSE_Private_Variables
  83:Middlewares/ST/STM32_USB_Host_Library/Class/HID/Src/usbh_hid_mouse.c ****   * @{
  84:Middlewares/ST/STM32_USB_Host_Library/Class/HID/Src/usbh_hid_mouse.c ****   */
  85:Middlewares/ST/STM32_USB_Host_Library/Class/HID/Src/usbh_hid_mouse.c **** HID_MOUSE_Info_TypeDef    mouse_info;
  86:Middlewares/ST/STM32_USB_Host_Library/Class/HID/Src/usbh_hid_mouse.c **** uint32_t                  mouse_report_data[2];
  87:Middlewares/ST/STM32_USB_Host_Library/Class/HID/Src/usbh_hid_mouse.c **** uint32_t                  mouse_rx_report_buf[2];
  88:Middlewares/ST/STM32_USB_Host_Library/Class/HID/Src/usbh_hid_mouse.c **** 
ARM GAS  /tmp/ccq63NX3.s 			page 3


  89:Middlewares/ST/STM32_USB_Host_Library/Class/HID/Src/usbh_hid_mouse.c **** /* Structures defining how to access items in a HID mouse report */
  90:Middlewares/ST/STM32_USB_Host_Library/Class/HID/Src/usbh_hid_mouse.c **** /* Access button 1 state. */
  91:Middlewares/ST/STM32_USB_Host_Library/Class/HID/Src/usbh_hid_mouse.c **** static const HID_Report_ItemTypedef prop_b1 =
  92:Middlewares/ST/STM32_USB_Host_Library/Class/HID/Src/usbh_hid_mouse.c **** {
  93:Middlewares/ST/STM32_USB_Host_Library/Class/HID/Src/usbh_hid_mouse.c ****   (uint8_t *)(void *)mouse_report_data + 0, /*data*/
  94:Middlewares/ST/STM32_USB_Host_Library/Class/HID/Src/usbh_hid_mouse.c ****   1,     /*size*/
  95:Middlewares/ST/STM32_USB_Host_Library/Class/HID/Src/usbh_hid_mouse.c ****   0,     /*shift*/
  96:Middlewares/ST/STM32_USB_Host_Library/Class/HID/Src/usbh_hid_mouse.c ****   0,     /*count (only for array items)*/
  97:Middlewares/ST/STM32_USB_Host_Library/Class/HID/Src/usbh_hid_mouse.c ****   0,     /*signed?*/
  98:Middlewares/ST/STM32_USB_Host_Library/Class/HID/Src/usbh_hid_mouse.c ****   0,     /*min value read can return*/
  99:Middlewares/ST/STM32_USB_Host_Library/Class/HID/Src/usbh_hid_mouse.c ****   1,     /*max value read can return*/
 100:Middlewares/ST/STM32_USB_Host_Library/Class/HID/Src/usbh_hid_mouse.c ****   0,     /*min value device can report*/
 101:Middlewares/ST/STM32_USB_Host_Library/Class/HID/Src/usbh_hid_mouse.c ****   1,     /*max value device can report*/
 102:Middlewares/ST/STM32_USB_Host_Library/Class/HID/Src/usbh_hid_mouse.c ****   1      /*resolution*/
 103:Middlewares/ST/STM32_USB_Host_Library/Class/HID/Src/usbh_hid_mouse.c **** };
 104:Middlewares/ST/STM32_USB_Host_Library/Class/HID/Src/usbh_hid_mouse.c **** 
 105:Middlewares/ST/STM32_USB_Host_Library/Class/HID/Src/usbh_hid_mouse.c **** /* Access button 2 state. */
 106:Middlewares/ST/STM32_USB_Host_Library/Class/HID/Src/usbh_hid_mouse.c **** static const HID_Report_ItemTypedef prop_b2 =
 107:Middlewares/ST/STM32_USB_Host_Library/Class/HID/Src/usbh_hid_mouse.c **** {
 108:Middlewares/ST/STM32_USB_Host_Library/Class/HID/Src/usbh_hid_mouse.c ****   (uint8_t *)(void *)mouse_report_data + 0, /*data*/
 109:Middlewares/ST/STM32_USB_Host_Library/Class/HID/Src/usbh_hid_mouse.c ****   1,     /*size*/
 110:Middlewares/ST/STM32_USB_Host_Library/Class/HID/Src/usbh_hid_mouse.c ****   1,     /*shift*/
 111:Middlewares/ST/STM32_USB_Host_Library/Class/HID/Src/usbh_hid_mouse.c ****   0,     /*count (only for array items)*/
 112:Middlewares/ST/STM32_USB_Host_Library/Class/HID/Src/usbh_hid_mouse.c ****   0,     /*signed?*/
 113:Middlewares/ST/STM32_USB_Host_Library/Class/HID/Src/usbh_hid_mouse.c ****   0,     /*min value read can return*/
 114:Middlewares/ST/STM32_USB_Host_Library/Class/HID/Src/usbh_hid_mouse.c ****   1,     /*max value read can return*/
 115:Middlewares/ST/STM32_USB_Host_Library/Class/HID/Src/usbh_hid_mouse.c ****   0,     /*min value device can report*/
 116:Middlewares/ST/STM32_USB_Host_Library/Class/HID/Src/usbh_hid_mouse.c ****   1,     /*max value device can report*/
 117:Middlewares/ST/STM32_USB_Host_Library/Class/HID/Src/usbh_hid_mouse.c ****   1      /*resolution*/
 118:Middlewares/ST/STM32_USB_Host_Library/Class/HID/Src/usbh_hid_mouse.c **** };
 119:Middlewares/ST/STM32_USB_Host_Library/Class/HID/Src/usbh_hid_mouse.c **** 
 120:Middlewares/ST/STM32_USB_Host_Library/Class/HID/Src/usbh_hid_mouse.c **** /* Access button 3 state. */
 121:Middlewares/ST/STM32_USB_Host_Library/Class/HID/Src/usbh_hid_mouse.c **** static const HID_Report_ItemTypedef prop_b3 =
 122:Middlewares/ST/STM32_USB_Host_Library/Class/HID/Src/usbh_hid_mouse.c **** {
 123:Middlewares/ST/STM32_USB_Host_Library/Class/HID/Src/usbh_hid_mouse.c ****   (uint8_t *)(void *)mouse_report_data + 0, /*data*/
 124:Middlewares/ST/STM32_USB_Host_Library/Class/HID/Src/usbh_hid_mouse.c ****   1,     /*size*/
 125:Middlewares/ST/STM32_USB_Host_Library/Class/HID/Src/usbh_hid_mouse.c ****   2,     /*shift*/
 126:Middlewares/ST/STM32_USB_Host_Library/Class/HID/Src/usbh_hid_mouse.c ****   0,     /*count (only for array items)*/
 127:Middlewares/ST/STM32_USB_Host_Library/Class/HID/Src/usbh_hid_mouse.c ****   0,     /*signed?*/
 128:Middlewares/ST/STM32_USB_Host_Library/Class/HID/Src/usbh_hid_mouse.c ****   0,     /*min value read can return*/
 129:Middlewares/ST/STM32_USB_Host_Library/Class/HID/Src/usbh_hid_mouse.c ****   1,     /*max value read can return*/
 130:Middlewares/ST/STM32_USB_Host_Library/Class/HID/Src/usbh_hid_mouse.c ****   0,     /*min vale device can report*/
 131:Middlewares/ST/STM32_USB_Host_Library/Class/HID/Src/usbh_hid_mouse.c ****   1,     /*max value device can report*/
 132:Middlewares/ST/STM32_USB_Host_Library/Class/HID/Src/usbh_hid_mouse.c ****   1      /*resolution*/
 133:Middlewares/ST/STM32_USB_Host_Library/Class/HID/Src/usbh_hid_mouse.c **** };
 134:Middlewares/ST/STM32_USB_Host_Library/Class/HID/Src/usbh_hid_mouse.c **** 
 135:Middlewares/ST/STM32_USB_Host_Library/Class/HID/Src/usbh_hid_mouse.c **** /* Access x coordinate change. */
 136:Middlewares/ST/STM32_USB_Host_Library/Class/HID/Src/usbh_hid_mouse.c **** static const HID_Report_ItemTypedef prop_x =
 137:Middlewares/ST/STM32_USB_Host_Library/Class/HID/Src/usbh_hid_mouse.c **** {
 138:Middlewares/ST/STM32_USB_Host_Library/Class/HID/Src/usbh_hid_mouse.c ****   (uint8_t *)(void *)mouse_report_data + 1, /*data*/
 139:Middlewares/ST/STM32_USB_Host_Library/Class/HID/Src/usbh_hid_mouse.c ****   8,     /*size*/
 140:Middlewares/ST/STM32_USB_Host_Library/Class/HID/Src/usbh_hid_mouse.c ****   0,     /*shift*/
 141:Middlewares/ST/STM32_USB_Host_Library/Class/HID/Src/usbh_hid_mouse.c ****   0,     /*count (only for array items)*/
 142:Middlewares/ST/STM32_USB_Host_Library/Class/HID/Src/usbh_hid_mouse.c ****   1,     /*signed?*/
 143:Middlewares/ST/STM32_USB_Host_Library/Class/HID/Src/usbh_hid_mouse.c ****   0,     /*min value read can return*/
 144:Middlewares/ST/STM32_USB_Host_Library/Class/HID/Src/usbh_hid_mouse.c ****   0xFFFF,/*max value read can return*/
 145:Middlewares/ST/STM32_USB_Host_Library/Class/HID/Src/usbh_hid_mouse.c ****   0,     /*min vale device can report*/
ARM GAS  /tmp/ccq63NX3.s 			page 4


 146:Middlewares/ST/STM32_USB_Host_Library/Class/HID/Src/usbh_hid_mouse.c ****   0xFFFF,/*max value device can report*/
 147:Middlewares/ST/STM32_USB_Host_Library/Class/HID/Src/usbh_hid_mouse.c ****   1      /*resolution*/
 148:Middlewares/ST/STM32_USB_Host_Library/Class/HID/Src/usbh_hid_mouse.c **** };
 149:Middlewares/ST/STM32_USB_Host_Library/Class/HID/Src/usbh_hid_mouse.c **** 
 150:Middlewares/ST/STM32_USB_Host_Library/Class/HID/Src/usbh_hid_mouse.c **** /* Access y coordinate change. */
 151:Middlewares/ST/STM32_USB_Host_Library/Class/HID/Src/usbh_hid_mouse.c **** static const HID_Report_ItemTypedef prop_y =
 152:Middlewares/ST/STM32_USB_Host_Library/Class/HID/Src/usbh_hid_mouse.c **** {
 153:Middlewares/ST/STM32_USB_Host_Library/Class/HID/Src/usbh_hid_mouse.c ****   (uint8_t *)(void *)mouse_report_data + 2, /*data*/
 154:Middlewares/ST/STM32_USB_Host_Library/Class/HID/Src/usbh_hid_mouse.c ****   8,     /*size*/
 155:Middlewares/ST/STM32_USB_Host_Library/Class/HID/Src/usbh_hid_mouse.c ****   0,     /*shift*/
 156:Middlewares/ST/STM32_USB_Host_Library/Class/HID/Src/usbh_hid_mouse.c ****   0,     /*count (only for array items)*/
 157:Middlewares/ST/STM32_USB_Host_Library/Class/HID/Src/usbh_hid_mouse.c ****   1,     /*signed?*/
 158:Middlewares/ST/STM32_USB_Host_Library/Class/HID/Src/usbh_hid_mouse.c ****   0,     /*min value read can return*/
 159:Middlewares/ST/STM32_USB_Host_Library/Class/HID/Src/usbh_hid_mouse.c ****   0xFFFF,/*max value read can return*/
 160:Middlewares/ST/STM32_USB_Host_Library/Class/HID/Src/usbh_hid_mouse.c ****   0,     /*min vale device can report*/
 161:Middlewares/ST/STM32_USB_Host_Library/Class/HID/Src/usbh_hid_mouse.c ****   0xFFFF,/*max value device can report*/
 162:Middlewares/ST/STM32_USB_Host_Library/Class/HID/Src/usbh_hid_mouse.c ****   1      /*resolution*/
 163:Middlewares/ST/STM32_USB_Host_Library/Class/HID/Src/usbh_hid_mouse.c **** };
 164:Middlewares/ST/STM32_USB_Host_Library/Class/HID/Src/usbh_hid_mouse.c **** 
 165:Middlewares/ST/STM32_USB_Host_Library/Class/HID/Src/usbh_hid_mouse.c **** 
 166:Middlewares/ST/STM32_USB_Host_Library/Class/HID/Src/usbh_hid_mouse.c **** /**
 167:Middlewares/ST/STM32_USB_Host_Library/Class/HID/Src/usbh_hid_mouse.c ****   * @}
 168:Middlewares/ST/STM32_USB_Host_Library/Class/HID/Src/usbh_hid_mouse.c ****   */
 169:Middlewares/ST/STM32_USB_Host_Library/Class/HID/Src/usbh_hid_mouse.c **** 
 170:Middlewares/ST/STM32_USB_Host_Library/Class/HID/Src/usbh_hid_mouse.c **** 
 171:Middlewares/ST/STM32_USB_Host_Library/Class/HID/Src/usbh_hid_mouse.c **** /** @defgroup USBH_HID_MOUSE_Private_Functions
 172:Middlewares/ST/STM32_USB_Host_Library/Class/HID/Src/usbh_hid_mouse.c ****   * @{
 173:Middlewares/ST/STM32_USB_Host_Library/Class/HID/Src/usbh_hid_mouse.c ****   */
 174:Middlewares/ST/STM32_USB_Host_Library/Class/HID/Src/usbh_hid_mouse.c **** 
 175:Middlewares/ST/STM32_USB_Host_Library/Class/HID/Src/usbh_hid_mouse.c **** /**
 176:Middlewares/ST/STM32_USB_Host_Library/Class/HID/Src/usbh_hid_mouse.c ****   * @brief  USBH_HID_MouseInit
 177:Middlewares/ST/STM32_USB_Host_Library/Class/HID/Src/usbh_hid_mouse.c ****   *         The function init the HID mouse.
 178:Middlewares/ST/STM32_USB_Host_Library/Class/HID/Src/usbh_hid_mouse.c ****   * @param  phost: Host handle
 179:Middlewares/ST/STM32_USB_Host_Library/Class/HID/Src/usbh_hid_mouse.c ****   * @retval USBH Status
 180:Middlewares/ST/STM32_USB_Host_Library/Class/HID/Src/usbh_hid_mouse.c ****   */
 181:Middlewares/ST/STM32_USB_Host_Library/Class/HID/Src/usbh_hid_mouse.c **** USBH_StatusTypeDef USBH_HID_MouseInit(USBH_HandleTypeDef *phost)
 182:Middlewares/ST/STM32_USB_Host_Library/Class/HID/Src/usbh_hid_mouse.c **** {
 183:Middlewares/ST/STM32_USB_Host_Library/Class/HID/Src/usbh_hid_mouse.c ****   uint32_t i;
 184:Middlewares/ST/STM32_USB_Host_Library/Class/HID/Src/usbh_hid_mouse.c ****   HID_HandleTypeDef *HID_Handle = (HID_HandleTypeDef *) phost->pActiveClass->pData;
 185:Middlewares/ST/STM32_USB_Host_Library/Class/HID/Src/usbh_hid_mouse.c **** 
 186:Middlewares/ST/STM32_USB_Host_Library/Class/HID/Src/usbh_hid_mouse.c ****   mouse_info.x = 0U;
 187:Middlewares/ST/STM32_USB_Host_Library/Class/HID/Src/usbh_hid_mouse.c ****   mouse_info.y = 0U;
 188:Middlewares/ST/STM32_USB_Host_Library/Class/HID/Src/usbh_hid_mouse.c ****   mouse_info.buttons[0] = 0U;
 189:Middlewares/ST/STM32_USB_Host_Library/Class/HID/Src/usbh_hid_mouse.c ****   mouse_info.buttons[1] = 0U;
 190:Middlewares/ST/STM32_USB_Host_Library/Class/HID/Src/usbh_hid_mouse.c ****   mouse_info.buttons[2] = 0U;
 191:Middlewares/ST/STM32_USB_Host_Library/Class/HID/Src/usbh_hid_mouse.c **** 
 192:Middlewares/ST/STM32_USB_Host_Library/Class/HID/Src/usbh_hid_mouse.c ****   for (i = 0U; i < (sizeof(mouse_report_data) / sizeof(uint32_t)); i++)
 193:Middlewares/ST/STM32_USB_Host_Library/Class/HID/Src/usbh_hid_mouse.c ****   {
 194:Middlewares/ST/STM32_USB_Host_Library/Class/HID/Src/usbh_hid_mouse.c ****     mouse_report_data[i] = 0U;
 195:Middlewares/ST/STM32_USB_Host_Library/Class/HID/Src/usbh_hid_mouse.c ****     mouse_rx_report_buf[i] = 0U;
 196:Middlewares/ST/STM32_USB_Host_Library/Class/HID/Src/usbh_hid_mouse.c ****   }
 197:Middlewares/ST/STM32_USB_Host_Library/Class/HID/Src/usbh_hid_mouse.c **** 
 198:Middlewares/ST/STM32_USB_Host_Library/Class/HID/Src/usbh_hid_mouse.c ****   if (HID_Handle->length > sizeof(mouse_report_data))
 199:Middlewares/ST/STM32_USB_Host_Library/Class/HID/Src/usbh_hid_mouse.c ****   {
 200:Middlewares/ST/STM32_USB_Host_Library/Class/HID/Src/usbh_hid_mouse.c ****     HID_Handle->length = sizeof(mouse_report_data);
 201:Middlewares/ST/STM32_USB_Host_Library/Class/HID/Src/usbh_hid_mouse.c ****   }
 202:Middlewares/ST/STM32_USB_Host_Library/Class/HID/Src/usbh_hid_mouse.c ****   HID_Handle->pData = (uint8_t *)(void *)mouse_rx_report_buf;
ARM GAS  /tmp/ccq63NX3.s 			page 5


 203:Middlewares/ST/STM32_USB_Host_Library/Class/HID/Src/usbh_hid_mouse.c ****   USBH_HID_FifoInit(&HID_Handle->fifo, phost->device.Data, HID_QUEUE_SIZE * sizeof(mouse_report_dat
 204:Middlewares/ST/STM32_USB_Host_Library/Class/HID/Src/usbh_hid_mouse.c **** 
 205:Middlewares/ST/STM32_USB_Host_Library/Class/HID/Src/usbh_hid_mouse.c ****   return USBH_OK;
 206:Middlewares/ST/STM32_USB_Host_Library/Class/HID/Src/usbh_hid_mouse.c **** }
 207:Middlewares/ST/STM32_USB_Host_Library/Class/HID/Src/usbh_hid_mouse.c **** 
 208:Middlewares/ST/STM32_USB_Host_Library/Class/HID/Src/usbh_hid_mouse.c **** /**
 209:Middlewares/ST/STM32_USB_Host_Library/Class/HID/Src/usbh_hid_mouse.c ****   * @brief  USBH_HID_GetMouseInfo
 210:Middlewares/ST/STM32_USB_Host_Library/Class/HID/Src/usbh_hid_mouse.c ****   *         The function return mouse information.
 211:Middlewares/ST/STM32_USB_Host_Library/Class/HID/Src/usbh_hid_mouse.c ****   * @param  phost: Host handle
 212:Middlewares/ST/STM32_USB_Host_Library/Class/HID/Src/usbh_hid_mouse.c ****   * @retval mouse information
 213:Middlewares/ST/STM32_USB_Host_Library/Class/HID/Src/usbh_hid_mouse.c ****   */
 214:Middlewares/ST/STM32_USB_Host_Library/Class/HID/Src/usbh_hid_mouse.c **** HID_MOUSE_Info_TypeDef *USBH_HID_GetMouseInfo(USBH_HandleTypeDef *phost)
 215:Middlewares/ST/STM32_USB_Host_Library/Class/HID/Src/usbh_hid_mouse.c **** {
 216:Middlewares/ST/STM32_USB_Host_Library/Class/HID/Src/usbh_hid_mouse.c ****   if (USBH_HID_MouseDecode(phost) == USBH_OK)
 217:Middlewares/ST/STM32_USB_Host_Library/Class/HID/Src/usbh_hid_mouse.c ****   {
 218:Middlewares/ST/STM32_USB_Host_Library/Class/HID/Src/usbh_hid_mouse.c ****     return &mouse_info;
 219:Middlewares/ST/STM32_USB_Host_Library/Class/HID/Src/usbh_hid_mouse.c ****   }
 220:Middlewares/ST/STM32_USB_Host_Library/Class/HID/Src/usbh_hid_mouse.c ****   else
 221:Middlewares/ST/STM32_USB_Host_Library/Class/HID/Src/usbh_hid_mouse.c ****   {
 222:Middlewares/ST/STM32_USB_Host_Library/Class/HID/Src/usbh_hid_mouse.c ****     return NULL;
 223:Middlewares/ST/STM32_USB_Host_Library/Class/HID/Src/usbh_hid_mouse.c ****   }
 224:Middlewares/ST/STM32_USB_Host_Library/Class/HID/Src/usbh_hid_mouse.c **** }
 225:Middlewares/ST/STM32_USB_Host_Library/Class/HID/Src/usbh_hid_mouse.c **** 
 226:Middlewares/ST/STM32_USB_Host_Library/Class/HID/Src/usbh_hid_mouse.c **** /**
 227:Middlewares/ST/STM32_USB_Host_Library/Class/HID/Src/usbh_hid_mouse.c ****   * @brief  USBH_HID_MouseDecode
 228:Middlewares/ST/STM32_USB_Host_Library/Class/HID/Src/usbh_hid_mouse.c ****   *         The function decode mouse data.
 229:Middlewares/ST/STM32_USB_Host_Library/Class/HID/Src/usbh_hid_mouse.c ****   * @param  phost: Host handle
 230:Middlewares/ST/STM32_USB_Host_Library/Class/HID/Src/usbh_hid_mouse.c ****   * @retval USBH Status
 231:Middlewares/ST/STM32_USB_Host_Library/Class/HID/Src/usbh_hid_mouse.c ****   */
 232:Middlewares/ST/STM32_USB_Host_Library/Class/HID/Src/usbh_hid_mouse.c **** static USBH_StatusTypeDef USBH_HID_MouseDecode(USBH_HandleTypeDef *phost)
 233:Middlewares/ST/STM32_USB_Host_Library/Class/HID/Src/usbh_hid_mouse.c **** {
  28              		.loc 1 233 1 view -0
  29              		.cfi_startproc
  30              		@ args = 0, pretend = 0, frame = 0
  31              		@ frame_needed = 0, uses_anonymous_args = 0
  32              		.loc 1 233 1 is_stmt 0 view .LVU1
  33 0000 10B5     		push	{r4, lr}
  34              	.LCFI0:
  35              		.cfi_def_cfa_offset 8
  36              		.cfi_offset 4, -8
  37              		.cfi_offset 14, -4
 234:Middlewares/ST/STM32_USB_Host_Library/Class/HID/Src/usbh_hid_mouse.c ****   HID_HandleTypeDef *HID_Handle = (HID_HandleTypeDef *) phost->pActiveClass->pData;
  38              		.loc 1 234 3 is_stmt 1 view .LVU2
  39              		.loc 1 234 62 is_stmt 0 view .LVU3
  40 0002 D0F87C33 		ldr	r3, [r0, #892]
  41              		.loc 1 234 22 view .LVU4
  42 0006 DC69     		ldr	r4, [r3, #28]
  43              	.LVL1:
 235:Middlewares/ST/STM32_USB_Host_Library/Class/HID/Src/usbh_hid_mouse.c **** 
 236:Middlewares/ST/STM32_USB_Host_Library/Class/HID/Src/usbh_hid_mouse.c ****   if (HID_Handle->length == 0U)
  44              		.loc 1 236 3 is_stmt 1 view .LVU5
  45              		.loc 1 236 17 is_stmt 0 view .LVU6
  46 0008 228B     		ldrh	r2, [r4, #24]
  47              		.loc 1 236 6 view .LVU7
  48 000a 2AB3     		cbz	r2, .L3
 237:Middlewares/ST/STM32_USB_Host_Library/Class/HID/Src/usbh_hid_mouse.c ****   {
 238:Middlewares/ST/STM32_USB_Host_Library/Class/HID/Src/usbh_hid_mouse.c ****     return USBH_FAIL;
ARM GAS  /tmp/ccq63NX3.s 			page 6


 239:Middlewares/ST/STM32_USB_Host_Library/Class/HID/Src/usbh_hid_mouse.c ****   }
 240:Middlewares/ST/STM32_USB_Host_Library/Class/HID/Src/usbh_hid_mouse.c ****   /*Fill report */
 241:Middlewares/ST/STM32_USB_Host_Library/Class/HID/Src/usbh_hid_mouse.c ****   if (USBH_HID_FifoRead(&HID_Handle->fifo, &mouse_report_data, HID_Handle->length) ==  HID_Handle->
  49              		.loc 1 241 3 is_stmt 1 view .LVU8
  50              		.loc 1 241 7 is_stmt 0 view .LVU9
  51 000c 1349     		ldr	r1, .L7
  52 000e 04F10800 		add	r0, r4, #8
  53              	.LVL2:
  54              		.loc 1 241 7 view .LVU10
  55 0012 FFF7FEFF 		bl	USBH_HID_FifoRead
  56              	.LVL3:
  57              		.loc 1 241 98 discriminator 1 view .LVU11
  58 0016 238B     		ldrh	r3, [r4, #24]
  59              		.loc 1 241 6 discriminator 1 view .LVU12
  60 0018 9842     		cmp	r0, r3
  61 001a 01D0     		beq	.L6
 242:Middlewares/ST/STM32_USB_Host_Library/Class/HID/Src/usbh_hid_mouse.c ****   {
 243:Middlewares/ST/STM32_USB_Host_Library/Class/HID/Src/usbh_hid_mouse.c ****     /*Decode report */
 244:Middlewares/ST/STM32_USB_Host_Library/Class/HID/Src/usbh_hid_mouse.c ****     mouse_info.x = (uint8_t)HID_ReadItem((HID_Report_ItemTypedef *) &prop_x, 0U);
 245:Middlewares/ST/STM32_USB_Host_Library/Class/HID/Src/usbh_hid_mouse.c ****     mouse_info.y = (uint8_t)HID_ReadItem((HID_Report_ItemTypedef *) &prop_y, 0U);
 246:Middlewares/ST/STM32_USB_Host_Library/Class/HID/Src/usbh_hid_mouse.c **** 
 247:Middlewares/ST/STM32_USB_Host_Library/Class/HID/Src/usbh_hid_mouse.c ****     mouse_info.buttons[0] = (uint8_t)HID_ReadItem((HID_Report_ItemTypedef *) &prop_b1, 0U);
 248:Middlewares/ST/STM32_USB_Host_Library/Class/HID/Src/usbh_hid_mouse.c ****     mouse_info.buttons[1] = (uint8_t)HID_ReadItem((HID_Report_ItemTypedef *) &prop_b2, 0U);
 249:Middlewares/ST/STM32_USB_Host_Library/Class/HID/Src/usbh_hid_mouse.c ****     mouse_info.buttons[2] = (uint8_t)HID_ReadItem((HID_Report_ItemTypedef *) &prop_b3, 0U);
 250:Middlewares/ST/STM32_USB_Host_Library/Class/HID/Src/usbh_hid_mouse.c **** 
 251:Middlewares/ST/STM32_USB_Host_Library/Class/HID/Src/usbh_hid_mouse.c ****     return USBH_OK;
 252:Middlewares/ST/STM32_USB_Host_Library/Class/HID/Src/usbh_hid_mouse.c ****   }
 253:Middlewares/ST/STM32_USB_Host_Library/Class/HID/Src/usbh_hid_mouse.c ****   return   USBH_FAIL;
  62              		.loc 1 253 12 view .LVU13
  63 001c 0220     		movs	r0, #2
  64              	.LVL4:
  65              	.L2:
 254:Middlewares/ST/STM32_USB_Host_Library/Class/HID/Src/usbh_hid_mouse.c **** }
  66              		.loc 1 254 1 view .LVU14
  67 001e 10BD     		pop	{r4, pc}
  68              	.LVL5:
  69              	.L6:
 244:Middlewares/ST/STM32_USB_Host_Library/Class/HID/Src/usbh_hid_mouse.c ****     mouse_info.y = (uint8_t)HID_ReadItem((HID_Report_ItemTypedef *) &prop_y, 0U);
  70              		.loc 1 244 5 is_stmt 1 view .LVU15
 244:Middlewares/ST/STM32_USB_Host_Library/Class/HID/Src/usbh_hid_mouse.c ****     mouse_info.y = (uint8_t)HID_ReadItem((HID_Report_ItemTypedef *) &prop_y, 0U);
  71              		.loc 1 244 29 is_stmt 0 view .LVU16
  72 0020 0021     		movs	r1, #0
  73 0022 0F48     		ldr	r0, .L7+4
  74 0024 FFF7FEFF 		bl	HID_ReadItem
  75              	.LVL6:
 244:Middlewares/ST/STM32_USB_Host_Library/Class/HID/Src/usbh_hid_mouse.c ****     mouse_info.y = (uint8_t)HID_ReadItem((HID_Report_ItemTypedef *) &prop_y, 0U);
  76              		.loc 1 244 18 discriminator 1 view .LVU17
  77 0028 0E4C     		ldr	r4, .L7+8
  78              	.LVL7:
 244:Middlewares/ST/STM32_USB_Host_Library/Class/HID/Src/usbh_hid_mouse.c ****     mouse_info.y = (uint8_t)HID_ReadItem((HID_Report_ItemTypedef *) &prop_y, 0U);
  79              		.loc 1 244 18 discriminator 1 view .LVU18
  80 002a 2070     		strb	r0, [r4]
 245:Middlewares/ST/STM32_USB_Host_Library/Class/HID/Src/usbh_hid_mouse.c **** 
  81              		.loc 1 245 5 is_stmt 1 view .LVU19
 245:Middlewares/ST/STM32_USB_Host_Library/Class/HID/Src/usbh_hid_mouse.c **** 
  82              		.loc 1 245 29 is_stmt 0 view .LVU20
  83 002c 0021     		movs	r1, #0
ARM GAS  /tmp/ccq63NX3.s 			page 7


  84 002e 0E48     		ldr	r0, .L7+12
  85 0030 FFF7FEFF 		bl	HID_ReadItem
  86              	.LVL8:
 245:Middlewares/ST/STM32_USB_Host_Library/Class/HID/Src/usbh_hid_mouse.c **** 
  87              		.loc 1 245 18 discriminator 1 view .LVU21
  88 0034 6070     		strb	r0, [r4, #1]
 247:Middlewares/ST/STM32_USB_Host_Library/Class/HID/Src/usbh_hid_mouse.c ****     mouse_info.buttons[1] = (uint8_t)HID_ReadItem((HID_Report_ItemTypedef *) &prop_b2, 0U);
  89              		.loc 1 247 5 is_stmt 1 view .LVU22
 247:Middlewares/ST/STM32_USB_Host_Library/Class/HID/Src/usbh_hid_mouse.c ****     mouse_info.buttons[1] = (uint8_t)HID_ReadItem((HID_Report_ItemTypedef *) &prop_b2, 0U);
  90              		.loc 1 247 38 is_stmt 0 view .LVU23
  91 0036 0021     		movs	r1, #0
  92 0038 0C48     		ldr	r0, .L7+16
  93 003a FFF7FEFF 		bl	HID_ReadItem
  94              	.LVL9:
 247:Middlewares/ST/STM32_USB_Host_Library/Class/HID/Src/usbh_hid_mouse.c ****     mouse_info.buttons[1] = (uint8_t)HID_ReadItem((HID_Report_ItemTypedef *) &prop_b2, 0U);
  95              		.loc 1 247 27 discriminator 1 view .LVU24
  96 003e A070     		strb	r0, [r4, #2]
 248:Middlewares/ST/STM32_USB_Host_Library/Class/HID/Src/usbh_hid_mouse.c ****     mouse_info.buttons[2] = (uint8_t)HID_ReadItem((HID_Report_ItemTypedef *) &prop_b3, 0U);
  97              		.loc 1 248 5 is_stmt 1 view .LVU25
 248:Middlewares/ST/STM32_USB_Host_Library/Class/HID/Src/usbh_hid_mouse.c ****     mouse_info.buttons[2] = (uint8_t)HID_ReadItem((HID_Report_ItemTypedef *) &prop_b3, 0U);
  98              		.loc 1 248 38 is_stmt 0 view .LVU26
  99 0040 0021     		movs	r1, #0
 100 0042 0B48     		ldr	r0, .L7+20
 101 0044 FFF7FEFF 		bl	HID_ReadItem
 102              	.LVL10:
 248:Middlewares/ST/STM32_USB_Host_Library/Class/HID/Src/usbh_hid_mouse.c ****     mouse_info.buttons[2] = (uint8_t)HID_ReadItem((HID_Report_ItemTypedef *) &prop_b3, 0U);
 103              		.loc 1 248 27 discriminator 1 view .LVU27
 104 0048 E070     		strb	r0, [r4, #3]
 249:Middlewares/ST/STM32_USB_Host_Library/Class/HID/Src/usbh_hid_mouse.c **** 
 105              		.loc 1 249 5 is_stmt 1 view .LVU28
 249:Middlewares/ST/STM32_USB_Host_Library/Class/HID/Src/usbh_hid_mouse.c **** 
 106              		.loc 1 249 38 is_stmt 0 view .LVU29
 107 004a 0021     		movs	r1, #0
 108 004c 0948     		ldr	r0, .L7+24
 109 004e FFF7FEFF 		bl	HID_ReadItem
 110              	.LVL11:
 249:Middlewares/ST/STM32_USB_Host_Library/Class/HID/Src/usbh_hid_mouse.c **** 
 111              		.loc 1 249 27 discriminator 1 view .LVU30
 112 0052 2071     		strb	r0, [r4, #4]
 251:Middlewares/ST/STM32_USB_Host_Library/Class/HID/Src/usbh_hid_mouse.c ****   }
 113              		.loc 1 251 5 is_stmt 1 view .LVU31
 251:Middlewares/ST/STM32_USB_Host_Library/Class/HID/Src/usbh_hid_mouse.c ****   }
 114              		.loc 1 251 12 is_stmt 0 view .LVU32
 115 0054 0020     		movs	r0, #0
 116 0056 E2E7     		b	.L2
 117              	.LVL12:
 118              	.L3:
 238:Middlewares/ST/STM32_USB_Host_Library/Class/HID/Src/usbh_hid_mouse.c ****   }
 119              		.loc 1 238 12 view .LVU33
 120 0058 0220     		movs	r0, #2
 121              	.LVL13:
 238:Middlewares/ST/STM32_USB_Host_Library/Class/HID/Src/usbh_hid_mouse.c ****   }
 122              		.loc 1 238 12 view .LVU34
 123 005a E0E7     		b	.L2
 124              	.L8:
 125              		.align	2
 126              	.L7:
ARM GAS  /tmp/ccq63NX3.s 			page 8


 127 005c 00000000 		.word	mouse_report_data
 128 0060 00000000 		.word	prop_x
 129 0064 00000000 		.word	mouse_info
 130 0068 00000000 		.word	prop_y
 131 006c 00000000 		.word	prop_b1
 132 0070 00000000 		.word	prop_b2
 133 0074 00000000 		.word	prop_b3
 134              		.cfi_endproc
 135              	.LFE333:
 137              		.section	.text.USBH_HID_MouseInit,"ax",%progbits
 138              		.align	1
 139              		.global	USBH_HID_MouseInit
 140              		.syntax unified
 141              		.thumb
 142              		.thumb_func
 144              	USBH_HID_MouseInit:
 145              	.LVL14:
 146              	.LFB331:
 182:Middlewares/ST/STM32_USB_Host_Library/Class/HID/Src/usbh_hid_mouse.c ****   uint32_t i;
 147              		.loc 1 182 1 is_stmt 1 view -0
 148              		.cfi_startproc
 149              		@ args = 0, pretend = 0, frame = 0
 150              		@ frame_needed = 0, uses_anonymous_args = 0
 182:Middlewares/ST/STM32_USB_Host_Library/Class/HID/Src/usbh_hid_mouse.c ****   uint32_t i;
 151              		.loc 1 182 1 is_stmt 0 view .LVU36
 152 0000 10B5     		push	{r4, lr}
 153              	.LCFI1:
 154              		.cfi_def_cfa_offset 8
 155              		.cfi_offset 4, -8
 156              		.cfi_offset 14, -4
 183:Middlewares/ST/STM32_USB_Host_Library/Class/HID/Src/usbh_hid_mouse.c ****   HID_HandleTypeDef *HID_Handle = (HID_HandleTypeDef *) phost->pActiveClass->pData;
 157              		.loc 1 183 3 is_stmt 1 view .LVU37
 184:Middlewares/ST/STM32_USB_Host_Library/Class/HID/Src/usbh_hid_mouse.c **** 
 158              		.loc 1 184 3 view .LVU38
 184:Middlewares/ST/STM32_USB_Host_Library/Class/HID/Src/usbh_hid_mouse.c **** 
 159              		.loc 1 184 62 is_stmt 0 view .LVU39
 160 0002 D0F87C33 		ldr	r3, [r0, #892]
 184:Middlewares/ST/STM32_USB_Host_Library/Class/HID/Src/usbh_hid_mouse.c **** 
 161              		.loc 1 184 22 view .LVU40
 162 0006 DC69     		ldr	r4, [r3, #28]
 163              	.LVL15:
 186:Middlewares/ST/STM32_USB_Host_Library/Class/HID/Src/usbh_hid_mouse.c ****   mouse_info.y = 0U;
 164              		.loc 1 186 3 is_stmt 1 view .LVU41
 186:Middlewares/ST/STM32_USB_Host_Library/Class/HID/Src/usbh_hid_mouse.c ****   mouse_info.y = 0U;
 165              		.loc 1 186 16 is_stmt 0 view .LVU42
 166 0008 104A     		ldr	r2, .L14
 167 000a 0023     		movs	r3, #0
 168 000c 1370     		strb	r3, [r2]
 187:Middlewares/ST/STM32_USB_Host_Library/Class/HID/Src/usbh_hid_mouse.c ****   mouse_info.buttons[0] = 0U;
 169              		.loc 1 187 3 is_stmt 1 view .LVU43
 187:Middlewares/ST/STM32_USB_Host_Library/Class/HID/Src/usbh_hid_mouse.c ****   mouse_info.buttons[0] = 0U;
 170              		.loc 1 187 16 is_stmt 0 view .LVU44
 171 000e 5370     		strb	r3, [r2, #1]
 188:Middlewares/ST/STM32_USB_Host_Library/Class/HID/Src/usbh_hid_mouse.c ****   mouse_info.buttons[1] = 0U;
 172              		.loc 1 188 3 is_stmt 1 view .LVU45
 188:Middlewares/ST/STM32_USB_Host_Library/Class/HID/Src/usbh_hid_mouse.c ****   mouse_info.buttons[1] = 0U;
 173              		.loc 1 188 25 is_stmt 0 view .LVU46
ARM GAS  /tmp/ccq63NX3.s 			page 9


 174 0010 9370     		strb	r3, [r2, #2]
 189:Middlewares/ST/STM32_USB_Host_Library/Class/HID/Src/usbh_hid_mouse.c ****   mouse_info.buttons[2] = 0U;
 175              		.loc 1 189 3 is_stmt 1 view .LVU47
 189:Middlewares/ST/STM32_USB_Host_Library/Class/HID/Src/usbh_hid_mouse.c ****   mouse_info.buttons[2] = 0U;
 176              		.loc 1 189 25 is_stmt 0 view .LVU48
 177 0012 D370     		strb	r3, [r2, #3]
 190:Middlewares/ST/STM32_USB_Host_Library/Class/HID/Src/usbh_hid_mouse.c **** 
 178              		.loc 1 190 3 is_stmt 1 view .LVU49
 190:Middlewares/ST/STM32_USB_Host_Library/Class/HID/Src/usbh_hid_mouse.c **** 
 179              		.loc 1 190 25 is_stmt 0 view .LVU50
 180 0014 1371     		strb	r3, [r2, #4]
 192:Middlewares/ST/STM32_USB_Host_Library/Class/HID/Src/usbh_hid_mouse.c ****   {
 181              		.loc 1 192 3 is_stmt 1 view .LVU51
 182              	.LVL16:
 192:Middlewares/ST/STM32_USB_Host_Library/Class/HID/Src/usbh_hid_mouse.c ****   {
 183              		.loc 1 192 3 is_stmt 0 view .LVU52
 184 0016 07E0     		b	.L10
 185              	.LVL17:
 186              	.L11:
 194:Middlewares/ST/STM32_USB_Host_Library/Class/HID/Src/usbh_hid_mouse.c ****     mouse_rx_report_buf[i] = 0U;
 187              		.loc 1 194 5 is_stmt 1 view .LVU53
 194:Middlewares/ST/STM32_USB_Host_Library/Class/HID/Src/usbh_hid_mouse.c ****     mouse_rx_report_buf[i] = 0U;
 188              		.loc 1 194 26 is_stmt 0 view .LVU54
 189 0018 0022     		movs	r2, #0
 190 001a 0D49     		ldr	r1, .L14+4
 191 001c 41F82320 		str	r2, [r1, r3, lsl #2]
 195:Middlewares/ST/STM32_USB_Host_Library/Class/HID/Src/usbh_hid_mouse.c ****   }
 192              		.loc 1 195 5 is_stmt 1 view .LVU55
 195:Middlewares/ST/STM32_USB_Host_Library/Class/HID/Src/usbh_hid_mouse.c ****   }
 193              		.loc 1 195 28 is_stmt 0 view .LVU56
 194 0020 0C49     		ldr	r1, .L14+8
 195 0022 41F82320 		str	r2, [r1, r3, lsl #2]
 192:Middlewares/ST/STM32_USB_Host_Library/Class/HID/Src/usbh_hid_mouse.c ****   {
 196              		.loc 1 192 69 is_stmt 1 discriminator 3 view .LVU57
 197 0026 0133     		adds	r3, r3, #1
 198              	.LVL18:
 199              	.L10:
 192:Middlewares/ST/STM32_USB_Host_Library/Class/HID/Src/usbh_hid_mouse.c ****   {
 200              		.loc 1 192 18 discriminator 1 view .LVU58
 201 0028 012B     		cmp	r3, #1
 202 002a F5D9     		bls	.L11
 198:Middlewares/ST/STM32_USB_Host_Library/Class/HID/Src/usbh_hid_mouse.c ****   {
 203              		.loc 1 198 3 view .LVU59
 198:Middlewares/ST/STM32_USB_Host_Library/Class/HID/Src/usbh_hid_mouse.c ****   {
 204              		.loc 1 198 17 is_stmt 0 view .LVU60
 205 002c 238B     		ldrh	r3, [r4, #24]
 206              	.LVL19:
 198:Middlewares/ST/STM32_USB_Host_Library/Class/HID/Src/usbh_hid_mouse.c ****   {
 207              		.loc 1 198 6 view .LVU61
 208 002e 082B     		cmp	r3, #8
 209 0030 01D9     		bls	.L12
 200:Middlewares/ST/STM32_USB_Host_Library/Class/HID/Src/usbh_hid_mouse.c ****   }
 210              		.loc 1 200 5 is_stmt 1 view .LVU62
 200:Middlewares/ST/STM32_USB_Host_Library/Class/HID/Src/usbh_hid_mouse.c ****   }
 211              		.loc 1 200 24 is_stmt 0 view .LVU63
 212 0032 0823     		movs	r3, #8
 213 0034 2383     		strh	r3, [r4, #24]	@ movhi
ARM GAS  /tmp/ccq63NX3.s 			page 10


 214              	.L12:
 202:Middlewares/ST/STM32_USB_Host_Library/Class/HID/Src/usbh_hid_mouse.c ****   USBH_HID_FifoInit(&HID_Handle->fifo, phost->device.Data, HID_QUEUE_SIZE * sizeof(mouse_report_dat
 215              		.loc 1 202 3 is_stmt 1 view .LVU64
 202:Middlewares/ST/STM32_USB_Host_Library/Class/HID/Src/usbh_hid_mouse.c ****   USBH_HID_FifoInit(&HID_Handle->fifo, phost->device.Data, HID_QUEUE_SIZE * sizeof(mouse_report_dat
 216              		.loc 1 202 21 is_stmt 0 view .LVU65
 217 0036 074B     		ldr	r3, .L14+8
 218 0038 6361     		str	r3, [r4, #20]
 203:Middlewares/ST/STM32_USB_Host_Library/Class/HID/Src/usbh_hid_mouse.c **** 
 219              		.loc 1 203 3 is_stmt 1 view .LVU66
 220 003a 5022     		movs	r2, #80
 221 003c 00F58E71 		add	r1, r0, #284
 222 0040 04F10800 		add	r0, r4, #8
 223              	.LVL20:
 203:Middlewares/ST/STM32_USB_Host_Library/Class/HID/Src/usbh_hid_mouse.c **** 
 224              		.loc 1 203 3 is_stmt 0 view .LVU67
 225 0044 FFF7FEFF 		bl	USBH_HID_FifoInit
 226              	.LVL21:
 205:Middlewares/ST/STM32_USB_Host_Library/Class/HID/Src/usbh_hid_mouse.c **** }
 227              		.loc 1 205 3 is_stmt 1 view .LVU68
 206:Middlewares/ST/STM32_USB_Host_Library/Class/HID/Src/usbh_hid_mouse.c **** 
 228              		.loc 1 206 1 is_stmt 0 view .LVU69
 229 0048 0020     		movs	r0, #0
 230 004a 10BD     		pop	{r4, pc}
 231              	.LVL22:
 232              	.L15:
 206:Middlewares/ST/STM32_USB_Host_Library/Class/HID/Src/usbh_hid_mouse.c **** 
 233              		.loc 1 206 1 view .LVU70
 234              		.align	2
 235              	.L14:
 236 004c 00000000 		.word	mouse_info
 237 0050 00000000 		.word	mouse_report_data
 238 0054 00000000 		.word	mouse_rx_report_buf
 239              		.cfi_endproc
 240              	.LFE331:
 242              		.section	.text.USBH_HID_GetMouseInfo,"ax",%progbits
 243              		.align	1
 244              		.global	USBH_HID_GetMouseInfo
 245              		.syntax unified
 246              		.thumb
 247              		.thumb_func
 249              	USBH_HID_GetMouseInfo:
 250              	.LVL23:
 251              	.LFB332:
 215:Middlewares/ST/STM32_USB_Host_Library/Class/HID/Src/usbh_hid_mouse.c ****   if (USBH_HID_MouseDecode(phost) == USBH_OK)
 252              		.loc 1 215 1 is_stmt 1 view -0
 253              		.cfi_startproc
 254              		@ args = 0, pretend = 0, frame = 0
 255              		@ frame_needed = 0, uses_anonymous_args = 0
 215:Middlewares/ST/STM32_USB_Host_Library/Class/HID/Src/usbh_hid_mouse.c ****   if (USBH_HID_MouseDecode(phost) == USBH_OK)
 256              		.loc 1 215 1 is_stmt 0 view .LVU72
 257 0000 08B5     		push	{r3, lr}
 258              	.LCFI2:
 259              		.cfi_def_cfa_offset 8
 260              		.cfi_offset 3, -8
 261              		.cfi_offset 14, -4
 216:Middlewares/ST/STM32_USB_Host_Library/Class/HID/Src/usbh_hid_mouse.c ****   {
 262              		.loc 1 216 3 is_stmt 1 view .LVU73
ARM GAS  /tmp/ccq63NX3.s 			page 11


 216:Middlewares/ST/STM32_USB_Host_Library/Class/HID/Src/usbh_hid_mouse.c ****   {
 263              		.loc 1 216 7 is_stmt 0 view .LVU74
 264 0002 FFF7FEFF 		bl	USBH_HID_MouseDecode
 265              	.LVL24:
 216:Middlewares/ST/STM32_USB_Host_Library/Class/HID/Src/usbh_hid_mouse.c ****   {
 266              		.loc 1 216 6 discriminator 1 view .LVU75
 267 0006 08B9     		cbnz	r0, .L18
 218:Middlewares/ST/STM32_USB_Host_Library/Class/HID/Src/usbh_hid_mouse.c ****   }
 268              		.loc 1 218 12 view .LVU76
 269 0008 0148     		ldr	r0, .L20
 270              	.L16:
 224:Middlewares/ST/STM32_USB_Host_Library/Class/HID/Src/usbh_hid_mouse.c **** 
 271              		.loc 1 224 1 view .LVU77
 272 000a 08BD     		pop	{r3, pc}
 273              	.L18:
 222:Middlewares/ST/STM32_USB_Host_Library/Class/HID/Src/usbh_hid_mouse.c ****   }
 274              		.loc 1 222 12 view .LVU78
 275 000c 0020     		movs	r0, #0
 276 000e FCE7     		b	.L16
 277              	.L21:
 278              		.align	2
 279              	.L20:
 280 0010 00000000 		.word	mouse_info
 281              		.cfi_endproc
 282              	.LFE332:
 284              		.section	.rodata.prop_y,"a"
 285              		.align	2
 288              	prop_y:
 289 0000 02000000 		.word	mouse_report_data+2
 290 0004 08000000 		.word	8
 291 0008 00       		.byte	0
 292 0009 00       		.byte	0
 293 000a 01       		.byte	1
 294 000b 00       		.space	1
 295 000c 00000000 		.word	0
 296 0010 FFFF0000 		.word	65535
 297 0014 00000000 		.word	0
 298 0018 FFFF0000 		.word	65535
 299 001c 01000000 		.word	1
 300              		.section	.rodata.prop_x,"a"
 301              		.align	2
 304              	prop_x:
 305 0000 01000000 		.word	mouse_report_data+1
 306 0004 08000000 		.word	8
 307 0008 00       		.byte	0
 308 0009 00       		.byte	0
 309 000a 01       		.byte	1
 310 000b 00       		.space	1
 311 000c 00000000 		.word	0
 312 0010 FFFF0000 		.word	65535
 313 0014 00000000 		.word	0
 314 0018 FFFF0000 		.word	65535
 315 001c 01000000 		.word	1
 316              		.section	.rodata.prop_b3,"a"
 317              		.align	2
 320              	prop_b3:
 321 0000 00000000 		.word	mouse_report_data
ARM GAS  /tmp/ccq63NX3.s 			page 12


 322 0004 01000000 		.word	1
 323 0008 02       		.byte	2
 324 0009 00       		.byte	0
 325 000a 00       		.byte	0
 326 000b 00       		.space	1
 327 000c 00000000 		.word	0
 328 0010 01000000 		.word	1
 329 0014 00000000 		.word	0
 330 0018 01000000 		.word	1
 331 001c 01000000 		.word	1
 332              		.section	.rodata.prop_b2,"a"
 333              		.align	2
 336              	prop_b2:
 337 0000 00000000 		.word	mouse_report_data
 338 0004 01000000 		.word	1
 339 0008 01       		.byte	1
 340 0009 00       		.byte	0
 341 000a 00       		.byte	0
 342 000b 00       		.space	1
 343 000c 00000000 		.word	0
 344 0010 01000000 		.word	1
 345 0014 00000000 		.word	0
 346 0018 01000000 		.word	1
 347 001c 01000000 		.word	1
 348              		.section	.rodata.prop_b1,"a"
 349              		.align	2
 352              	prop_b1:
 353 0000 00000000 		.word	mouse_report_data
 354 0004 01000000 		.word	1
 355 0008 00       		.byte	0
 356 0009 00       		.byte	0
 357 000a 00       		.byte	0
 358 000b 00       		.space	1
 359 000c 00000000 		.word	0
 360 0010 01000000 		.word	1
 361 0014 00000000 		.word	0
 362 0018 01000000 		.word	1
 363 001c 01000000 		.word	1
 364              		.global	mouse_rx_report_buf
 365              		.section	.bss.mouse_rx_report_buf,"aw",%nobits
 366              		.align	2
 369              	mouse_rx_report_buf:
 370 0000 00000000 		.space	8
 370      00000000 
 371              		.global	mouse_report_data
 372              		.section	.bss.mouse_report_data,"aw",%nobits
 373              		.align	2
 376              	mouse_report_data:
 377 0000 00000000 		.space	8
 377      00000000 
 378              		.global	mouse_info
 379              		.section	.bss.mouse_info,"aw",%nobits
 380              		.align	2
 383              	mouse_info:
 384 0000 00000000 		.space	5
 384      00
 385              		.text
ARM GAS  /tmp/ccq63NX3.s 			page 13


 386              	.Letext0:
 387              		.file 2 "/home/jyko/Embedded/arm-gnu-toolchain-13.2.rel1-x86_64-arm-none-eabi/arm-none-eabi/includ
 388              		.file 3 "/home/jyko/Embedded/arm-gnu-toolchain-13.2.rel1-x86_64-arm-none-eabi/arm-none-eabi/includ
 389              		.file 4 "Middlewares/ST/STM32_USB_Host_Library/Core/Inc/usbh_def.h"
 390              		.file 5 "Middlewares/ST/STM32_USB_Host_Library/Class/HID/Inc/usbh_hid.h"
 391              		.file 6 "Middlewares/ST/STM32_USB_Host_Library/Class/HID/Inc/usbh_hid_mouse.h"
 392              		.file 7 "Middlewares/ST/STM32_USB_Host_Library/Class/HID/Inc/usbh_hid_parser.h"
ARM GAS  /tmp/ccq63NX3.s 			page 14


DEFINED SYMBOLS
                            *ABS*:00000000 usbh_hid_mouse.c
     /tmp/ccq63NX3.s:20     .text.USBH_HID_MouseDecode:00000000 $t
     /tmp/ccq63NX3.s:25     .text.USBH_HID_MouseDecode:00000000 USBH_HID_MouseDecode
     /tmp/ccq63NX3.s:127    .text.USBH_HID_MouseDecode:0000005c $d
     /tmp/ccq63NX3.s:376    .bss.mouse_report_data:00000000 mouse_report_data
     /tmp/ccq63NX3.s:304    .rodata.prop_x:00000000 prop_x
     /tmp/ccq63NX3.s:383    .bss.mouse_info:00000000 mouse_info
     /tmp/ccq63NX3.s:288    .rodata.prop_y:00000000 prop_y
     /tmp/ccq63NX3.s:352    .rodata.prop_b1:00000000 prop_b1
     /tmp/ccq63NX3.s:336    .rodata.prop_b2:00000000 prop_b2
     /tmp/ccq63NX3.s:320    .rodata.prop_b3:00000000 prop_b3
     /tmp/ccq63NX3.s:138    .text.USBH_HID_MouseInit:00000000 $t
     /tmp/ccq63NX3.s:144    .text.USBH_HID_MouseInit:00000000 USBH_HID_MouseInit
     /tmp/ccq63NX3.s:236    .text.USBH_HID_MouseInit:0000004c $d
     /tmp/ccq63NX3.s:369    .bss.mouse_rx_report_buf:00000000 mouse_rx_report_buf
     /tmp/ccq63NX3.s:243    .text.USBH_HID_GetMouseInfo:00000000 $t
     /tmp/ccq63NX3.s:249    .text.USBH_HID_GetMouseInfo:00000000 USBH_HID_GetMouseInfo
     /tmp/ccq63NX3.s:280    .text.USBH_HID_GetMouseInfo:00000010 $d
     /tmp/ccq63NX3.s:285    .rodata.prop_y:00000000 $d
     /tmp/ccq63NX3.s:301    .rodata.prop_x:00000000 $d
     /tmp/ccq63NX3.s:317    .rodata.prop_b3:00000000 $d
     /tmp/ccq63NX3.s:333    .rodata.prop_b2:00000000 $d
     /tmp/ccq63NX3.s:349    .rodata.prop_b1:00000000 $d
     /tmp/ccq63NX3.s:366    .bss.mouse_rx_report_buf:00000000 $d
     /tmp/ccq63NX3.s:373    .bss.mouse_report_data:00000000 $d
     /tmp/ccq63NX3.s:380    .bss.mouse_info:00000000 $d

UNDEFINED SYMBOLS
USBH_HID_FifoRead
HID_ReadItem
USBH_HID_FifoInit
