ARM GAS  /tmp/cc3D8PAx.s 			page 1


   1              		.cpu cortex-m7
   2              		.arch armv7e-m
   3              		.fpu fpv5-d16
   4              		.eabi_attribute 28, 1
   5              		.eabi_attribute 20, 1
   6              		.eabi_attribute 21, 1
   7              		.eabi_attribute 23, 3
   8              		.eabi_attribute 24, 1
   9              		.eabi_attribute 25, 1
  10              		.eabi_attribute 26, 1
  11              		.eabi_attribute 30, 1
  12              		.eabi_attribute 34, 1
  13              		.eabi_attribute 18, 4
  14              		.file	"usbh_platform.c"
  15              		.text
  16              	.Ltext0:
  17              		.cfi_sections	.debug_frame
  18              		.file 1 "USB_HOST/Target/usbh_platform.c"
  19              		.section	.text.MX_DriverVbusFS,"ax",%progbits
  20              		.align	1
  21              		.global	MX_DriverVbusFS
  22              		.syntax unified
  23              		.thumb
  24              		.thumb_func
  26              	MX_DriverVbusFS:
  27              	.LVL0:
  28              	.LFB328:
   1:USB_HOST/Target/usbh_platform.c **** /* USER CODE BEGIN Header */
   2:USB_HOST/Target/usbh_platform.c **** /**
   3:USB_HOST/Target/usbh_platform.c ****   ******************************************************************************
   4:USB_HOST/Target/usbh_platform.c ****   * @file           : usbh_platform.c
   5:USB_HOST/Target/usbh_platform.c **** 
   6:USB_HOST/Target/usbh_platform.c ****   * @brief          : This file implements the USB platform
   7:USB_HOST/Target/usbh_platform.c ****   ******************************************************************************
   8:USB_HOST/Target/usbh_platform.c ****   * @attention
   9:USB_HOST/Target/usbh_platform.c ****   *
  10:USB_HOST/Target/usbh_platform.c ****   * <h2><center>&copy; Copyright (c) 2021 STMicroelectronics.
  11:USB_HOST/Target/usbh_platform.c ****   * All rights reserved.</center></h2>
  12:USB_HOST/Target/usbh_platform.c ****   *
  13:USB_HOST/Target/usbh_platform.c ****   * This software component is licensed by ST under Ultimate Liberty license
  14:USB_HOST/Target/usbh_platform.c ****   * SLA0044, the "License"; You may not use this file except in compliance with
  15:USB_HOST/Target/usbh_platform.c ****   * the License. You may obtain a copy of the License at:
  16:USB_HOST/Target/usbh_platform.c ****   *                             www.st.com/SLA0044
  17:USB_HOST/Target/usbh_platform.c ****   *
  18:USB_HOST/Target/usbh_platform.c ****   ******************************************************************************
  19:USB_HOST/Target/usbh_platform.c ****   */
  20:USB_HOST/Target/usbh_platform.c **** /* USER CODE END Header */
  21:USB_HOST/Target/usbh_platform.c **** 
  22:USB_HOST/Target/usbh_platform.c **** /* Includes ------------------------------------------------------------------*/
  23:USB_HOST/Target/usbh_platform.c **** #include "usbh_platform.h"
  24:USB_HOST/Target/usbh_platform.c **** 
  25:USB_HOST/Target/usbh_platform.c **** /* USER CODE BEGIN INCLUDE */
  26:USB_HOST/Target/usbh_platform.c **** 
  27:USB_HOST/Target/usbh_platform.c **** /* USER CODE END INCLUDE */
  28:USB_HOST/Target/usbh_platform.c **** 
  29:USB_HOST/Target/usbh_platform.c **** /**
  30:USB_HOST/Target/usbh_platform.c ****   * @brief  Drive VBUS.
ARM GAS  /tmp/cc3D8PAx.s 			page 2


  31:USB_HOST/Target/usbh_platform.c ****   * @param  state : VBUS state
  32:USB_HOST/Target/usbh_platform.c ****   *          This parameter can be one of the these values:
  33:USB_HOST/Target/usbh_platform.c ****   *           - 1 : VBUS Active
  34:USB_HOST/Target/usbh_platform.c ****   *           - 0 : VBUS Inactive
  35:USB_HOST/Target/usbh_platform.c ****   */
  36:USB_HOST/Target/usbh_platform.c **** void MX_DriverVbusFS(uint8_t state)
  37:USB_HOST/Target/usbh_platform.c **** {
  29              		.loc 1 37 1 view -0
  30              		.cfi_startproc
  31              		@ args = 0, pretend = 0, frame = 0
  32              		@ frame_needed = 0, uses_anonymous_args = 0
  33              		.loc 1 37 1 is_stmt 0 view .LVU1
  34 0000 08B5     		push	{r3, lr}
  35              	.LCFI0:
  36              		.cfi_def_cfa_offset 8
  37              		.cfi_offset 3, -8
  38              		.cfi_offset 14, -4
  38:USB_HOST/Target/usbh_platform.c ****   uint8_t data = state;
  39              		.loc 1 38 3 is_stmt 1 view .LVU2
  40              	.LVL1:
  39:USB_HOST/Target/usbh_platform.c ****   /* USER CODE BEGIN PREPARE_GPIO_DATA_VBUS_FS */
  40:USB_HOST/Target/usbh_platform.c ****   if(state == 0)
  41              		.loc 1 40 3 view .LVU3
  42              		.loc 1 40 5 is_stmt 0 view .LVU4
  43 0002 28B9     		cbnz	r0, .L3
  41:USB_HOST/Target/usbh_platform.c ****   {
  42:USB_HOST/Target/usbh_platform.c ****     /* Drive high Charge pump */
  43:USB_HOST/Target/usbh_platform.c ****     data = GPIO_PIN_SET;
  44              		.loc 1 43 10 view .LVU5
  45 0004 0122     		movs	r2, #1
  46              	.L2:
  47              	.LVL2:
  44:USB_HOST/Target/usbh_platform.c ****   }
  45:USB_HOST/Target/usbh_platform.c ****   else
  46:USB_HOST/Target/usbh_platform.c ****   {
  47:USB_HOST/Target/usbh_platform.c ****     /* Drive low Charge pump */
  48:USB_HOST/Target/usbh_platform.c ****     data = GPIO_PIN_RESET;
  49:USB_HOST/Target/usbh_platform.c ****   }
  50:USB_HOST/Target/usbh_platform.c ****   /* USER CODE END PREPARE_GPIO_DATA_VBUS_FS */
  51:USB_HOST/Target/usbh_platform.c ****   HAL_GPIO_WritePin(GPIOE,GPIO_PIN_3,(GPIO_PinState)data);
  48              		.loc 1 51 3 is_stmt 1 view .LVU6
  49 0006 0821     		movs	r1, #8
  50 0008 0248     		ldr	r0, .L5
  51              	.LVL3:
  52              		.loc 1 51 3 is_stmt 0 view .LVU7
  53 000a FFF7FEFF 		bl	HAL_GPIO_WritePin
  54              	.LVL4:
  52:USB_HOST/Target/usbh_platform.c **** }
  55              		.loc 1 52 1 view .LVU8
  56 000e 08BD     		pop	{r3, pc}
  57              	.LVL5:
  58              	.L3:
  48:USB_HOST/Target/usbh_platform.c ****   }
  59              		.loc 1 48 10 view .LVU9
  60 0010 0022     		movs	r2, #0
  61 0012 F8E7     		b	.L2
  62              	.L6:
ARM GAS  /tmp/cc3D8PAx.s 			page 3


  63              		.align	2
  64              	.L5:
  65 0014 00100258 		.word	1476530176
  66              		.cfi_endproc
  67              	.LFE328:
  69              		.text
  70              	.Letext0:
  71              		.file 2 "/home/jyko/Embedded/arm-gnu-toolchain-12.2.rel1-x86_64-arm-none-eabi/arm-none-eabi/includ
  72              		.file 3 "/home/jyko/Embedded/arm-gnu-toolchain-12.2.rel1-x86_64-arm-none-eabi/arm-none-eabi/includ
  73              		.file 4 "Drivers/CMSIS/Device/ST/STM32H7xx/Include/stm32h743xx.h"
  74              		.file 5 "Drivers/STM32H7xx_HAL_Driver/Inc/stm32h7xx_hal_gpio.h"
ARM GAS  /tmp/cc3D8PAx.s 			page 4


DEFINED SYMBOLS
                            *ABS*:0000000000000000 usbh_platform.c
     /tmp/cc3D8PAx.s:20     .text.MX_DriverVbusFS:0000000000000000 $t
     /tmp/cc3D8PAx.s:26     .text.MX_DriverVbusFS:0000000000000000 MX_DriverVbusFS
     /tmp/cc3D8PAx.s:65     .text.MX_DriverVbusFS:0000000000000014 $d

UNDEFINED SYMBOLS
HAL_GPIO_WritePin
