ARM GAS  /tmp/cc0CYvln.s 			page 1


   1              		.cpu cortex-m7
   2              		.arch armv7e-m
   3              		.fpu fpv5-d16
   4              		.eabi_attribute 28, 1
   5              		.eabi_attribute 20, 1
   6              		.eabi_attribute 21, 1
   7              		.eabi_attribute 23, 3
   8              		.eabi_attribute 24, 1
   9              		.eabi_attribute 25, 1
  10              		.eabi_attribute 26, 1
  11              		.eabi_attribute 30, 1
  12              		.eabi_attribute 34, 1
  13              		.eabi_attribute 18, 4
  14              		.file	"usbh_hid_keybd.c"
  15              		.text
  16              	.Ltext0:
  17              		.cfi_sections	.debug_frame
  18              		.file 1 "Middlewares/ST/STM32_USB_Host_Library/Class/HID/Src/usbh_hid_keybd.c"
  19              		.section	.text.USBH_HID_KeybdDecode,"ax",%progbits
  20              		.align	1
  21              		.syntax unified
  22              		.thumb
  23              		.thumb_func
  25              	USBH_HID_KeybdDecode:
  26              	.LVL0:
  27              	.LFB333:
   1:Middlewares/ST/STM32_USB_Host_Library/Class/HID/Src/usbh_hid_keybd.c **** /**
   2:Middlewares/ST/STM32_USB_Host_Library/Class/HID/Src/usbh_hid_keybd.c ****   ******************************************************************************
   3:Middlewares/ST/STM32_USB_Host_Library/Class/HID/Src/usbh_hid_keybd.c ****   * @file    usbh_hid_keybd.c
   4:Middlewares/ST/STM32_USB_Host_Library/Class/HID/Src/usbh_hid_keybd.c ****   * @author  MCD Application Team
   5:Middlewares/ST/STM32_USB_Host_Library/Class/HID/Src/usbh_hid_keybd.c ****   * @brief   This file is the application layer for USB Host HID Keyboard handling
   6:Middlewares/ST/STM32_USB_Host_Library/Class/HID/Src/usbh_hid_keybd.c ****   *          QWERTY and AZERTY Keyboard are supported as per the selection in
   7:Middlewares/ST/STM32_USB_Host_Library/Class/HID/Src/usbh_hid_keybd.c ****   *          usbh_hid_keybd.h
   8:Middlewares/ST/STM32_USB_Host_Library/Class/HID/Src/usbh_hid_keybd.c ****   ******************************************************************************
   9:Middlewares/ST/STM32_USB_Host_Library/Class/HID/Src/usbh_hid_keybd.c ****   * @attention
  10:Middlewares/ST/STM32_USB_Host_Library/Class/HID/Src/usbh_hid_keybd.c ****   *
  11:Middlewares/ST/STM32_USB_Host_Library/Class/HID/Src/usbh_hid_keybd.c ****   * <h2><center>&copy; Copyright (c) 2015 STMicroelectronics.
  12:Middlewares/ST/STM32_USB_Host_Library/Class/HID/Src/usbh_hid_keybd.c ****   * All rights reserved.</center></h2>
  13:Middlewares/ST/STM32_USB_Host_Library/Class/HID/Src/usbh_hid_keybd.c ****   *
  14:Middlewares/ST/STM32_USB_Host_Library/Class/HID/Src/usbh_hid_keybd.c ****   * This software component is licensed by ST under Ultimate Liberty license
  15:Middlewares/ST/STM32_USB_Host_Library/Class/HID/Src/usbh_hid_keybd.c ****   * SLA0044, the "License"; You may not use this file except in compliance with
  16:Middlewares/ST/STM32_USB_Host_Library/Class/HID/Src/usbh_hid_keybd.c ****   * the License. You may obtain a copy of the License at:
  17:Middlewares/ST/STM32_USB_Host_Library/Class/HID/Src/usbh_hid_keybd.c ****   *                      www.st.com/SLA0044
  18:Middlewares/ST/STM32_USB_Host_Library/Class/HID/Src/usbh_hid_keybd.c ****   *
  19:Middlewares/ST/STM32_USB_Host_Library/Class/HID/Src/usbh_hid_keybd.c ****   ******************************************************************************
  20:Middlewares/ST/STM32_USB_Host_Library/Class/HID/Src/usbh_hid_keybd.c ****   */
  21:Middlewares/ST/STM32_USB_Host_Library/Class/HID/Src/usbh_hid_keybd.c **** 
  22:Middlewares/ST/STM32_USB_Host_Library/Class/HID/Src/usbh_hid_keybd.c **** /* BSPDependencies
  23:Middlewares/ST/STM32_USB_Host_Library/Class/HID/Src/usbh_hid_keybd.c **** - "stm32xxxxx_{eval}{discovery}{nucleo_144}.c"
  24:Middlewares/ST/STM32_USB_Host_Library/Class/HID/Src/usbh_hid_keybd.c **** - "stm32xxxxx_{eval}{discovery}_io.c"
  25:Middlewares/ST/STM32_USB_Host_Library/Class/HID/Src/usbh_hid_keybd.c **** - "stm32xxxxx_{eval}{discovery}{adafruit}_lcd.c"
  26:Middlewares/ST/STM32_USB_Host_Library/Class/HID/Src/usbh_hid_keybd.c **** - "stm32xxxxx_{eval}{discovery}_sdram.c"
  27:Middlewares/ST/STM32_USB_Host_Library/Class/HID/Src/usbh_hid_keybd.c **** EndBSPDependencies */
  28:Middlewares/ST/STM32_USB_Host_Library/Class/HID/Src/usbh_hid_keybd.c **** 
  29:Middlewares/ST/STM32_USB_Host_Library/Class/HID/Src/usbh_hid_keybd.c **** /* Includes ------------------------------------------------------------------*/
  30:Middlewares/ST/STM32_USB_Host_Library/Class/HID/Src/usbh_hid_keybd.c **** #include "usbh_hid_keybd.h"
  31:Middlewares/ST/STM32_USB_Host_Library/Class/HID/Src/usbh_hid_keybd.c **** #include "usbh_hid_parser.h"
ARM GAS  /tmp/cc0CYvln.s 			page 2


  32:Middlewares/ST/STM32_USB_Host_Library/Class/HID/Src/usbh_hid_keybd.c **** 
  33:Middlewares/ST/STM32_USB_Host_Library/Class/HID/Src/usbh_hid_keybd.c **** /** @addtogroup USBH_LIB
  34:Middlewares/ST/STM32_USB_Host_Library/Class/HID/Src/usbh_hid_keybd.c **** * @{
  35:Middlewares/ST/STM32_USB_Host_Library/Class/HID/Src/usbh_hid_keybd.c **** */
  36:Middlewares/ST/STM32_USB_Host_Library/Class/HID/Src/usbh_hid_keybd.c **** 
  37:Middlewares/ST/STM32_USB_Host_Library/Class/HID/Src/usbh_hid_keybd.c **** /** @addtogroup USBH_CLASS
  38:Middlewares/ST/STM32_USB_Host_Library/Class/HID/Src/usbh_hid_keybd.c **** * @{
  39:Middlewares/ST/STM32_USB_Host_Library/Class/HID/Src/usbh_hid_keybd.c **** */
  40:Middlewares/ST/STM32_USB_Host_Library/Class/HID/Src/usbh_hid_keybd.c **** 
  41:Middlewares/ST/STM32_USB_Host_Library/Class/HID/Src/usbh_hid_keybd.c **** /** @addtogroup USBH_HID_CLASS
  42:Middlewares/ST/STM32_USB_Host_Library/Class/HID/Src/usbh_hid_keybd.c **** * @{
  43:Middlewares/ST/STM32_USB_Host_Library/Class/HID/Src/usbh_hid_keybd.c **** */
  44:Middlewares/ST/STM32_USB_Host_Library/Class/HID/Src/usbh_hid_keybd.c **** 
  45:Middlewares/ST/STM32_USB_Host_Library/Class/HID/Src/usbh_hid_keybd.c **** /** @defgroup USBH_HID_KEYBD
  46:Middlewares/ST/STM32_USB_Host_Library/Class/HID/Src/usbh_hid_keybd.c **** * @brief    This file includes HID Layer Handlers for USB Host HID class.
  47:Middlewares/ST/STM32_USB_Host_Library/Class/HID/Src/usbh_hid_keybd.c **** * @{
  48:Middlewares/ST/STM32_USB_Host_Library/Class/HID/Src/usbh_hid_keybd.c **** */
  49:Middlewares/ST/STM32_USB_Host_Library/Class/HID/Src/usbh_hid_keybd.c **** 
  50:Middlewares/ST/STM32_USB_Host_Library/Class/HID/Src/usbh_hid_keybd.c **** /** @defgroup USBH_HID_KEYBD_Private_TypesDefinitions
  51:Middlewares/ST/STM32_USB_Host_Library/Class/HID/Src/usbh_hid_keybd.c **** * @{
  52:Middlewares/ST/STM32_USB_Host_Library/Class/HID/Src/usbh_hid_keybd.c **** */
  53:Middlewares/ST/STM32_USB_Host_Library/Class/HID/Src/usbh_hid_keybd.c **** /**
  54:Middlewares/ST/STM32_USB_Host_Library/Class/HID/Src/usbh_hid_keybd.c **** * @}
  55:Middlewares/ST/STM32_USB_Host_Library/Class/HID/Src/usbh_hid_keybd.c **** */
  56:Middlewares/ST/STM32_USB_Host_Library/Class/HID/Src/usbh_hid_keybd.c **** 
  57:Middlewares/ST/STM32_USB_Host_Library/Class/HID/Src/usbh_hid_keybd.c **** 
  58:Middlewares/ST/STM32_USB_Host_Library/Class/HID/Src/usbh_hid_keybd.c **** /** @defgroup USBH_HID_KEYBD_Private_Defines
  59:Middlewares/ST/STM32_USB_Host_Library/Class/HID/Src/usbh_hid_keybd.c **** * @{
  60:Middlewares/ST/STM32_USB_Host_Library/Class/HID/Src/usbh_hid_keybd.c **** */
  61:Middlewares/ST/STM32_USB_Host_Library/Class/HID/Src/usbh_hid_keybd.c **** /**
  62:Middlewares/ST/STM32_USB_Host_Library/Class/HID/Src/usbh_hid_keybd.c **** * @}
  63:Middlewares/ST/STM32_USB_Host_Library/Class/HID/Src/usbh_hid_keybd.c **** */
  64:Middlewares/ST/STM32_USB_Host_Library/Class/HID/Src/usbh_hid_keybd.c **** #ifndef AZERTY_KEYBOARD
  65:Middlewares/ST/STM32_USB_Host_Library/Class/HID/Src/usbh_hid_keybd.c **** #define QWERTY_KEYBOARD
  66:Middlewares/ST/STM32_USB_Host_Library/Class/HID/Src/usbh_hid_keybd.c **** #endif
  67:Middlewares/ST/STM32_USB_Host_Library/Class/HID/Src/usbh_hid_keybd.c **** #define  KBD_LEFT_CTRL                                  0x01
  68:Middlewares/ST/STM32_USB_Host_Library/Class/HID/Src/usbh_hid_keybd.c **** #define  KBD_LEFT_SHIFT                                 0x02
  69:Middlewares/ST/STM32_USB_Host_Library/Class/HID/Src/usbh_hid_keybd.c **** #define  KBD_LEFT_ALT                                   0x04
  70:Middlewares/ST/STM32_USB_Host_Library/Class/HID/Src/usbh_hid_keybd.c **** #define  KBD_LEFT_GUI                                   0x08
  71:Middlewares/ST/STM32_USB_Host_Library/Class/HID/Src/usbh_hid_keybd.c **** #define  KBD_RIGHT_CTRL                                 0x10
  72:Middlewares/ST/STM32_USB_Host_Library/Class/HID/Src/usbh_hid_keybd.c **** #define  KBD_RIGHT_SHIFT                                0x20
  73:Middlewares/ST/STM32_USB_Host_Library/Class/HID/Src/usbh_hid_keybd.c **** #define  KBD_RIGHT_ALT                                  0x40
  74:Middlewares/ST/STM32_USB_Host_Library/Class/HID/Src/usbh_hid_keybd.c **** #define  KBD_RIGHT_GUI                                  0x80
  75:Middlewares/ST/STM32_USB_Host_Library/Class/HID/Src/usbh_hid_keybd.c **** #define  KBR_MAX_NBR_PRESSED                            6
  76:Middlewares/ST/STM32_USB_Host_Library/Class/HID/Src/usbh_hid_keybd.c **** 
  77:Middlewares/ST/STM32_USB_Host_Library/Class/HID/Src/usbh_hid_keybd.c **** /** @defgroup USBH_HID_KEYBD_Private_Macros
  78:Middlewares/ST/STM32_USB_Host_Library/Class/HID/Src/usbh_hid_keybd.c **** * @{
  79:Middlewares/ST/STM32_USB_Host_Library/Class/HID/Src/usbh_hid_keybd.c **** */
  80:Middlewares/ST/STM32_USB_Host_Library/Class/HID/Src/usbh_hid_keybd.c **** /**
  81:Middlewares/ST/STM32_USB_Host_Library/Class/HID/Src/usbh_hid_keybd.c **** * @}
  82:Middlewares/ST/STM32_USB_Host_Library/Class/HID/Src/usbh_hid_keybd.c **** */
  83:Middlewares/ST/STM32_USB_Host_Library/Class/HID/Src/usbh_hid_keybd.c **** 
  84:Middlewares/ST/STM32_USB_Host_Library/Class/HID/Src/usbh_hid_keybd.c **** /** @defgroup USBH_HID_KEYBD_Private_FunctionPrototypes
  85:Middlewares/ST/STM32_USB_Host_Library/Class/HID/Src/usbh_hid_keybd.c **** * @{
  86:Middlewares/ST/STM32_USB_Host_Library/Class/HID/Src/usbh_hid_keybd.c **** */
  87:Middlewares/ST/STM32_USB_Host_Library/Class/HID/Src/usbh_hid_keybd.c **** static USBH_StatusTypeDef USBH_HID_KeybdDecode(USBH_HandleTypeDef *phost);
  88:Middlewares/ST/STM32_USB_Host_Library/Class/HID/Src/usbh_hid_keybd.c **** /**
ARM GAS  /tmp/cc0CYvln.s 			page 3


  89:Middlewares/ST/STM32_USB_Host_Library/Class/HID/Src/usbh_hid_keybd.c **** * @}
  90:Middlewares/ST/STM32_USB_Host_Library/Class/HID/Src/usbh_hid_keybd.c **** */
  91:Middlewares/ST/STM32_USB_Host_Library/Class/HID/Src/usbh_hid_keybd.c **** 
  92:Middlewares/ST/STM32_USB_Host_Library/Class/HID/Src/usbh_hid_keybd.c **** /** @defgroup USBH_HID_KEYBD_Private_Variables
  93:Middlewares/ST/STM32_USB_Host_Library/Class/HID/Src/usbh_hid_keybd.c **** * @{
  94:Middlewares/ST/STM32_USB_Host_Library/Class/HID/Src/usbh_hid_keybd.c **** */
  95:Middlewares/ST/STM32_USB_Host_Library/Class/HID/Src/usbh_hid_keybd.c **** 
  96:Middlewares/ST/STM32_USB_Host_Library/Class/HID/Src/usbh_hid_keybd.c **** HID_KEYBD_Info_TypeDef     keybd_info;
  97:Middlewares/ST/STM32_USB_Host_Library/Class/HID/Src/usbh_hid_keybd.c **** uint32_t                   keybd_rx_report_buf[2];
  98:Middlewares/ST/STM32_USB_Host_Library/Class/HID/Src/usbh_hid_keybd.c **** uint32_t                   keybd_report_data[2];
  99:Middlewares/ST/STM32_USB_Host_Library/Class/HID/Src/usbh_hid_keybd.c **** 
 100:Middlewares/ST/STM32_USB_Host_Library/Class/HID/Src/usbh_hid_keybd.c **** static const HID_Report_ItemTypedef imp_0_lctrl =
 101:Middlewares/ST/STM32_USB_Host_Library/Class/HID/Src/usbh_hid_keybd.c **** {
 102:Middlewares/ST/STM32_USB_Host_Library/Class/HID/Src/usbh_hid_keybd.c ****   (uint8_t *)(void *)keybd_report_data + 0, /*data*/
 103:Middlewares/ST/STM32_USB_Host_Library/Class/HID/Src/usbh_hid_keybd.c ****   1,     /*size*/
 104:Middlewares/ST/STM32_USB_Host_Library/Class/HID/Src/usbh_hid_keybd.c ****   0,     /*shift*/
 105:Middlewares/ST/STM32_USB_Host_Library/Class/HID/Src/usbh_hid_keybd.c ****   0,     /*count (only for array items)*/
 106:Middlewares/ST/STM32_USB_Host_Library/Class/HID/Src/usbh_hid_keybd.c ****   0,     /*signed?*/
 107:Middlewares/ST/STM32_USB_Host_Library/Class/HID/Src/usbh_hid_keybd.c ****   0,     /*min value read can return*/
 108:Middlewares/ST/STM32_USB_Host_Library/Class/HID/Src/usbh_hid_keybd.c ****   1,     /*max value read can return*/
 109:Middlewares/ST/STM32_USB_Host_Library/Class/HID/Src/usbh_hid_keybd.c ****   0,     /*min vale device can report*/
 110:Middlewares/ST/STM32_USB_Host_Library/Class/HID/Src/usbh_hid_keybd.c ****   1,     /*max value device can report*/
 111:Middlewares/ST/STM32_USB_Host_Library/Class/HID/Src/usbh_hid_keybd.c ****   1      /*resolution*/
 112:Middlewares/ST/STM32_USB_Host_Library/Class/HID/Src/usbh_hid_keybd.c **** };
 113:Middlewares/ST/STM32_USB_Host_Library/Class/HID/Src/usbh_hid_keybd.c **** static const HID_Report_ItemTypedef imp_0_lshift =
 114:Middlewares/ST/STM32_USB_Host_Library/Class/HID/Src/usbh_hid_keybd.c **** {
 115:Middlewares/ST/STM32_USB_Host_Library/Class/HID/Src/usbh_hid_keybd.c ****   (uint8_t *)(void *)keybd_report_data + 0, /*data*/
 116:Middlewares/ST/STM32_USB_Host_Library/Class/HID/Src/usbh_hid_keybd.c ****   1,     /*size*/
 117:Middlewares/ST/STM32_USB_Host_Library/Class/HID/Src/usbh_hid_keybd.c ****   1,     /*shift*/
 118:Middlewares/ST/STM32_USB_Host_Library/Class/HID/Src/usbh_hid_keybd.c ****   0,     /*count (only for array items)*/
 119:Middlewares/ST/STM32_USB_Host_Library/Class/HID/Src/usbh_hid_keybd.c ****   0,     /*signed?*/
 120:Middlewares/ST/STM32_USB_Host_Library/Class/HID/Src/usbh_hid_keybd.c ****   0,     /*min value read can return*/
 121:Middlewares/ST/STM32_USB_Host_Library/Class/HID/Src/usbh_hid_keybd.c ****   1,     /*max value read can return*/
 122:Middlewares/ST/STM32_USB_Host_Library/Class/HID/Src/usbh_hid_keybd.c ****   0,     /*min vale device can report*/
 123:Middlewares/ST/STM32_USB_Host_Library/Class/HID/Src/usbh_hid_keybd.c ****   1,     /*max value device can report*/
 124:Middlewares/ST/STM32_USB_Host_Library/Class/HID/Src/usbh_hid_keybd.c ****   1      /*resolution*/
 125:Middlewares/ST/STM32_USB_Host_Library/Class/HID/Src/usbh_hid_keybd.c **** };
 126:Middlewares/ST/STM32_USB_Host_Library/Class/HID/Src/usbh_hid_keybd.c **** static const HID_Report_ItemTypedef imp_0_lalt =
 127:Middlewares/ST/STM32_USB_Host_Library/Class/HID/Src/usbh_hid_keybd.c **** {
 128:Middlewares/ST/STM32_USB_Host_Library/Class/HID/Src/usbh_hid_keybd.c ****   (uint8_t *)(void *)keybd_report_data + 0, /*data*/
 129:Middlewares/ST/STM32_USB_Host_Library/Class/HID/Src/usbh_hid_keybd.c ****   1,     /*size*/
 130:Middlewares/ST/STM32_USB_Host_Library/Class/HID/Src/usbh_hid_keybd.c ****   2,     /*shift*/
 131:Middlewares/ST/STM32_USB_Host_Library/Class/HID/Src/usbh_hid_keybd.c ****   0,     /*count (only for array items)*/
 132:Middlewares/ST/STM32_USB_Host_Library/Class/HID/Src/usbh_hid_keybd.c ****   0,     /*signed?*/
 133:Middlewares/ST/STM32_USB_Host_Library/Class/HID/Src/usbh_hid_keybd.c ****   0,     /*min value read can return*/
 134:Middlewares/ST/STM32_USB_Host_Library/Class/HID/Src/usbh_hid_keybd.c ****   1,     /*max value read can return*/
 135:Middlewares/ST/STM32_USB_Host_Library/Class/HID/Src/usbh_hid_keybd.c ****   0,     /*min vale device can report*/
 136:Middlewares/ST/STM32_USB_Host_Library/Class/HID/Src/usbh_hid_keybd.c ****   1,     /*max value device can report*/
 137:Middlewares/ST/STM32_USB_Host_Library/Class/HID/Src/usbh_hid_keybd.c ****   1      /*resolution*/
 138:Middlewares/ST/STM32_USB_Host_Library/Class/HID/Src/usbh_hid_keybd.c **** };
 139:Middlewares/ST/STM32_USB_Host_Library/Class/HID/Src/usbh_hid_keybd.c **** static const HID_Report_ItemTypedef imp_0_lgui =
 140:Middlewares/ST/STM32_USB_Host_Library/Class/HID/Src/usbh_hid_keybd.c **** {
 141:Middlewares/ST/STM32_USB_Host_Library/Class/HID/Src/usbh_hid_keybd.c ****   (uint8_t *)(void *)keybd_report_data + 0, /*data*/
 142:Middlewares/ST/STM32_USB_Host_Library/Class/HID/Src/usbh_hid_keybd.c ****   1,     /*size*/
 143:Middlewares/ST/STM32_USB_Host_Library/Class/HID/Src/usbh_hid_keybd.c ****   3,     /*shift*/
 144:Middlewares/ST/STM32_USB_Host_Library/Class/HID/Src/usbh_hid_keybd.c ****   0,     /*count (only for array items)*/
 145:Middlewares/ST/STM32_USB_Host_Library/Class/HID/Src/usbh_hid_keybd.c ****   0,     /*signed?*/
ARM GAS  /tmp/cc0CYvln.s 			page 4


 146:Middlewares/ST/STM32_USB_Host_Library/Class/HID/Src/usbh_hid_keybd.c ****   0,     /*min value read can return*/
 147:Middlewares/ST/STM32_USB_Host_Library/Class/HID/Src/usbh_hid_keybd.c ****   1,     /*max value read can return*/
 148:Middlewares/ST/STM32_USB_Host_Library/Class/HID/Src/usbh_hid_keybd.c ****   0,     /*min vale device can report*/
 149:Middlewares/ST/STM32_USB_Host_Library/Class/HID/Src/usbh_hid_keybd.c ****   1,     /*max value device can report*/
 150:Middlewares/ST/STM32_USB_Host_Library/Class/HID/Src/usbh_hid_keybd.c ****   1      /*resolution*/
 151:Middlewares/ST/STM32_USB_Host_Library/Class/HID/Src/usbh_hid_keybd.c **** };
 152:Middlewares/ST/STM32_USB_Host_Library/Class/HID/Src/usbh_hid_keybd.c **** static const HID_Report_ItemTypedef imp_0_rctrl =
 153:Middlewares/ST/STM32_USB_Host_Library/Class/HID/Src/usbh_hid_keybd.c **** {
 154:Middlewares/ST/STM32_USB_Host_Library/Class/HID/Src/usbh_hid_keybd.c ****   (uint8_t *)(void *)keybd_report_data + 0, /*data*/
 155:Middlewares/ST/STM32_USB_Host_Library/Class/HID/Src/usbh_hid_keybd.c ****   1,     /*size*/
 156:Middlewares/ST/STM32_USB_Host_Library/Class/HID/Src/usbh_hid_keybd.c ****   4,     /*shift*/
 157:Middlewares/ST/STM32_USB_Host_Library/Class/HID/Src/usbh_hid_keybd.c ****   0,     /*count (only for array items)*/
 158:Middlewares/ST/STM32_USB_Host_Library/Class/HID/Src/usbh_hid_keybd.c ****   0,     /*signed?*/
 159:Middlewares/ST/STM32_USB_Host_Library/Class/HID/Src/usbh_hid_keybd.c ****   0,     /*min value read can return*/
 160:Middlewares/ST/STM32_USB_Host_Library/Class/HID/Src/usbh_hid_keybd.c ****   1,     /*max value read can return*/
 161:Middlewares/ST/STM32_USB_Host_Library/Class/HID/Src/usbh_hid_keybd.c ****   0,     /*min vale device can report*/
 162:Middlewares/ST/STM32_USB_Host_Library/Class/HID/Src/usbh_hid_keybd.c ****   1,     /*max value device can report*/
 163:Middlewares/ST/STM32_USB_Host_Library/Class/HID/Src/usbh_hid_keybd.c ****   1      /*resolution*/
 164:Middlewares/ST/STM32_USB_Host_Library/Class/HID/Src/usbh_hid_keybd.c **** };
 165:Middlewares/ST/STM32_USB_Host_Library/Class/HID/Src/usbh_hid_keybd.c **** static const HID_Report_ItemTypedef imp_0_rshift =
 166:Middlewares/ST/STM32_USB_Host_Library/Class/HID/Src/usbh_hid_keybd.c **** {
 167:Middlewares/ST/STM32_USB_Host_Library/Class/HID/Src/usbh_hid_keybd.c ****   (uint8_t *)(void *)keybd_report_data + 0, /*data*/
 168:Middlewares/ST/STM32_USB_Host_Library/Class/HID/Src/usbh_hid_keybd.c ****   1,     /*size*/
 169:Middlewares/ST/STM32_USB_Host_Library/Class/HID/Src/usbh_hid_keybd.c ****   5,     /*shift*/
 170:Middlewares/ST/STM32_USB_Host_Library/Class/HID/Src/usbh_hid_keybd.c ****   0,     /*count (only for array items)*/
 171:Middlewares/ST/STM32_USB_Host_Library/Class/HID/Src/usbh_hid_keybd.c ****   0,     /*signed?*/
 172:Middlewares/ST/STM32_USB_Host_Library/Class/HID/Src/usbh_hid_keybd.c ****   0,     /*min value read can return*/
 173:Middlewares/ST/STM32_USB_Host_Library/Class/HID/Src/usbh_hid_keybd.c ****   1,     /*max value read can return*/
 174:Middlewares/ST/STM32_USB_Host_Library/Class/HID/Src/usbh_hid_keybd.c ****   0,     /*min vale device can report*/
 175:Middlewares/ST/STM32_USB_Host_Library/Class/HID/Src/usbh_hid_keybd.c ****   1,     /*max value device can report*/
 176:Middlewares/ST/STM32_USB_Host_Library/Class/HID/Src/usbh_hid_keybd.c ****   1      /*resolution*/
 177:Middlewares/ST/STM32_USB_Host_Library/Class/HID/Src/usbh_hid_keybd.c **** };
 178:Middlewares/ST/STM32_USB_Host_Library/Class/HID/Src/usbh_hid_keybd.c **** static const HID_Report_ItemTypedef imp_0_ralt =
 179:Middlewares/ST/STM32_USB_Host_Library/Class/HID/Src/usbh_hid_keybd.c **** {
 180:Middlewares/ST/STM32_USB_Host_Library/Class/HID/Src/usbh_hid_keybd.c ****   (uint8_t *)(void *)keybd_report_data + 0, /*data*/
 181:Middlewares/ST/STM32_USB_Host_Library/Class/HID/Src/usbh_hid_keybd.c ****   1,     /*size*/
 182:Middlewares/ST/STM32_USB_Host_Library/Class/HID/Src/usbh_hid_keybd.c ****   6,     /*shift*/
 183:Middlewares/ST/STM32_USB_Host_Library/Class/HID/Src/usbh_hid_keybd.c ****   0,     /*count (only for array items)*/
 184:Middlewares/ST/STM32_USB_Host_Library/Class/HID/Src/usbh_hid_keybd.c ****   0,     /*signed?*/
 185:Middlewares/ST/STM32_USB_Host_Library/Class/HID/Src/usbh_hid_keybd.c ****   0,     /*min value read can return*/
 186:Middlewares/ST/STM32_USB_Host_Library/Class/HID/Src/usbh_hid_keybd.c ****   1,     /*max value read can return*/
 187:Middlewares/ST/STM32_USB_Host_Library/Class/HID/Src/usbh_hid_keybd.c ****   0,     /*min vale device can report*/
 188:Middlewares/ST/STM32_USB_Host_Library/Class/HID/Src/usbh_hid_keybd.c ****   1,     /*max value device can report*/
 189:Middlewares/ST/STM32_USB_Host_Library/Class/HID/Src/usbh_hid_keybd.c ****   1      /*resolution*/
 190:Middlewares/ST/STM32_USB_Host_Library/Class/HID/Src/usbh_hid_keybd.c **** };
 191:Middlewares/ST/STM32_USB_Host_Library/Class/HID/Src/usbh_hid_keybd.c **** static const HID_Report_ItemTypedef imp_0_rgui =
 192:Middlewares/ST/STM32_USB_Host_Library/Class/HID/Src/usbh_hid_keybd.c **** {
 193:Middlewares/ST/STM32_USB_Host_Library/Class/HID/Src/usbh_hid_keybd.c ****   (uint8_t *)(void *)keybd_report_data + 0, /*data*/
 194:Middlewares/ST/STM32_USB_Host_Library/Class/HID/Src/usbh_hid_keybd.c ****   1,     /*size*/
 195:Middlewares/ST/STM32_USB_Host_Library/Class/HID/Src/usbh_hid_keybd.c ****   7,     /*shift*/
 196:Middlewares/ST/STM32_USB_Host_Library/Class/HID/Src/usbh_hid_keybd.c ****   0,     /*count (only for array items)*/
 197:Middlewares/ST/STM32_USB_Host_Library/Class/HID/Src/usbh_hid_keybd.c ****   0,     /*signed?*/
 198:Middlewares/ST/STM32_USB_Host_Library/Class/HID/Src/usbh_hid_keybd.c ****   0,     /*min value read can return*/
 199:Middlewares/ST/STM32_USB_Host_Library/Class/HID/Src/usbh_hid_keybd.c ****   1,     /*max value read can return*/
 200:Middlewares/ST/STM32_USB_Host_Library/Class/HID/Src/usbh_hid_keybd.c ****   0,     /*min vale device can report*/
 201:Middlewares/ST/STM32_USB_Host_Library/Class/HID/Src/usbh_hid_keybd.c ****   1,     /*max value device can report*/
 202:Middlewares/ST/STM32_USB_Host_Library/Class/HID/Src/usbh_hid_keybd.c ****   1      /*resolution*/
ARM GAS  /tmp/cc0CYvln.s 			page 5


 203:Middlewares/ST/STM32_USB_Host_Library/Class/HID/Src/usbh_hid_keybd.c **** };
 204:Middlewares/ST/STM32_USB_Host_Library/Class/HID/Src/usbh_hid_keybd.c **** 
 205:Middlewares/ST/STM32_USB_Host_Library/Class/HID/Src/usbh_hid_keybd.c **** static const HID_Report_ItemTypedef imp_0_key_array =
 206:Middlewares/ST/STM32_USB_Host_Library/Class/HID/Src/usbh_hid_keybd.c **** {
 207:Middlewares/ST/STM32_USB_Host_Library/Class/HID/Src/usbh_hid_keybd.c ****   (uint8_t *)(void *)keybd_report_data + 2, /*data*/
 208:Middlewares/ST/STM32_USB_Host_Library/Class/HID/Src/usbh_hid_keybd.c ****   8,     /*size*/
 209:Middlewares/ST/STM32_USB_Host_Library/Class/HID/Src/usbh_hid_keybd.c ****   0,     /*shift*/
 210:Middlewares/ST/STM32_USB_Host_Library/Class/HID/Src/usbh_hid_keybd.c ****   6,     /*count (only for array items)*/
 211:Middlewares/ST/STM32_USB_Host_Library/Class/HID/Src/usbh_hid_keybd.c ****   0,     /*signed?*/
 212:Middlewares/ST/STM32_USB_Host_Library/Class/HID/Src/usbh_hid_keybd.c ****   0,     /*min value read can return*/
 213:Middlewares/ST/STM32_USB_Host_Library/Class/HID/Src/usbh_hid_keybd.c ****   101,   /*max value read can return*/
 214:Middlewares/ST/STM32_USB_Host_Library/Class/HID/Src/usbh_hid_keybd.c ****   0,     /*min vale device can report*/
 215:Middlewares/ST/STM32_USB_Host_Library/Class/HID/Src/usbh_hid_keybd.c ****   101,   /*max value device can report*/
 216:Middlewares/ST/STM32_USB_Host_Library/Class/HID/Src/usbh_hid_keybd.c ****   1      /*resolution*/
 217:Middlewares/ST/STM32_USB_Host_Library/Class/HID/Src/usbh_hid_keybd.c **** };
 218:Middlewares/ST/STM32_USB_Host_Library/Class/HID/Src/usbh_hid_keybd.c **** 
 219:Middlewares/ST/STM32_USB_Host_Library/Class/HID/Src/usbh_hid_keybd.c **** #ifdef QWERTY_KEYBOARD
 220:Middlewares/ST/STM32_USB_Host_Library/Class/HID/Src/usbh_hid_keybd.c **** static  const  uint8_t  HID_KEYBRD_Key[] =
 221:Middlewares/ST/STM32_USB_Host_Library/Class/HID/Src/usbh_hid_keybd.c **** {
 222:Middlewares/ST/STM32_USB_Host_Library/Class/HID/Src/usbh_hid_keybd.c ****   '\0',  '`',  '1',  '2',  '3',  '4',  '5',  '6',
 223:Middlewares/ST/STM32_USB_Host_Library/Class/HID/Src/usbh_hid_keybd.c ****   '7',  '8',  '9',  '0',  '-',  '=',  '\0', '\r',
 224:Middlewares/ST/STM32_USB_Host_Library/Class/HID/Src/usbh_hid_keybd.c ****   '\t',  'q',  'w',  'e',  'r',  't',  'y',  'u',
 225:Middlewares/ST/STM32_USB_Host_Library/Class/HID/Src/usbh_hid_keybd.c ****   'i',  'o',  'p',  '[',  ']',  '\\',
 226:Middlewares/ST/STM32_USB_Host_Library/Class/HID/Src/usbh_hid_keybd.c ****   '\0',  'a',  's',  'd',  'f',  'g',  'h',  'j',
 227:Middlewares/ST/STM32_USB_Host_Library/Class/HID/Src/usbh_hid_keybd.c ****   'k',  'l',  ';',  '\'', '\0', '\n',
 228:Middlewares/ST/STM32_USB_Host_Library/Class/HID/Src/usbh_hid_keybd.c ****   '\0',  '\0', 'z',  'x',  'c',  'v',  'b',  'n',
 229:Middlewares/ST/STM32_USB_Host_Library/Class/HID/Src/usbh_hid_keybd.c ****   'm',  ',',  '.',  '/',  '\0', '\0',
 230:Middlewares/ST/STM32_USB_Host_Library/Class/HID/Src/usbh_hid_keybd.c ****   '\0',  '\0', '\0', ' ',  '\0', '\0', '\0', '\0',
 231:Middlewares/ST/STM32_USB_Host_Library/Class/HID/Src/usbh_hid_keybd.c ****   '\0', '\0', '\0', '\0', '\0', '\0', '\0', '\0', '\0',
 232:Middlewares/ST/STM32_USB_Host_Library/Class/HID/Src/usbh_hid_keybd.c ****   '\0',  '\0', '\0', '\0', '\0', '\r', '\0', '\0',
 233:Middlewares/ST/STM32_USB_Host_Library/Class/HID/Src/usbh_hid_keybd.c ****   '\0', '\0', '\0', '\0', '\0', '\0',
 234:Middlewares/ST/STM32_USB_Host_Library/Class/HID/Src/usbh_hid_keybd.c ****   '\0',  '\0', '7',  '4',  '1',
 235:Middlewares/ST/STM32_USB_Host_Library/Class/HID/Src/usbh_hid_keybd.c ****   '\0',  '/',  '8',  '5',  '2',
 236:Middlewares/ST/STM32_USB_Host_Library/Class/HID/Src/usbh_hid_keybd.c ****   '0',   '*',  '9',  '6',  '3',
 237:Middlewares/ST/STM32_USB_Host_Library/Class/HID/Src/usbh_hid_keybd.c ****   '.',   '-',  '+',  '\0', '\n', '\0', '\0', '\0', '\0', '\0', '\0',
 238:Middlewares/ST/STM32_USB_Host_Library/Class/HID/Src/usbh_hid_keybd.c ****   '\0',  '\0', '\0', '\0', '\0', '\0', '\0', '\0', '\0', '\0', '\0',
 239:Middlewares/ST/STM32_USB_Host_Library/Class/HID/Src/usbh_hid_keybd.c ****   '\0', '\0', '\0', '\0'
 240:Middlewares/ST/STM32_USB_Host_Library/Class/HID/Src/usbh_hid_keybd.c **** };
 241:Middlewares/ST/STM32_USB_Host_Library/Class/HID/Src/usbh_hid_keybd.c **** 
 242:Middlewares/ST/STM32_USB_Host_Library/Class/HID/Src/usbh_hid_keybd.c **** static  const  uint8_t  HID_KEYBRD_ShiftKey[] =
 243:Middlewares/ST/STM32_USB_Host_Library/Class/HID/Src/usbh_hid_keybd.c **** {
 244:Middlewares/ST/STM32_USB_Host_Library/Class/HID/Src/usbh_hid_keybd.c ****   '\0', '~',  '!',  '@',  '#',  '$',  '%',  '^',  '&',  '*',  '(',  ')',
 245:Middlewares/ST/STM32_USB_Host_Library/Class/HID/Src/usbh_hid_keybd.c ****   '_',  '+',  '\0', '\0', '\0', 'Q',  'W',  'E',  'R',  'T',  'Y',  'U',
 246:Middlewares/ST/STM32_USB_Host_Library/Class/HID/Src/usbh_hid_keybd.c ****   'I',  'O',  'P',  '{',  '}',  '|',  '\0', 'A',  'S',  'D',  'F',  'G',
 247:Middlewares/ST/STM32_USB_Host_Library/Class/HID/Src/usbh_hid_keybd.c ****   'H',  'J',  'K',  'L',  ':',  '"',  '\0', '\n', '\0', '\0', 'Z',  'X',
 248:Middlewares/ST/STM32_USB_Host_Library/Class/HID/Src/usbh_hid_keybd.c ****   'C',  'V',  'B',  'N',  'M',  '<',  '>',  '?',  '\0', '\0',  '\0', '\0',
 249:Middlewares/ST/STM32_USB_Host_Library/Class/HID/Src/usbh_hid_keybd.c ****   '\0', '\0', '\0', '\0', '\0', '\0', '\0', '\0', '\0', '\0', '\0', '\0',
 250:Middlewares/ST/STM32_USB_Host_Library/Class/HID/Src/usbh_hid_keybd.c ****   '\0', '\0', '\0', '\0', '\0', '\0', '\0', '\0', '\0', '\0', '\0', '\0',
 251:Middlewares/ST/STM32_USB_Host_Library/Class/HID/Src/usbh_hid_keybd.c ****   '\0', '\0', '\0', '\0', '\0', '\0', '\0', '\0', '\0', '\0', '\0', '\0',
 252:Middlewares/ST/STM32_USB_Host_Library/Class/HID/Src/usbh_hid_keybd.c ****   '\0', '\0', '\0', '\0', '\0', '\0', '\0', '\0', '\0', '\0', '\0', '\0',
 253:Middlewares/ST/STM32_USB_Host_Library/Class/HID/Src/usbh_hid_keybd.c ****   '\0', '\0', '\0', '\0', '\0', '\0', '\0',    '\0', '\0', '\0', '\0', '\0',
 254:Middlewares/ST/STM32_USB_Host_Library/Class/HID/Src/usbh_hid_keybd.c ****   '\0', '\0', '\0', '\0', '\0', '\0', '\0', '\0', '\0', '\0'
 255:Middlewares/ST/STM32_USB_Host_Library/Class/HID/Src/usbh_hid_keybd.c **** };
 256:Middlewares/ST/STM32_USB_Host_Library/Class/HID/Src/usbh_hid_keybd.c **** 
 257:Middlewares/ST/STM32_USB_Host_Library/Class/HID/Src/usbh_hid_keybd.c **** #else
 258:Middlewares/ST/STM32_USB_Host_Library/Class/HID/Src/usbh_hid_keybd.c **** 
 259:Middlewares/ST/STM32_USB_Host_Library/Class/HID/Src/usbh_hid_keybd.c **** static  const  uint8_t  HID_KEYBRD_Key[] =
ARM GAS  /tmp/cc0CYvln.s 			page 6


 260:Middlewares/ST/STM32_USB_Host_Library/Class/HID/Src/usbh_hid_keybd.c **** {
 261:Middlewares/ST/STM32_USB_Host_Library/Class/HID/Src/usbh_hid_keybd.c ****   '\0',  '`',  '1',  '2',  '3',  '4',  '5',  '6',  '7',  '8',  '9',  '0',
 262:Middlewares/ST/STM32_USB_Host_Library/Class/HID/Src/usbh_hid_keybd.c ****   '-',  '=',  '\0', '\r', '\t',  'a',  'z',  'e',  'r',  't',  'y',  'u',
 263:Middlewares/ST/STM32_USB_Host_Library/Class/HID/Src/usbh_hid_keybd.c ****   'i',  'o',  'p',  '[',  ']', '\\', '\0',  'q',  's',  'd',  'f',  'g',
 264:Middlewares/ST/STM32_USB_Host_Library/Class/HID/Src/usbh_hid_keybd.c ****   'h',  'j',  'k',  'l',  'm',  '\0', '\0', '\n', '\0',  '\0', 'w',  'x',
 265:Middlewares/ST/STM32_USB_Host_Library/Class/HID/Src/usbh_hid_keybd.c ****   'c',  'v',  'b',  'n',  ',',  ';',  ':',  '!',  '\0', '\0', '\0',  '\0',
 266:Middlewares/ST/STM32_USB_Host_Library/Class/HID/Src/usbh_hid_keybd.c ****   '\0', ' ',  '\0', '\0', '\0', '\0', '\0', '\0', '\0', '\0', '\0', '\0',
 267:Middlewares/ST/STM32_USB_Host_Library/Class/HID/Src/usbh_hid_keybd.c ****   '\0', '\0', '\0', '\0',  '\0', '\0', '\0', '\0', '\r', '\0', '\0', '\0',
 268:Middlewares/ST/STM32_USB_Host_Library/Class/HID/Src/usbh_hid_keybd.c ****   '\0', '\0', '\0', '\0', '\0', '\0',  '\0', '7',  '4',  '1', '\0',  '/',
 269:Middlewares/ST/STM32_USB_Host_Library/Class/HID/Src/usbh_hid_keybd.c ****   '8',  '5',  '2', '0',   '*',  '9',  '6',  '3', '.',   '-',  '+',  '\0',
 270:Middlewares/ST/STM32_USB_Host_Library/Class/HID/Src/usbh_hid_keybd.c ****   '\n', '\0', '\0', '\0', '\0', '\0', '\0', '\0',  '\0', '\0', '\0', '\0', '\0',
 271:Middlewares/ST/STM32_USB_Host_Library/Class/HID/Src/usbh_hid_keybd.c ****   '\0', '\0', '\0', '\0', '\0', '\0', '\0', '\0', '\0'
 272:Middlewares/ST/STM32_USB_Host_Library/Class/HID/Src/usbh_hid_keybd.c **** };
 273:Middlewares/ST/STM32_USB_Host_Library/Class/HID/Src/usbh_hid_keybd.c **** 
 274:Middlewares/ST/STM32_USB_Host_Library/Class/HID/Src/usbh_hid_keybd.c **** static  const  uint8_t  HID_KEYBRD_ShiftKey[] =
 275:Middlewares/ST/STM32_USB_Host_Library/Class/HID/Src/usbh_hid_keybd.c **** {
 276:Middlewares/ST/STM32_USB_Host_Library/Class/HID/Src/usbh_hid_keybd.c ****   '\0', '~',  '!',  '@',  '#',  '$',  '%',  '^',  '&',  '*',  '(',  ')',  '_',
 277:Middlewares/ST/STM32_USB_Host_Library/Class/HID/Src/usbh_hid_keybd.c ****   '+',  '\0', '\0', '\0', 'A',  'Z',  'E',  'R',  'T',  'Y',  'U',  'I',  'O',
 278:Middlewares/ST/STM32_USB_Host_Library/Class/HID/Src/usbh_hid_keybd.c ****   'P',  '{',  '}',  '*', '\0', 'Q',  'S',  'D',  'F',  'G',  'H',  'J',  'K',
 279:Middlewares/ST/STM32_USB_Host_Library/Class/HID/Src/usbh_hid_keybd.c ****   'L',  'M',  '%',  '\0', '\n', '\0', '\0', 'W',  'X',  'C',  'V',  'B',  'N',
 280:Middlewares/ST/STM32_USB_Host_Library/Class/HID/Src/usbh_hid_keybd.c ****   '?',  '.',  '/',  '\0',  '\0', '\0', '\0', '\0', '\0', '\0', '\0', '\0', '\0',
 281:Middlewares/ST/STM32_USB_Host_Library/Class/HID/Src/usbh_hid_keybd.c ****   '\0', '\0', '\0', '\0', '\0', '\0', '\0', '\0', '\0', '\0', '\0', '\0', '\0',
 282:Middlewares/ST/STM32_USB_Host_Library/Class/HID/Src/usbh_hid_keybd.c ****   '\0', '\0', '\0', '\0', '\0', '\0', '\0', '\0', '\0', '\0', '\0', '\0', '\0',
 283:Middlewares/ST/STM32_USB_Host_Library/Class/HID/Src/usbh_hid_keybd.c ****   '\0', '\0', '\0', '\0', '\0', '\0', '\0', '\0', '\0', '\0', '\0', '\0', '\0',
 284:Middlewares/ST/STM32_USB_Host_Library/Class/HID/Src/usbh_hid_keybd.c ****   '\0', '\0', '\0', '\0', '\0', '\0', '\0', '\0', '\0', '\0', '\0', '\0', '\0',
 285:Middlewares/ST/STM32_USB_Host_Library/Class/HID/Src/usbh_hid_keybd.c ****   '\0', '\0', '\0', '\0', '\0', '\0', '\0', '\0', '\0', '\0', '\0', '\0', '\0'
 286:Middlewares/ST/STM32_USB_Host_Library/Class/HID/Src/usbh_hid_keybd.c **** };
 287:Middlewares/ST/STM32_USB_Host_Library/Class/HID/Src/usbh_hid_keybd.c **** #endif
 288:Middlewares/ST/STM32_USB_Host_Library/Class/HID/Src/usbh_hid_keybd.c **** 
 289:Middlewares/ST/STM32_USB_Host_Library/Class/HID/Src/usbh_hid_keybd.c **** static  const  uint8_t  HID_KEYBRD_Codes[] =
 290:Middlewares/ST/STM32_USB_Host_Library/Class/HID/Src/usbh_hid_keybd.c **** {
 291:Middlewares/ST/STM32_USB_Host_Library/Class/HID/Src/usbh_hid_keybd.c ****   0,     0,    0,    0,   31,   50,   48,   33,
 292:Middlewares/ST/STM32_USB_Host_Library/Class/HID/Src/usbh_hid_keybd.c ****   19,   34,   35,   36,   24,   37,   38,   39,       /* 0x00 - 0x0F */
 293:Middlewares/ST/STM32_USB_Host_Library/Class/HID/Src/usbh_hid_keybd.c ****   52,    51,   25,   26,   17,   20,   32,   21,
 294:Middlewares/ST/STM32_USB_Host_Library/Class/HID/Src/usbh_hid_keybd.c ****   23,   49,   18,   47,   22,   46,    2,    3,       /* 0x10 - 0x1F */
 295:Middlewares/ST/STM32_USB_Host_Library/Class/HID/Src/usbh_hid_keybd.c ****   4,    5,    6,    7,    8,    9,   10,   11,
 296:Middlewares/ST/STM32_USB_Host_Library/Class/HID/Src/usbh_hid_keybd.c ****   43,  110,   15,   16,   61,   12,   13,   27,       /* 0x20 - 0x2F */
 297:Middlewares/ST/STM32_USB_Host_Library/Class/HID/Src/usbh_hid_keybd.c ****   28,   29,   42,   40,   41,    1,   53,   54,
 298:Middlewares/ST/STM32_USB_Host_Library/Class/HID/Src/usbh_hid_keybd.c ****   55,   30,  112,  113,  114,  115,  116,  117,       /* 0x30 - 0x3F */
 299:Middlewares/ST/STM32_USB_Host_Library/Class/HID/Src/usbh_hid_keybd.c ****   118,  119,  120,  121,  122,  123,  124,  125,
 300:Middlewares/ST/STM32_USB_Host_Library/Class/HID/Src/usbh_hid_keybd.c ****   126,   75,   80,   85,   76,   81,   86,   89,       /* 0x40 - 0x4F */
 301:Middlewares/ST/STM32_USB_Host_Library/Class/HID/Src/usbh_hid_keybd.c ****   79,   84,   83,   90,   95,  100,  105,  106,
 302:Middlewares/ST/STM32_USB_Host_Library/Class/HID/Src/usbh_hid_keybd.c ****   108,   93,   98,  103,   92,   97,  102,   91,       /* 0x50 - 0x5F */
 303:Middlewares/ST/STM32_USB_Host_Library/Class/HID/Src/usbh_hid_keybd.c ****   96,  101,   99,  104,   45,  129,    0,    0,
 304:Middlewares/ST/STM32_USB_Host_Library/Class/HID/Src/usbh_hid_keybd.c ****   0,    0,    0,    0,    0,    0,    0,    0,       /* 0x60 - 0x6F */
 305:Middlewares/ST/STM32_USB_Host_Library/Class/HID/Src/usbh_hid_keybd.c ****   0,    0,    0,    0,    0,    0,    0,    0,
 306:Middlewares/ST/STM32_USB_Host_Library/Class/HID/Src/usbh_hid_keybd.c ****   0,    0,    0,    0,    0,    0,    0,    0,       /* 0x70 - 0x7F */
 307:Middlewares/ST/STM32_USB_Host_Library/Class/HID/Src/usbh_hid_keybd.c ****   0,    0,    0,    0,    0,  107,    0,   56,
 308:Middlewares/ST/STM32_USB_Host_Library/Class/HID/Src/usbh_hid_keybd.c ****   0,    0,    0,    0,    0,    0,    0,    0,       /* 0x80 - 0x8F */
 309:Middlewares/ST/STM32_USB_Host_Library/Class/HID/Src/usbh_hid_keybd.c ****   0,    0,    0,    0,    0,    0,    0,    0,
 310:Middlewares/ST/STM32_USB_Host_Library/Class/HID/Src/usbh_hid_keybd.c ****   0,    0,    0,    0,    0,    0,    0,    0,       /* 0x90 - 0x9F */
 311:Middlewares/ST/STM32_USB_Host_Library/Class/HID/Src/usbh_hid_keybd.c ****   0,    0,    0,    0,    0,    0,    0,    0,
 312:Middlewares/ST/STM32_USB_Host_Library/Class/HID/Src/usbh_hid_keybd.c ****   0,    0,    0,    0,    0,    0,    0,    0,       /* 0xA0 - 0xAF */
 313:Middlewares/ST/STM32_USB_Host_Library/Class/HID/Src/usbh_hid_keybd.c ****   0,    0,    0,    0,    0,    0,    0,    0,
 314:Middlewares/ST/STM32_USB_Host_Library/Class/HID/Src/usbh_hid_keybd.c ****   0,    0,    0,    0,    0,    0,    0,    0,       /* 0xB0 - 0xBF */
 315:Middlewares/ST/STM32_USB_Host_Library/Class/HID/Src/usbh_hid_keybd.c ****   0,    0,    0,    0,    0,    0,    0,    0,
 316:Middlewares/ST/STM32_USB_Host_Library/Class/HID/Src/usbh_hid_keybd.c ****   0,    0,    0,    0,    0,    0,    0,    0,       /* 0xC0 - 0xCF */
ARM GAS  /tmp/cc0CYvln.s 			page 7


 317:Middlewares/ST/STM32_USB_Host_Library/Class/HID/Src/usbh_hid_keybd.c ****   0,    0,    0,    0,    0,    0,    0,    0,
 318:Middlewares/ST/STM32_USB_Host_Library/Class/HID/Src/usbh_hid_keybd.c ****   0,    0,    0,    0,    0,    0,    0,    0,       /* 0xD0 - 0xDF */
 319:Middlewares/ST/STM32_USB_Host_Library/Class/HID/Src/usbh_hid_keybd.c ****   58,   44,   60,  127,   64,   57,   62,  128        /* 0xE0 - 0xE7 */
 320:Middlewares/ST/STM32_USB_Host_Library/Class/HID/Src/usbh_hid_keybd.c **** };
 321:Middlewares/ST/STM32_USB_Host_Library/Class/HID/Src/usbh_hid_keybd.c **** 
 322:Middlewares/ST/STM32_USB_Host_Library/Class/HID/Src/usbh_hid_keybd.c **** /**
 323:Middlewares/ST/STM32_USB_Host_Library/Class/HID/Src/usbh_hid_keybd.c ****   * @brief  USBH_HID_KeybdInit
 324:Middlewares/ST/STM32_USB_Host_Library/Class/HID/Src/usbh_hid_keybd.c ****   *         The function init the HID keyboard.
 325:Middlewares/ST/STM32_USB_Host_Library/Class/HID/Src/usbh_hid_keybd.c ****   * @param  phost: Host handle
 326:Middlewares/ST/STM32_USB_Host_Library/Class/HID/Src/usbh_hid_keybd.c ****   * @retval USBH Status
 327:Middlewares/ST/STM32_USB_Host_Library/Class/HID/Src/usbh_hid_keybd.c ****   */
 328:Middlewares/ST/STM32_USB_Host_Library/Class/HID/Src/usbh_hid_keybd.c **** USBH_StatusTypeDef USBH_HID_KeybdInit(USBH_HandleTypeDef *phost)
 329:Middlewares/ST/STM32_USB_Host_Library/Class/HID/Src/usbh_hid_keybd.c **** {
 330:Middlewares/ST/STM32_USB_Host_Library/Class/HID/Src/usbh_hid_keybd.c ****   uint32_t x;
 331:Middlewares/ST/STM32_USB_Host_Library/Class/HID/Src/usbh_hid_keybd.c ****   HID_HandleTypeDef *HID_Handle = (HID_HandleTypeDef *) phost->pActiveClass->pData;
 332:Middlewares/ST/STM32_USB_Host_Library/Class/HID/Src/usbh_hid_keybd.c **** 
 333:Middlewares/ST/STM32_USB_Host_Library/Class/HID/Src/usbh_hid_keybd.c ****   keybd_info.lctrl = keybd_info.lshift = 0U;
 334:Middlewares/ST/STM32_USB_Host_Library/Class/HID/Src/usbh_hid_keybd.c ****   keybd_info.lalt = keybd_info.lgui = 0U;
 335:Middlewares/ST/STM32_USB_Host_Library/Class/HID/Src/usbh_hid_keybd.c ****   keybd_info.rctrl = keybd_info.rshift = 0U;
 336:Middlewares/ST/STM32_USB_Host_Library/Class/HID/Src/usbh_hid_keybd.c ****   keybd_info.ralt = keybd_info.rgui = 0U;
 337:Middlewares/ST/STM32_USB_Host_Library/Class/HID/Src/usbh_hid_keybd.c **** 
 338:Middlewares/ST/STM32_USB_Host_Library/Class/HID/Src/usbh_hid_keybd.c **** 
 339:Middlewares/ST/STM32_USB_Host_Library/Class/HID/Src/usbh_hid_keybd.c ****   for (x = 0U; x < (sizeof(keybd_report_data) / sizeof(uint32_t)); x++)
 340:Middlewares/ST/STM32_USB_Host_Library/Class/HID/Src/usbh_hid_keybd.c ****   {
 341:Middlewares/ST/STM32_USB_Host_Library/Class/HID/Src/usbh_hid_keybd.c ****     keybd_report_data[x] = 0U;
 342:Middlewares/ST/STM32_USB_Host_Library/Class/HID/Src/usbh_hid_keybd.c ****     keybd_rx_report_buf[x] = 0U;
 343:Middlewares/ST/STM32_USB_Host_Library/Class/HID/Src/usbh_hid_keybd.c ****   }
 344:Middlewares/ST/STM32_USB_Host_Library/Class/HID/Src/usbh_hid_keybd.c **** 
 345:Middlewares/ST/STM32_USB_Host_Library/Class/HID/Src/usbh_hid_keybd.c ****   if (HID_Handle->length > (sizeof(keybd_report_data)))
 346:Middlewares/ST/STM32_USB_Host_Library/Class/HID/Src/usbh_hid_keybd.c ****   {
 347:Middlewares/ST/STM32_USB_Host_Library/Class/HID/Src/usbh_hid_keybd.c ****     HID_Handle->length = (sizeof(keybd_report_data));
 348:Middlewares/ST/STM32_USB_Host_Library/Class/HID/Src/usbh_hid_keybd.c ****   }
 349:Middlewares/ST/STM32_USB_Host_Library/Class/HID/Src/usbh_hid_keybd.c ****   HID_Handle->pData = (uint8_t *)(void *)keybd_rx_report_buf;
 350:Middlewares/ST/STM32_USB_Host_Library/Class/HID/Src/usbh_hid_keybd.c ****   USBH_HID_FifoInit(&HID_Handle->fifo, phost->device.Data, HID_QUEUE_SIZE * sizeof(keybd_report_dat
 351:Middlewares/ST/STM32_USB_Host_Library/Class/HID/Src/usbh_hid_keybd.c **** 
 352:Middlewares/ST/STM32_USB_Host_Library/Class/HID/Src/usbh_hid_keybd.c ****   return USBH_OK;
 353:Middlewares/ST/STM32_USB_Host_Library/Class/HID/Src/usbh_hid_keybd.c **** }
 354:Middlewares/ST/STM32_USB_Host_Library/Class/HID/Src/usbh_hid_keybd.c **** 
 355:Middlewares/ST/STM32_USB_Host_Library/Class/HID/Src/usbh_hid_keybd.c **** /**
 356:Middlewares/ST/STM32_USB_Host_Library/Class/HID/Src/usbh_hid_keybd.c ****   * @brief  USBH_HID_GetKeybdInfo
 357:Middlewares/ST/STM32_USB_Host_Library/Class/HID/Src/usbh_hid_keybd.c ****   *         The function return keyboard information.
 358:Middlewares/ST/STM32_USB_Host_Library/Class/HID/Src/usbh_hid_keybd.c ****   * @param  phost: Host handle
 359:Middlewares/ST/STM32_USB_Host_Library/Class/HID/Src/usbh_hid_keybd.c ****   * @retval keyboard information
 360:Middlewares/ST/STM32_USB_Host_Library/Class/HID/Src/usbh_hid_keybd.c ****   */
 361:Middlewares/ST/STM32_USB_Host_Library/Class/HID/Src/usbh_hid_keybd.c **** HID_KEYBD_Info_TypeDef *USBH_HID_GetKeybdInfo(USBH_HandleTypeDef *phost)
 362:Middlewares/ST/STM32_USB_Host_Library/Class/HID/Src/usbh_hid_keybd.c **** {
 363:Middlewares/ST/STM32_USB_Host_Library/Class/HID/Src/usbh_hid_keybd.c ****   if (USBH_HID_KeybdDecode(phost) == USBH_OK)
 364:Middlewares/ST/STM32_USB_Host_Library/Class/HID/Src/usbh_hid_keybd.c ****   {
 365:Middlewares/ST/STM32_USB_Host_Library/Class/HID/Src/usbh_hid_keybd.c ****     return &keybd_info;
 366:Middlewares/ST/STM32_USB_Host_Library/Class/HID/Src/usbh_hid_keybd.c ****   }
 367:Middlewares/ST/STM32_USB_Host_Library/Class/HID/Src/usbh_hid_keybd.c ****   else
 368:Middlewares/ST/STM32_USB_Host_Library/Class/HID/Src/usbh_hid_keybd.c ****   {
 369:Middlewares/ST/STM32_USB_Host_Library/Class/HID/Src/usbh_hid_keybd.c ****     return NULL;
 370:Middlewares/ST/STM32_USB_Host_Library/Class/HID/Src/usbh_hid_keybd.c ****   }
 371:Middlewares/ST/STM32_USB_Host_Library/Class/HID/Src/usbh_hid_keybd.c **** }
 372:Middlewares/ST/STM32_USB_Host_Library/Class/HID/Src/usbh_hid_keybd.c **** 
 373:Middlewares/ST/STM32_USB_Host_Library/Class/HID/Src/usbh_hid_keybd.c **** /**
ARM GAS  /tmp/cc0CYvln.s 			page 8


 374:Middlewares/ST/STM32_USB_Host_Library/Class/HID/Src/usbh_hid_keybd.c ****   * @brief  USBH_HID_KeybdDecode
 375:Middlewares/ST/STM32_USB_Host_Library/Class/HID/Src/usbh_hid_keybd.c ****   *         The function decode keyboard data.
 376:Middlewares/ST/STM32_USB_Host_Library/Class/HID/Src/usbh_hid_keybd.c ****   * @param  phost: Host handle
 377:Middlewares/ST/STM32_USB_Host_Library/Class/HID/Src/usbh_hid_keybd.c ****   * @retval USBH Status
 378:Middlewares/ST/STM32_USB_Host_Library/Class/HID/Src/usbh_hid_keybd.c ****   */
 379:Middlewares/ST/STM32_USB_Host_Library/Class/HID/Src/usbh_hid_keybd.c **** static USBH_StatusTypeDef USBH_HID_KeybdDecode(USBH_HandleTypeDef *phost)
 380:Middlewares/ST/STM32_USB_Host_Library/Class/HID/Src/usbh_hid_keybd.c **** {
  28              		.loc 1 380 1 view -0
  29              		.cfi_startproc
  30              		@ args = 0, pretend = 0, frame = 0
  31              		@ frame_needed = 0, uses_anonymous_args = 0
  32              		.loc 1 380 1 is_stmt 0 view .LVU1
  33 0000 10B5     		push	{r4, lr}
  34              	.LCFI0:
  35              		.cfi_def_cfa_offset 8
  36              		.cfi_offset 4, -8
  37              		.cfi_offset 14, -4
 381:Middlewares/ST/STM32_USB_Host_Library/Class/HID/Src/usbh_hid_keybd.c ****   uint8_t x;
  38              		.loc 1 381 3 is_stmt 1 view .LVU2
 382:Middlewares/ST/STM32_USB_Host_Library/Class/HID/Src/usbh_hid_keybd.c **** 
 383:Middlewares/ST/STM32_USB_Host_Library/Class/HID/Src/usbh_hid_keybd.c ****   HID_HandleTypeDef *HID_Handle = (HID_HandleTypeDef *) phost->pActiveClass->pData;
  39              		.loc 1 383 3 view .LVU3
  40              		.loc 1 383 62 is_stmt 0 view .LVU4
  41 0002 D0F87C33 		ldr	r3, [r0, #892]
  42              		.loc 1 383 22 view .LVU5
  43 0006 DC69     		ldr	r4, [r3, #28]
  44              	.LVL1:
 384:Middlewares/ST/STM32_USB_Host_Library/Class/HID/Src/usbh_hid_keybd.c ****   if (HID_Handle->length == 0U)
  45              		.loc 1 384 3 is_stmt 1 view .LVU6
  46              		.loc 1 384 17 is_stmt 0 view .LVU7
  47 0008 228B     		ldrh	r2, [r4, #24]
  48              		.loc 1 384 6 view .LVU8
  49 000a 002A     		cmp	r2, #0
  50 000c 41D0     		beq	.L5
 385:Middlewares/ST/STM32_USB_Host_Library/Class/HID/Src/usbh_hid_keybd.c ****   {
 386:Middlewares/ST/STM32_USB_Host_Library/Class/HID/Src/usbh_hid_keybd.c ****     return USBH_FAIL;
 387:Middlewares/ST/STM32_USB_Host_Library/Class/HID/Src/usbh_hid_keybd.c ****   }
 388:Middlewares/ST/STM32_USB_Host_Library/Class/HID/Src/usbh_hid_keybd.c ****   /*Fill report */
 389:Middlewares/ST/STM32_USB_Host_Library/Class/HID/Src/usbh_hid_keybd.c ****   if (USBH_HID_FifoRead(&HID_Handle->fifo, &keybd_report_data, HID_Handle->length) ==  HID_Handle->
  51              		.loc 1 389 3 is_stmt 1 view .LVU9
  52              		.loc 1 389 7 is_stmt 0 view .LVU10
  53 000e 2249     		ldr	r1, .L9
  54 0010 04F10800 		add	r0, r4, #8
  55              	.LVL2:
  56              		.loc 1 389 7 view .LVU11
  57 0014 FFF7FEFF 		bl	USBH_HID_FifoRead
  58              	.LVL3:
  59              		.loc 1 389 98 discriminator 1 view .LVU12
  60 0018 238B     		ldrh	r3, [r4, #24]
  61              		.loc 1 389 6 discriminator 1 view .LVU13
  62 001a 9842     		cmp	r0, r3
  63 001c 01D0     		beq	.L8
 390:Middlewares/ST/STM32_USB_Host_Library/Class/HID/Src/usbh_hid_keybd.c ****   {
 391:Middlewares/ST/STM32_USB_Host_Library/Class/HID/Src/usbh_hid_keybd.c ****     keybd_info.lctrl = (uint8_t)HID_ReadItem((HID_Report_ItemTypedef *) &imp_0_lctrl, 0U);
 392:Middlewares/ST/STM32_USB_Host_Library/Class/HID/Src/usbh_hid_keybd.c ****     keybd_info.lshift = (uint8_t)HID_ReadItem((HID_Report_ItemTypedef *) &imp_0_lshift, 0U);
 393:Middlewares/ST/STM32_USB_Host_Library/Class/HID/Src/usbh_hid_keybd.c ****     keybd_info.lalt = (uint8_t)HID_ReadItem((HID_Report_ItemTypedef *) &imp_0_lalt, 0U);
 394:Middlewares/ST/STM32_USB_Host_Library/Class/HID/Src/usbh_hid_keybd.c ****     keybd_info.lgui = (uint8_t)HID_ReadItem((HID_Report_ItemTypedef *) &imp_0_lgui, 0U);
ARM GAS  /tmp/cc0CYvln.s 			page 9


 395:Middlewares/ST/STM32_USB_Host_Library/Class/HID/Src/usbh_hid_keybd.c ****     keybd_info.rctrl = (uint8_t)HID_ReadItem((HID_Report_ItemTypedef *) &imp_0_rctrl, 0U);
 396:Middlewares/ST/STM32_USB_Host_Library/Class/HID/Src/usbh_hid_keybd.c ****     keybd_info.rshift = (uint8_t)HID_ReadItem((HID_Report_ItemTypedef *) &imp_0_rshift, 0U);
 397:Middlewares/ST/STM32_USB_Host_Library/Class/HID/Src/usbh_hid_keybd.c ****     keybd_info.ralt = (uint8_t)HID_ReadItem((HID_Report_ItemTypedef *) &imp_0_ralt, 0U);
 398:Middlewares/ST/STM32_USB_Host_Library/Class/HID/Src/usbh_hid_keybd.c ****     keybd_info.rgui = (uint8_t)HID_ReadItem((HID_Report_ItemTypedef *) &imp_0_rgui, 0U);
 399:Middlewares/ST/STM32_USB_Host_Library/Class/HID/Src/usbh_hid_keybd.c **** 
 400:Middlewares/ST/STM32_USB_Host_Library/Class/HID/Src/usbh_hid_keybd.c ****     for (x = 0U; x < sizeof(keybd_info.keys); x++)
 401:Middlewares/ST/STM32_USB_Host_Library/Class/HID/Src/usbh_hid_keybd.c ****     {
 402:Middlewares/ST/STM32_USB_Host_Library/Class/HID/Src/usbh_hid_keybd.c ****       keybd_info.keys[x] = (uint8_t)HID_ReadItem((HID_Report_ItemTypedef *) &imp_0_key_array, x);
 403:Middlewares/ST/STM32_USB_Host_Library/Class/HID/Src/usbh_hid_keybd.c ****     }
 404:Middlewares/ST/STM32_USB_Host_Library/Class/HID/Src/usbh_hid_keybd.c **** 
 405:Middlewares/ST/STM32_USB_Host_Library/Class/HID/Src/usbh_hid_keybd.c ****     return USBH_OK;
 406:Middlewares/ST/STM32_USB_Host_Library/Class/HID/Src/usbh_hid_keybd.c ****   }
 407:Middlewares/ST/STM32_USB_Host_Library/Class/HID/Src/usbh_hid_keybd.c ****   return   USBH_FAIL;
  64              		.loc 1 407 12 view .LVU14
  65 001e 0220     		movs	r0, #2
  66              	.LVL4:
  67              	.L2:
 408:Middlewares/ST/STM32_USB_Host_Library/Class/HID/Src/usbh_hid_keybd.c **** }
  68              		.loc 1 408 1 view .LVU15
  69 0020 10BD     		pop	{r4, pc}
  70              	.LVL5:
  71              	.L8:
 391:Middlewares/ST/STM32_USB_Host_Library/Class/HID/Src/usbh_hid_keybd.c ****     keybd_info.lshift = (uint8_t)HID_ReadItem((HID_Report_ItemTypedef *) &imp_0_lshift, 0U);
  72              		.loc 1 391 5 is_stmt 1 view .LVU16
 391:Middlewares/ST/STM32_USB_Host_Library/Class/HID/Src/usbh_hid_keybd.c ****     keybd_info.lshift = (uint8_t)HID_ReadItem((HID_Report_ItemTypedef *) &imp_0_lshift, 0U);
  73              		.loc 1 391 33 is_stmt 0 view .LVU17
  74 0022 0021     		movs	r1, #0
  75 0024 1D48     		ldr	r0, .L9+4
  76 0026 FFF7FEFF 		bl	HID_ReadItem
  77              	.LVL6:
 391:Middlewares/ST/STM32_USB_Host_Library/Class/HID/Src/usbh_hid_keybd.c ****     keybd_info.lshift = (uint8_t)HID_ReadItem((HID_Report_ItemTypedef *) &imp_0_lshift, 0U);
  78              		.loc 1 391 22 discriminator 1 view .LVU18
  79 002a 1D4C     		ldr	r4, .L9+8
  80              	.LVL7:
 391:Middlewares/ST/STM32_USB_Host_Library/Class/HID/Src/usbh_hid_keybd.c ****     keybd_info.lshift = (uint8_t)HID_ReadItem((HID_Report_ItemTypedef *) &imp_0_lshift, 0U);
  81              		.loc 1 391 22 discriminator 1 view .LVU19
  82 002c 6070     		strb	r0, [r4, #1]
 392:Middlewares/ST/STM32_USB_Host_Library/Class/HID/Src/usbh_hid_keybd.c ****     keybd_info.lalt = (uint8_t)HID_ReadItem((HID_Report_ItemTypedef *) &imp_0_lalt, 0U);
  83              		.loc 1 392 5 is_stmt 1 view .LVU20
 392:Middlewares/ST/STM32_USB_Host_Library/Class/HID/Src/usbh_hid_keybd.c ****     keybd_info.lalt = (uint8_t)HID_ReadItem((HID_Report_ItemTypedef *) &imp_0_lalt, 0U);
  84              		.loc 1 392 34 is_stmt 0 view .LVU21
  85 002e 0021     		movs	r1, #0
  86 0030 1C48     		ldr	r0, .L9+12
  87 0032 FFF7FEFF 		bl	HID_ReadItem
  88              	.LVL8:
 392:Middlewares/ST/STM32_USB_Host_Library/Class/HID/Src/usbh_hid_keybd.c ****     keybd_info.lalt = (uint8_t)HID_ReadItem((HID_Report_ItemTypedef *) &imp_0_lalt, 0U);
  89              		.loc 1 392 23 discriminator 1 view .LVU22
  90 0036 A070     		strb	r0, [r4, #2]
 393:Middlewares/ST/STM32_USB_Host_Library/Class/HID/Src/usbh_hid_keybd.c ****     keybd_info.lgui = (uint8_t)HID_ReadItem((HID_Report_ItemTypedef *) &imp_0_lgui, 0U);
  91              		.loc 1 393 5 is_stmt 1 view .LVU23
 393:Middlewares/ST/STM32_USB_Host_Library/Class/HID/Src/usbh_hid_keybd.c ****     keybd_info.lgui = (uint8_t)HID_ReadItem((HID_Report_ItemTypedef *) &imp_0_lgui, 0U);
  92              		.loc 1 393 32 is_stmt 0 view .LVU24
  93 0038 0021     		movs	r1, #0
  94 003a 1B48     		ldr	r0, .L9+16
  95 003c FFF7FEFF 		bl	HID_ReadItem
  96              	.LVL9:
 393:Middlewares/ST/STM32_USB_Host_Library/Class/HID/Src/usbh_hid_keybd.c ****     keybd_info.lgui = (uint8_t)HID_ReadItem((HID_Report_ItemTypedef *) &imp_0_lgui, 0U);
ARM GAS  /tmp/cc0CYvln.s 			page 10


  97              		.loc 1 393 21 discriminator 1 view .LVU25
  98 0040 E070     		strb	r0, [r4, #3]
 394:Middlewares/ST/STM32_USB_Host_Library/Class/HID/Src/usbh_hid_keybd.c ****     keybd_info.rctrl = (uint8_t)HID_ReadItem((HID_Report_ItemTypedef *) &imp_0_rctrl, 0U);
  99              		.loc 1 394 5 is_stmt 1 view .LVU26
 394:Middlewares/ST/STM32_USB_Host_Library/Class/HID/Src/usbh_hid_keybd.c ****     keybd_info.rctrl = (uint8_t)HID_ReadItem((HID_Report_ItemTypedef *) &imp_0_rctrl, 0U);
 100              		.loc 1 394 32 is_stmt 0 view .LVU27
 101 0042 0021     		movs	r1, #0
 102 0044 1948     		ldr	r0, .L9+20
 103 0046 FFF7FEFF 		bl	HID_ReadItem
 104              	.LVL10:
 394:Middlewares/ST/STM32_USB_Host_Library/Class/HID/Src/usbh_hid_keybd.c ****     keybd_info.rctrl = (uint8_t)HID_ReadItem((HID_Report_ItemTypedef *) &imp_0_rctrl, 0U);
 105              		.loc 1 394 21 discriminator 1 view .LVU28
 106 004a 2071     		strb	r0, [r4, #4]
 395:Middlewares/ST/STM32_USB_Host_Library/Class/HID/Src/usbh_hid_keybd.c ****     keybd_info.rshift = (uint8_t)HID_ReadItem((HID_Report_ItemTypedef *) &imp_0_rshift, 0U);
 107              		.loc 1 395 5 is_stmt 1 view .LVU29
 395:Middlewares/ST/STM32_USB_Host_Library/Class/HID/Src/usbh_hid_keybd.c ****     keybd_info.rshift = (uint8_t)HID_ReadItem((HID_Report_ItemTypedef *) &imp_0_rshift, 0U);
 108              		.loc 1 395 33 is_stmt 0 view .LVU30
 109 004c 0021     		movs	r1, #0
 110 004e 1848     		ldr	r0, .L9+24
 111 0050 FFF7FEFF 		bl	HID_ReadItem
 112              	.LVL11:
 395:Middlewares/ST/STM32_USB_Host_Library/Class/HID/Src/usbh_hid_keybd.c ****     keybd_info.rshift = (uint8_t)HID_ReadItem((HID_Report_ItemTypedef *) &imp_0_rshift, 0U);
 113              		.loc 1 395 22 discriminator 1 view .LVU31
 114 0054 6071     		strb	r0, [r4, #5]
 396:Middlewares/ST/STM32_USB_Host_Library/Class/HID/Src/usbh_hid_keybd.c ****     keybd_info.ralt = (uint8_t)HID_ReadItem((HID_Report_ItemTypedef *) &imp_0_ralt, 0U);
 115              		.loc 1 396 5 is_stmt 1 view .LVU32
 396:Middlewares/ST/STM32_USB_Host_Library/Class/HID/Src/usbh_hid_keybd.c ****     keybd_info.ralt = (uint8_t)HID_ReadItem((HID_Report_ItemTypedef *) &imp_0_ralt, 0U);
 116              		.loc 1 396 34 is_stmt 0 view .LVU33
 117 0056 0021     		movs	r1, #0
 118 0058 1648     		ldr	r0, .L9+28
 119 005a FFF7FEFF 		bl	HID_ReadItem
 120              	.LVL12:
 396:Middlewares/ST/STM32_USB_Host_Library/Class/HID/Src/usbh_hid_keybd.c ****     keybd_info.ralt = (uint8_t)HID_ReadItem((HID_Report_ItemTypedef *) &imp_0_ralt, 0U);
 121              		.loc 1 396 23 discriminator 1 view .LVU34
 122 005e A071     		strb	r0, [r4, #6]
 397:Middlewares/ST/STM32_USB_Host_Library/Class/HID/Src/usbh_hid_keybd.c ****     keybd_info.rgui = (uint8_t)HID_ReadItem((HID_Report_ItemTypedef *) &imp_0_rgui, 0U);
 123              		.loc 1 397 5 is_stmt 1 view .LVU35
 397:Middlewares/ST/STM32_USB_Host_Library/Class/HID/Src/usbh_hid_keybd.c ****     keybd_info.rgui = (uint8_t)HID_ReadItem((HID_Report_ItemTypedef *) &imp_0_rgui, 0U);
 124              		.loc 1 397 32 is_stmt 0 view .LVU36
 125 0060 0021     		movs	r1, #0
 126 0062 1548     		ldr	r0, .L9+32
 127 0064 FFF7FEFF 		bl	HID_ReadItem
 128              	.LVL13:
 397:Middlewares/ST/STM32_USB_Host_Library/Class/HID/Src/usbh_hid_keybd.c ****     keybd_info.rgui = (uint8_t)HID_ReadItem((HID_Report_ItemTypedef *) &imp_0_rgui, 0U);
 129              		.loc 1 397 21 discriminator 1 view .LVU37
 130 0068 E071     		strb	r0, [r4, #7]
 398:Middlewares/ST/STM32_USB_Host_Library/Class/HID/Src/usbh_hid_keybd.c **** 
 131              		.loc 1 398 5 is_stmt 1 view .LVU38
 398:Middlewares/ST/STM32_USB_Host_Library/Class/HID/Src/usbh_hid_keybd.c **** 
 132              		.loc 1 398 32 is_stmt 0 view .LVU39
 133 006a 0021     		movs	r1, #0
 134 006c 1348     		ldr	r0, .L9+36
 135 006e FFF7FEFF 		bl	HID_ReadItem
 136              	.LVL14:
 398:Middlewares/ST/STM32_USB_Host_Library/Class/HID/Src/usbh_hid_keybd.c **** 
 137              		.loc 1 398 21 discriminator 1 view .LVU40
 138 0072 2072     		strb	r0, [r4, #8]
ARM GAS  /tmp/cc0CYvln.s 			page 11


 400:Middlewares/ST/STM32_USB_Host_Library/Class/HID/Src/usbh_hid_keybd.c ****     {
 139              		.loc 1 400 5 is_stmt 1 view .LVU41
 140              	.LVL15:
 400:Middlewares/ST/STM32_USB_Host_Library/Class/HID/Src/usbh_hid_keybd.c ****     {
 141              		.loc 1 400 12 is_stmt 0 view .LVU42
 142 0074 0024     		movs	r4, #0
 400:Middlewares/ST/STM32_USB_Host_Library/Class/HID/Src/usbh_hid_keybd.c ****     {
 143              		.loc 1 400 5 view .LVU43
 144 0076 08E0     		b	.L3
 145              	.LVL16:
 146              	.L4:
 402:Middlewares/ST/STM32_USB_Host_Library/Class/HID/Src/usbh_hid_keybd.c ****     }
 147              		.loc 1 402 7 is_stmt 1 view .LVU44
 402:Middlewares/ST/STM32_USB_Host_Library/Class/HID/Src/usbh_hid_keybd.c ****     }
 148              		.loc 1 402 37 is_stmt 0 view .LVU45
 149 0078 2146     		mov	r1, r4
 150 007a 1148     		ldr	r0, .L9+40
 151 007c FFF7FEFF 		bl	HID_ReadItem
 152              	.LVL17:
 402:Middlewares/ST/STM32_USB_Host_Library/Class/HID/Src/usbh_hid_keybd.c ****     }
 153              		.loc 1 402 26 discriminator 1 view .LVU46
 154 0080 074B     		ldr	r3, .L9+8
 155 0082 2344     		add	r3, r3, r4
 156 0084 5872     		strb	r0, [r3, #9]
 400:Middlewares/ST/STM32_USB_Host_Library/Class/HID/Src/usbh_hid_keybd.c ****     {
 157              		.loc 1 400 48 is_stmt 1 discriminator 3 view .LVU47
 158 0086 0134     		adds	r4, r4, #1
 159              	.LVL18:
 400:Middlewares/ST/STM32_USB_Host_Library/Class/HID/Src/usbh_hid_keybd.c ****     {
 160              		.loc 1 400 48 is_stmt 0 discriminator 3 view .LVU48
 161 0088 E4B2     		uxtb	r4, r4
 162              	.LVL19:
 163              	.L3:
 400:Middlewares/ST/STM32_USB_Host_Library/Class/HID/Src/usbh_hid_keybd.c ****     {
 164              		.loc 1 400 20 is_stmt 1 discriminator 1 view .LVU49
 165 008a 052C     		cmp	r4, #5
 166 008c F4D9     		bls	.L4
 405:Middlewares/ST/STM32_USB_Host_Library/Class/HID/Src/usbh_hid_keybd.c ****   }
 167              		.loc 1 405 12 is_stmt 0 view .LVU50
 168 008e 0020     		movs	r0, #0
 169 0090 C6E7     		b	.L2
 170              	.LVL20:
 171              	.L5:
 386:Middlewares/ST/STM32_USB_Host_Library/Class/HID/Src/usbh_hid_keybd.c ****   }
 172              		.loc 1 386 12 view .LVU51
 173 0092 0220     		movs	r0, #2
 174              	.LVL21:
 386:Middlewares/ST/STM32_USB_Host_Library/Class/HID/Src/usbh_hid_keybd.c ****   }
 175              		.loc 1 386 12 view .LVU52
 176 0094 C4E7     		b	.L2
 177              	.L10:
 178 0096 00BF     		.align	2
 179              	.L9:
 180 0098 00000000 		.word	keybd_report_data
 181 009c 00000000 		.word	imp_0_lctrl
 182 00a0 00000000 		.word	keybd_info
 183 00a4 00000000 		.word	imp_0_lshift
ARM GAS  /tmp/cc0CYvln.s 			page 12


 184 00a8 00000000 		.word	imp_0_lalt
 185 00ac 00000000 		.word	imp_0_lgui
 186 00b0 00000000 		.word	imp_0_rctrl
 187 00b4 00000000 		.word	imp_0_rshift
 188 00b8 00000000 		.word	imp_0_ralt
 189 00bc 00000000 		.word	imp_0_rgui
 190 00c0 00000000 		.word	imp_0_key_array
 191              		.cfi_endproc
 192              	.LFE333:
 194              		.section	.text.USBH_HID_KeybdInit,"ax",%progbits
 195              		.align	1
 196              		.global	USBH_HID_KeybdInit
 197              		.syntax unified
 198              		.thumb
 199              		.thumb_func
 201              	USBH_HID_KeybdInit:
 202              	.LVL22:
 203              	.LFB331:
 329:Middlewares/ST/STM32_USB_Host_Library/Class/HID/Src/usbh_hid_keybd.c ****   uint32_t x;
 204              		.loc 1 329 1 is_stmt 1 view -0
 205              		.cfi_startproc
 206              		@ args = 0, pretend = 0, frame = 0
 207              		@ frame_needed = 0, uses_anonymous_args = 0
 329:Middlewares/ST/STM32_USB_Host_Library/Class/HID/Src/usbh_hid_keybd.c ****   uint32_t x;
 208              		.loc 1 329 1 is_stmt 0 view .LVU54
 209 0000 10B5     		push	{r4, lr}
 210              	.LCFI1:
 211              		.cfi_def_cfa_offset 8
 212              		.cfi_offset 4, -8
 213              		.cfi_offset 14, -4
 330:Middlewares/ST/STM32_USB_Host_Library/Class/HID/Src/usbh_hid_keybd.c ****   HID_HandleTypeDef *HID_Handle = (HID_HandleTypeDef *) phost->pActiveClass->pData;
 214              		.loc 1 330 3 is_stmt 1 view .LVU55
 331:Middlewares/ST/STM32_USB_Host_Library/Class/HID/Src/usbh_hid_keybd.c **** 
 215              		.loc 1 331 3 view .LVU56
 331:Middlewares/ST/STM32_USB_Host_Library/Class/HID/Src/usbh_hid_keybd.c **** 
 216              		.loc 1 331 62 is_stmt 0 view .LVU57
 217 0002 D0F87C33 		ldr	r3, [r0, #892]
 331:Middlewares/ST/STM32_USB_Host_Library/Class/HID/Src/usbh_hid_keybd.c **** 
 218              		.loc 1 331 22 view .LVU58
 219 0006 DC69     		ldr	r4, [r3, #28]
 220              	.LVL23:
 333:Middlewares/ST/STM32_USB_Host_Library/Class/HID/Src/usbh_hid_keybd.c ****   keybd_info.lalt = keybd_info.lgui = 0U;
 221              		.loc 1 333 3 is_stmt 1 view .LVU59
 333:Middlewares/ST/STM32_USB_Host_Library/Class/HID/Src/usbh_hid_keybd.c ****   keybd_info.lalt = keybd_info.lgui = 0U;
 222              		.loc 1 333 40 is_stmt 0 view .LVU60
 223 0008 124A     		ldr	r2, .L16
 224 000a 0023     		movs	r3, #0
 225 000c 9370     		strb	r3, [r2, #2]
 333:Middlewares/ST/STM32_USB_Host_Library/Class/HID/Src/usbh_hid_keybd.c ****   keybd_info.lalt = keybd_info.lgui = 0U;
 226              		.loc 1 333 20 view .LVU61
 227 000e 5370     		strb	r3, [r2, #1]
 334:Middlewares/ST/STM32_USB_Host_Library/Class/HID/Src/usbh_hid_keybd.c ****   keybd_info.rctrl = keybd_info.rshift = 0U;
 228              		.loc 1 334 3 is_stmt 1 view .LVU62
 334:Middlewares/ST/STM32_USB_Host_Library/Class/HID/Src/usbh_hid_keybd.c ****   keybd_info.rctrl = keybd_info.rshift = 0U;
 229              		.loc 1 334 37 is_stmt 0 view .LVU63
 230 0010 1371     		strb	r3, [r2, #4]
 334:Middlewares/ST/STM32_USB_Host_Library/Class/HID/Src/usbh_hid_keybd.c ****   keybd_info.rctrl = keybd_info.rshift = 0U;
ARM GAS  /tmp/cc0CYvln.s 			page 13


 231              		.loc 1 334 19 view .LVU64
 232 0012 D370     		strb	r3, [r2, #3]
 335:Middlewares/ST/STM32_USB_Host_Library/Class/HID/Src/usbh_hid_keybd.c ****   keybd_info.ralt = keybd_info.rgui = 0U;
 233              		.loc 1 335 3 is_stmt 1 view .LVU65
 335:Middlewares/ST/STM32_USB_Host_Library/Class/HID/Src/usbh_hid_keybd.c ****   keybd_info.ralt = keybd_info.rgui = 0U;
 234              		.loc 1 335 40 is_stmt 0 view .LVU66
 235 0014 9371     		strb	r3, [r2, #6]
 335:Middlewares/ST/STM32_USB_Host_Library/Class/HID/Src/usbh_hid_keybd.c ****   keybd_info.ralt = keybd_info.rgui = 0U;
 236              		.loc 1 335 20 view .LVU67
 237 0016 5371     		strb	r3, [r2, #5]
 336:Middlewares/ST/STM32_USB_Host_Library/Class/HID/Src/usbh_hid_keybd.c **** 
 238              		.loc 1 336 3 is_stmt 1 view .LVU68
 336:Middlewares/ST/STM32_USB_Host_Library/Class/HID/Src/usbh_hid_keybd.c **** 
 239              		.loc 1 336 37 is_stmt 0 view .LVU69
 240 0018 1372     		strb	r3, [r2, #8]
 336:Middlewares/ST/STM32_USB_Host_Library/Class/HID/Src/usbh_hid_keybd.c **** 
 241              		.loc 1 336 19 view .LVU70
 242 001a D371     		strb	r3, [r2, #7]
 339:Middlewares/ST/STM32_USB_Host_Library/Class/HID/Src/usbh_hid_keybd.c ****   {
 243              		.loc 1 339 3 is_stmt 1 view .LVU71
 244              	.LVL24:
 339:Middlewares/ST/STM32_USB_Host_Library/Class/HID/Src/usbh_hid_keybd.c ****   {
 245              		.loc 1 339 3 is_stmt 0 view .LVU72
 246 001c 07E0     		b	.L12
 247              	.LVL25:
 248              	.L13:
 341:Middlewares/ST/STM32_USB_Host_Library/Class/HID/Src/usbh_hid_keybd.c ****     keybd_rx_report_buf[x] = 0U;
 249              		.loc 1 341 5 is_stmt 1 view .LVU73
 341:Middlewares/ST/STM32_USB_Host_Library/Class/HID/Src/usbh_hid_keybd.c ****     keybd_rx_report_buf[x] = 0U;
 250              		.loc 1 341 26 is_stmt 0 view .LVU74
 251 001e 0022     		movs	r2, #0
 252 0020 0D49     		ldr	r1, .L16+4
 253 0022 41F82320 		str	r2, [r1, r3, lsl #2]
 342:Middlewares/ST/STM32_USB_Host_Library/Class/HID/Src/usbh_hid_keybd.c ****   }
 254              		.loc 1 342 5 is_stmt 1 view .LVU75
 342:Middlewares/ST/STM32_USB_Host_Library/Class/HID/Src/usbh_hid_keybd.c ****   }
 255              		.loc 1 342 28 is_stmt 0 view .LVU76
 256 0026 0D49     		ldr	r1, .L16+8
 257 0028 41F82320 		str	r2, [r1, r3, lsl #2]
 339:Middlewares/ST/STM32_USB_Host_Library/Class/HID/Src/usbh_hid_keybd.c ****   {
 258              		.loc 1 339 69 is_stmt 1 discriminator 3 view .LVU77
 259 002c 0133     		adds	r3, r3, #1
 260              	.LVL26:
 261              	.L12:
 339:Middlewares/ST/STM32_USB_Host_Library/Class/HID/Src/usbh_hid_keybd.c ****   {
 262              		.loc 1 339 18 discriminator 1 view .LVU78
 263 002e 012B     		cmp	r3, #1
 264 0030 F5D9     		bls	.L13
 345:Middlewares/ST/STM32_USB_Host_Library/Class/HID/Src/usbh_hid_keybd.c ****   {
 265              		.loc 1 345 3 view .LVU79
 345:Middlewares/ST/STM32_USB_Host_Library/Class/HID/Src/usbh_hid_keybd.c ****   {
 266              		.loc 1 345 17 is_stmt 0 view .LVU80
 267 0032 238B     		ldrh	r3, [r4, #24]
 268              	.LVL27:
 345:Middlewares/ST/STM32_USB_Host_Library/Class/HID/Src/usbh_hid_keybd.c ****   {
 269              		.loc 1 345 6 view .LVU81
 270 0034 082B     		cmp	r3, #8
ARM GAS  /tmp/cc0CYvln.s 			page 14


 271 0036 01D9     		bls	.L14
 347:Middlewares/ST/STM32_USB_Host_Library/Class/HID/Src/usbh_hid_keybd.c ****   }
 272              		.loc 1 347 5 is_stmt 1 view .LVU82
 347:Middlewares/ST/STM32_USB_Host_Library/Class/HID/Src/usbh_hid_keybd.c ****   }
 273              		.loc 1 347 24 is_stmt 0 view .LVU83
 274 0038 0823     		movs	r3, #8
 275 003a 2383     		strh	r3, [r4, #24]	@ movhi
 276              	.L14:
 349:Middlewares/ST/STM32_USB_Host_Library/Class/HID/Src/usbh_hid_keybd.c ****   USBH_HID_FifoInit(&HID_Handle->fifo, phost->device.Data, HID_QUEUE_SIZE * sizeof(keybd_report_dat
 277              		.loc 1 349 3 is_stmt 1 view .LVU84
 349:Middlewares/ST/STM32_USB_Host_Library/Class/HID/Src/usbh_hid_keybd.c ****   USBH_HID_FifoInit(&HID_Handle->fifo, phost->device.Data, HID_QUEUE_SIZE * sizeof(keybd_report_dat
 278              		.loc 1 349 21 is_stmt 0 view .LVU85
 279 003c 074B     		ldr	r3, .L16+8
 280 003e 6361     		str	r3, [r4, #20]
 350:Middlewares/ST/STM32_USB_Host_Library/Class/HID/Src/usbh_hid_keybd.c **** 
 281              		.loc 1 350 3 is_stmt 1 view .LVU86
 282 0040 5022     		movs	r2, #80
 283 0042 00F58E71 		add	r1, r0, #284
 284 0046 04F10800 		add	r0, r4, #8
 285              	.LVL28:
 350:Middlewares/ST/STM32_USB_Host_Library/Class/HID/Src/usbh_hid_keybd.c **** 
 286              		.loc 1 350 3 is_stmt 0 view .LVU87
 287 004a FFF7FEFF 		bl	USBH_HID_FifoInit
 288              	.LVL29:
 352:Middlewares/ST/STM32_USB_Host_Library/Class/HID/Src/usbh_hid_keybd.c **** }
 289              		.loc 1 352 3 is_stmt 1 view .LVU88
 353:Middlewares/ST/STM32_USB_Host_Library/Class/HID/Src/usbh_hid_keybd.c **** 
 290              		.loc 1 353 1 is_stmt 0 view .LVU89
 291 004e 0020     		movs	r0, #0
 292 0050 10BD     		pop	{r4, pc}
 293              	.LVL30:
 294              	.L17:
 353:Middlewares/ST/STM32_USB_Host_Library/Class/HID/Src/usbh_hid_keybd.c **** 
 295              		.loc 1 353 1 view .LVU90
 296 0052 00BF     		.align	2
 297              	.L16:
 298 0054 00000000 		.word	keybd_info
 299 0058 00000000 		.word	keybd_report_data
 300 005c 00000000 		.word	keybd_rx_report_buf
 301              		.cfi_endproc
 302              	.LFE331:
 304              		.section	.text.USBH_HID_GetKeybdInfo,"ax",%progbits
 305              		.align	1
 306              		.global	USBH_HID_GetKeybdInfo
 307              		.syntax unified
 308              		.thumb
 309              		.thumb_func
 311              	USBH_HID_GetKeybdInfo:
 312              	.LVL31:
 313              	.LFB332:
 362:Middlewares/ST/STM32_USB_Host_Library/Class/HID/Src/usbh_hid_keybd.c ****   if (USBH_HID_KeybdDecode(phost) == USBH_OK)
 314              		.loc 1 362 1 is_stmt 1 view -0
 315              		.cfi_startproc
 316              		@ args = 0, pretend = 0, frame = 0
 317              		@ frame_needed = 0, uses_anonymous_args = 0
 362:Middlewares/ST/STM32_USB_Host_Library/Class/HID/Src/usbh_hid_keybd.c ****   if (USBH_HID_KeybdDecode(phost) == USBH_OK)
 318              		.loc 1 362 1 is_stmt 0 view .LVU92
ARM GAS  /tmp/cc0CYvln.s 			page 15


 319 0000 08B5     		push	{r3, lr}
 320              	.LCFI2:
 321              		.cfi_def_cfa_offset 8
 322              		.cfi_offset 3, -8
 323              		.cfi_offset 14, -4
 363:Middlewares/ST/STM32_USB_Host_Library/Class/HID/Src/usbh_hid_keybd.c ****   {
 324              		.loc 1 363 3 is_stmt 1 view .LVU93
 363:Middlewares/ST/STM32_USB_Host_Library/Class/HID/Src/usbh_hid_keybd.c ****   {
 325              		.loc 1 363 7 is_stmt 0 view .LVU94
 326 0002 FFF7FEFF 		bl	USBH_HID_KeybdDecode
 327              	.LVL32:
 363:Middlewares/ST/STM32_USB_Host_Library/Class/HID/Src/usbh_hid_keybd.c ****   {
 328              		.loc 1 363 6 discriminator 1 view .LVU95
 329 0006 08B9     		cbnz	r0, .L20
 365:Middlewares/ST/STM32_USB_Host_Library/Class/HID/Src/usbh_hid_keybd.c ****   }
 330              		.loc 1 365 12 view .LVU96
 331 0008 0148     		ldr	r0, .L22
 332              	.L18:
 371:Middlewares/ST/STM32_USB_Host_Library/Class/HID/Src/usbh_hid_keybd.c **** 
 333              		.loc 1 371 1 view .LVU97
 334 000a 08BD     		pop	{r3, pc}
 335              	.L20:
 369:Middlewares/ST/STM32_USB_Host_Library/Class/HID/Src/usbh_hid_keybd.c ****   }
 336              		.loc 1 369 12 view .LVU98
 337 000c 0020     		movs	r0, #0
 338 000e FCE7     		b	.L18
 339              	.L23:
 340              		.align	2
 341              	.L22:
 342 0010 00000000 		.word	keybd_info
 343              		.cfi_endproc
 344              	.LFE332:
 346              		.section	.text.USBH_HID_GetASCIICode,"ax",%progbits
 347              		.align	1
 348              		.global	USBH_HID_GetASCIICode
 349              		.syntax unified
 350              		.thumb
 351              		.thumb_func
 353              	USBH_HID_GetASCIICode:
 354              	.LVL33:
 355              	.LFB334:
 409:Middlewares/ST/STM32_USB_Host_Library/Class/HID/Src/usbh_hid_keybd.c **** 
 410:Middlewares/ST/STM32_USB_Host_Library/Class/HID/Src/usbh_hid_keybd.c **** /**
 411:Middlewares/ST/STM32_USB_Host_Library/Class/HID/Src/usbh_hid_keybd.c ****   * @brief  USBH_HID_GetASCIICode
 412:Middlewares/ST/STM32_USB_Host_Library/Class/HID/Src/usbh_hid_keybd.c ****   *         The function decode keyboard data into ASCII characters.
 413:Middlewares/ST/STM32_USB_Host_Library/Class/HID/Src/usbh_hid_keybd.c ****   * @param  phost: Host handle
 414:Middlewares/ST/STM32_USB_Host_Library/Class/HID/Src/usbh_hid_keybd.c ****   * @param  info: Keyboard information
 415:Middlewares/ST/STM32_USB_Host_Library/Class/HID/Src/usbh_hid_keybd.c ****   * @retval ASCII code
 416:Middlewares/ST/STM32_USB_Host_Library/Class/HID/Src/usbh_hid_keybd.c ****   */
 417:Middlewares/ST/STM32_USB_Host_Library/Class/HID/Src/usbh_hid_keybd.c **** uint8_t USBH_HID_GetASCIICode(HID_KEYBD_Info_TypeDef *info)
 418:Middlewares/ST/STM32_USB_Host_Library/Class/HID/Src/usbh_hid_keybd.c **** {
 356              		.loc 1 418 1 is_stmt 1 view -0
 357              		.cfi_startproc
 358              		@ args = 0, pretend = 0, frame = 0
 359              		@ frame_needed = 0, uses_anonymous_args = 0
 360              		@ link register save eliminated.
 419:Middlewares/ST/STM32_USB_Host_Library/Class/HID/Src/usbh_hid_keybd.c ****   uint8_t   output;
ARM GAS  /tmp/cc0CYvln.s 			page 16


 361              		.loc 1 419 3 view .LVU100
 420:Middlewares/ST/STM32_USB_Host_Library/Class/HID/Src/usbh_hid_keybd.c ****   if ((info->lshift == 1U) || (info->rshift))
 362              		.loc 1 420 3 view .LVU101
 363              		.loc 1 420 12 is_stmt 0 view .LVU102
 364 0000 8378     		ldrb	r3, [r0, #2]	@ zero_extendqisi2
 365              		.loc 1 420 6 view .LVU103
 366 0002 012B     		cmp	r3, #1
 367 0004 01D0     		beq	.L25
 368              		.loc 1 420 36 discriminator 1 view .LVU104
 369 0006 8379     		ldrb	r3, [r0, #6]	@ zero_extendqisi2
 370              		.loc 1 420 28 discriminator 1 view .LVU105
 371 0008 2BB1     		cbz	r3, .L26
 372              	.L25:
 421:Middlewares/ST/STM32_USB_Host_Library/Class/HID/Src/usbh_hid_keybd.c ****   {
 422:Middlewares/ST/STM32_USB_Host_Library/Class/HID/Src/usbh_hid_keybd.c ****     output =  HID_KEYBRD_ShiftKey[HID_KEYBRD_Codes[info->keys[0]]];
 373              		.loc 1 422 5 is_stmt 1 view .LVU106
 374              		.loc 1 422 62 is_stmt 0 view .LVU107
 375 000a 437A     		ldrb	r3, [r0, #9]	@ zero_extendqisi2
 376              		.loc 1 422 51 view .LVU108
 377 000c 054A     		ldr	r2, .L28
 378 000e D35C     		ldrb	r3, [r2, r3]	@ zero_extendqisi2
 379              		.loc 1 422 12 view .LVU109
 380 0010 054A     		ldr	r2, .L28+4
 381 0012 D05C     		ldrb	r0, [r2, r3]	@ zero_extendqisi2
 382              	.LVL34:
 383              		.loc 1 422 12 view .LVU110
 384 0014 7047     		bx	lr
 385              	.LVL35:
 386              	.L26:
 423:Middlewares/ST/STM32_USB_Host_Library/Class/HID/Src/usbh_hid_keybd.c ****   }
 424:Middlewares/ST/STM32_USB_Host_Library/Class/HID/Src/usbh_hid_keybd.c ****   else
 425:Middlewares/ST/STM32_USB_Host_Library/Class/HID/Src/usbh_hid_keybd.c ****   {
 426:Middlewares/ST/STM32_USB_Host_Library/Class/HID/Src/usbh_hid_keybd.c ****     output =  HID_KEYBRD_Key[HID_KEYBRD_Codes[info->keys[0]]];
 387              		.loc 1 426 5 is_stmt 1 view .LVU111
 388              		.loc 1 426 57 is_stmt 0 view .LVU112
 389 0016 437A     		ldrb	r3, [r0, #9]	@ zero_extendqisi2
 390              		.loc 1 426 46 view .LVU113
 391 0018 024A     		ldr	r2, .L28
 392 001a D35C     		ldrb	r3, [r2, r3]	@ zero_extendqisi2
 393              		.loc 1 426 12 view .LVU114
 394 001c 034A     		ldr	r2, .L28+8
 395 001e D05C     		ldrb	r0, [r2, r3]	@ zero_extendqisi2
 396              	.LVL36:
 427:Middlewares/ST/STM32_USB_Host_Library/Class/HID/Src/usbh_hid_keybd.c ****   }
 428:Middlewares/ST/STM32_USB_Host_Library/Class/HID/Src/usbh_hid_keybd.c ****   return output;
 397              		.loc 1 428 3 is_stmt 1 view .LVU115
 429:Middlewares/ST/STM32_USB_Host_Library/Class/HID/Src/usbh_hid_keybd.c **** }
 398              		.loc 1 429 1 is_stmt 0 view .LVU116
 399 0020 7047     		bx	lr
 400              	.L29:
 401 0022 00BF     		.align	2
 402              	.L28:
 403 0024 00000000 		.word	HID_KEYBRD_Codes
 404 0028 00000000 		.word	HID_KEYBRD_ShiftKey
 405 002c 00000000 		.word	HID_KEYBRD_Key
 406              		.cfi_endproc
 407              	.LFE334:
ARM GAS  /tmp/cc0CYvln.s 			page 17


 409              		.section	.rodata.HID_KEYBRD_Codes,"a"
 410              		.align	2
 413              	HID_KEYBRD_Codes:
 414 0000 00000000 		.ascii	"\000\000\000\000\03720!\023\"#$\030%&'43\031\032\021"
 414      1F323021 
 414      13222324 
 414      18252627 
 414      3433191A 
 415 0015 14201517 		.ascii	"\024 \025\0271\022/\026.\002\003\004\005\006\007\010"
 415      31122F16 
 415      2E020304 
 415      05060708 
 416 0025 090A0B2B 		.ascii	"\011\012\013+n\017\020=\014\015\033\034\035*()\0015"
 416      6E0F103D 
 416      0C0D1B1C 
 416      1D2A2829 
 416      0135
 417 0037 36371E70 		.ascii	"67\036pqrstuvwxyz{|}~KPULQVYOTSZ_dijl]bg\\af[`ech-\201"
 417      71727374 
 417      75767778 
 417      797A7B7C 
 417      7D7E4B50 
 418 0066 00000000 		.ascii	"\000\000\000\000\000\000\000\000\000\000\000\000\000"
 418      00000000 
 418      00000000 
 418      00
 419 0073 00000000 		.ascii	"\000\000\000\000\000\000\000\000\000\000\000\000\000"
 419      00000000 
 419      00000000 
 419      00
 420 0080 00000000 		.ascii	"\000\000\000\000\000k\0008\000\000\000\000\000\000\000"
 420      006B0038 
 420      00000000 
 420      000000
 421 008f 00000000 		.ascii	"\000\000\000\000\000\000\000\000\000\000\000\000\000"
 421      00000000 
 421      00000000 
 421      00
 422 009c 00000000 		.ascii	"\000\000\000\000\000\000\000\000\000\000\000\000\000"
 422      00000000 
 422      00000000 
 422      00
 423 00a9 00000000 		.ascii	"\000\000\000\000\000\000\000\000\000\000\000\000\000"
 423      00000000 
 423      00000000 
 423      00
 424 00b6 00000000 		.ascii	"\000\000\000\000\000\000\000\000\000\000\000\000\000"
 424      00000000 
 424      00000000 
 424      00
 425 00c3 00000000 		.ascii	"\000\000\000\000\000\000\000\000\000\000\000\000\000"
 425      00000000 
 425      00000000 
 425      00
 426 00d0 00000000 		.ascii	"\000\000\000\000\000\000\000\000\000\000\000\000\000"
 426      00000000 
 426      00000000 
ARM GAS  /tmp/cc0CYvln.s 			page 18


 426      00
 427 00dd 0000003A 		.ascii	"\000\000\000:,<\177@9>\200"
 427      2C3C7F40 
 427      393E80
 428              		.section	.rodata.HID_KEYBRD_ShiftKey,"a"
 429              		.align	2
 432              	HID_KEYBRD_ShiftKey:
 433 0000 007E2140 		.ascii	"\000~!@#$%^&*()_+\000\000\000QWERTYUIOP{}|\000ASDFG"
 433      2324255E 
 433      262A2829 
 433      5F2B0000 
 433      00515745 
 434 0024 484A4B4C 		.ascii	"HJKL:\"\000\012\000\000ZXCVBNM<>?\000\000\000\000\000"
 434      3A22000A 
 434      00005A58 
 434      4356424E 
 434      4D3C3E3F 
 435 003d 00000000 		.ascii	"\000\000\000\000\000\000\000\000\000\000\000\000\000"
 435      00000000 
 435      00000000 
 435      00
 436 004a 00000000 		.ascii	"\000\000\000\000\000\000\000\000\000\000\000\000\000"
 436      00000000 
 436      00000000 
 436      00
 437 0057 00000000 		.ascii	"\000\000\000\000\000\000\000\000\000\000\000\000\000"
 437      00000000 
 437      00000000 
 437      00
 438 0064 00000000 		.ascii	"\000\000\000\000\000\000\000\000\000\000\000\000\000"
 438      00000000 
 438      00000000 
 438      00
 439 0071 00000000 		.ascii	"\000\000\000\000\000\000\000\000\000\000\000\000\000"
 439      00000000 
 439      00000000 
 439      00
 440 007e 00000000 		.ascii	"\000\000\000\000"
 441              		.section	.rodata.HID_KEYBRD_Key,"a"
 442              		.align	2
 445              	HID_KEYBRD_Key:
 446 0000 00603132 		.ascii	"\000`1234567890-=\000\015\011qwertyuiop[]\\\000asdf"
 446      33343536 
 446      37383930 
 446      2D3D000D 
 446      09717765 
 447 0023 67686A6B 		.ascii	"ghjkl;'\000\012\000\000zxcvbnm,./\000\000\000\000\000"
 447      6C3B2700 
 447      0A00007A 
 447      78637662 
 447      6E6D2C2E 
 448 003d 20000000 		.ascii	" \000\000\000\000\000\000\000\000\000\000\000\000\000"
 448      00000000 
 448      00000000 
 448      0000
 449 004b 00000000 		.ascii	"\000\000\000\000\000\015\000\000\000\000\000\000\000"
 449      000D0000 
ARM GAS  /tmp/cc0CYvln.s 			page 19


 449      00000000 
 449      00
 450 0058 00000037 		.ascii	"\000\000\000741\000/8520*963.-+\000\012\000\000\000"
 450      3431002F 
 450      38353230 
 450      2A393633 
 450      2E2D2B00 
 451 0070 00000000 		.ascii	"\000\000\000\000\000\000\000\000\000\000\000\000\000"
 451      00000000 
 451      00000000 
 451      00
 452 007d 00000000 		.ascii	"\000\000\000\000\000"
 452      00
 453              		.section	.rodata.imp_0_key_array,"a"
 454              		.align	2
 457              	imp_0_key_array:
 458 0000 02000000 		.word	keybd_report_data+2
 459 0004 08000000 		.word	8
 460 0008 00       		.byte	0
 461 0009 06       		.byte	6
 462 000a 00       		.byte	0
 463 000b 00       		.space	1
 464 000c 00000000 		.word	0
 465 0010 65000000 		.word	101
 466 0014 00000000 		.word	0
 467 0018 65000000 		.word	101
 468 001c 01000000 		.word	1
 469              		.section	.rodata.imp_0_rgui,"a"
 470              		.align	2
 473              	imp_0_rgui:
 474 0000 00000000 		.word	keybd_report_data
 475 0004 01000000 		.word	1
 476 0008 07       		.byte	7
 477 0009 00       		.byte	0
 478 000a 00       		.byte	0
 479 000b 00       		.space	1
 480 000c 00000000 		.word	0
 481 0010 01000000 		.word	1
 482 0014 00000000 		.word	0
 483 0018 01000000 		.word	1
 484 001c 01000000 		.word	1
 485              		.section	.rodata.imp_0_ralt,"a"
 486              		.align	2
 489              	imp_0_ralt:
 490 0000 00000000 		.word	keybd_report_data
 491 0004 01000000 		.word	1
 492 0008 06       		.byte	6
 493 0009 00       		.byte	0
 494 000a 00       		.byte	0
 495 000b 00       		.space	1
 496 000c 00000000 		.word	0
 497 0010 01000000 		.word	1
 498 0014 00000000 		.word	0
 499 0018 01000000 		.word	1
 500 001c 01000000 		.word	1
 501              		.section	.rodata.imp_0_rshift,"a"
 502              		.align	2
ARM GAS  /tmp/cc0CYvln.s 			page 20


 505              	imp_0_rshift:
 506 0000 00000000 		.word	keybd_report_data
 507 0004 01000000 		.word	1
 508 0008 05       		.byte	5
 509 0009 00       		.byte	0
 510 000a 00       		.byte	0
 511 000b 00       		.space	1
 512 000c 00000000 		.word	0
 513 0010 01000000 		.word	1
 514 0014 00000000 		.word	0
 515 0018 01000000 		.word	1
 516 001c 01000000 		.word	1
 517              		.section	.rodata.imp_0_rctrl,"a"
 518              		.align	2
 521              	imp_0_rctrl:
 522 0000 00000000 		.word	keybd_report_data
 523 0004 01000000 		.word	1
 524 0008 04       		.byte	4
 525 0009 00       		.byte	0
 526 000a 00       		.byte	0
 527 000b 00       		.space	1
 528 000c 00000000 		.word	0
 529 0010 01000000 		.word	1
 530 0014 00000000 		.word	0
 531 0018 01000000 		.word	1
 532 001c 01000000 		.word	1
 533              		.section	.rodata.imp_0_lgui,"a"
 534              		.align	2
 537              	imp_0_lgui:
 538 0000 00000000 		.word	keybd_report_data
 539 0004 01000000 		.word	1
 540 0008 03       		.byte	3
 541 0009 00       		.byte	0
 542 000a 00       		.byte	0
 543 000b 00       		.space	1
 544 000c 00000000 		.word	0
 545 0010 01000000 		.word	1
 546 0014 00000000 		.word	0
 547 0018 01000000 		.word	1
 548 001c 01000000 		.word	1
 549              		.section	.rodata.imp_0_lalt,"a"
 550              		.align	2
 553              	imp_0_lalt:
 554 0000 00000000 		.word	keybd_report_data
 555 0004 01000000 		.word	1
 556 0008 02       		.byte	2
 557 0009 00       		.byte	0
 558 000a 00       		.byte	0
 559 000b 00       		.space	1
 560 000c 00000000 		.word	0
 561 0010 01000000 		.word	1
 562 0014 00000000 		.word	0
 563 0018 01000000 		.word	1
 564 001c 01000000 		.word	1
 565              		.section	.rodata.imp_0_lshift,"a"
 566              		.align	2
 569              	imp_0_lshift:
ARM GAS  /tmp/cc0CYvln.s 			page 21


 570 0000 00000000 		.word	keybd_report_data
 571 0004 01000000 		.word	1
 572 0008 01       		.byte	1
 573 0009 00       		.byte	0
 574 000a 00       		.byte	0
 575 000b 00       		.space	1
 576 000c 00000000 		.word	0
 577 0010 01000000 		.word	1
 578 0014 00000000 		.word	0
 579 0018 01000000 		.word	1
 580 001c 01000000 		.word	1
 581              		.section	.rodata.imp_0_lctrl,"a"
 582              		.align	2
 585              	imp_0_lctrl:
 586 0000 00000000 		.word	keybd_report_data
 587 0004 01000000 		.word	1
 588 0008 00       		.byte	0
 589 0009 00       		.byte	0
 590 000a 00       		.byte	0
 591 000b 00       		.space	1
 592 000c 00000000 		.word	0
 593 0010 01000000 		.word	1
 594 0014 00000000 		.word	0
 595 0018 01000000 		.word	1
 596 001c 01000000 		.word	1
 597              		.global	keybd_report_data
 598              		.section	.bss.keybd_report_data,"aw",%nobits
 599              		.align	2
 602              	keybd_report_data:
 603 0000 00000000 		.space	8
 603      00000000 
 604              		.global	keybd_rx_report_buf
 605              		.section	.bss.keybd_rx_report_buf,"aw",%nobits
 606              		.align	2
 609              	keybd_rx_report_buf:
 610 0000 00000000 		.space	8
 610      00000000 
 611              		.global	keybd_info
 612              		.section	.bss.keybd_info,"aw",%nobits
 613              		.align	2
 616              	keybd_info:
 617 0000 00000000 		.space	15
 617      00000000 
 617      00000000 
 617      000000
 618              		.text
 619              	.Letext0:
 620              		.file 2 "/home/jyko/Embedded/arm-gnu-toolchain-13.2.rel1-x86_64-arm-none-eabi/arm-none-eabi/includ
 621              		.file 3 "/home/jyko/Embedded/arm-gnu-toolchain-13.2.rel1-x86_64-arm-none-eabi/arm-none-eabi/includ
 622              		.file 4 "Middlewares/ST/STM32_USB_Host_Library/Core/Inc/usbh_def.h"
 623              		.file 5 "Middlewares/ST/STM32_USB_Host_Library/Class/HID/Inc/usbh_hid.h"
 624              		.file 6 "Middlewares/ST/STM32_USB_Host_Library/Class/HID/Inc/usbh_hid_keybd.h"
 625              		.file 7 "Middlewares/ST/STM32_USB_Host_Library/Class/HID/Inc/usbh_hid_parser.h"
ARM GAS  /tmp/cc0CYvln.s 			page 22


DEFINED SYMBOLS
                            *ABS*:00000000 usbh_hid_keybd.c
     /tmp/cc0CYvln.s:20     .text.USBH_HID_KeybdDecode:00000000 $t
     /tmp/cc0CYvln.s:25     .text.USBH_HID_KeybdDecode:00000000 USBH_HID_KeybdDecode
     /tmp/cc0CYvln.s:180    .text.USBH_HID_KeybdDecode:00000098 $d
     /tmp/cc0CYvln.s:602    .bss.keybd_report_data:00000000 keybd_report_data
     /tmp/cc0CYvln.s:585    .rodata.imp_0_lctrl:00000000 imp_0_lctrl
     /tmp/cc0CYvln.s:616    .bss.keybd_info:00000000 keybd_info
     /tmp/cc0CYvln.s:569    .rodata.imp_0_lshift:00000000 imp_0_lshift
     /tmp/cc0CYvln.s:553    .rodata.imp_0_lalt:00000000 imp_0_lalt
     /tmp/cc0CYvln.s:537    .rodata.imp_0_lgui:00000000 imp_0_lgui
     /tmp/cc0CYvln.s:521    .rodata.imp_0_rctrl:00000000 imp_0_rctrl
     /tmp/cc0CYvln.s:505    .rodata.imp_0_rshift:00000000 imp_0_rshift
     /tmp/cc0CYvln.s:489    .rodata.imp_0_ralt:00000000 imp_0_ralt
     /tmp/cc0CYvln.s:473    .rodata.imp_0_rgui:00000000 imp_0_rgui
     /tmp/cc0CYvln.s:457    .rodata.imp_0_key_array:00000000 imp_0_key_array
     /tmp/cc0CYvln.s:195    .text.USBH_HID_KeybdInit:00000000 $t
     /tmp/cc0CYvln.s:201    .text.USBH_HID_KeybdInit:00000000 USBH_HID_KeybdInit
     /tmp/cc0CYvln.s:298    .text.USBH_HID_KeybdInit:00000054 $d
     /tmp/cc0CYvln.s:609    .bss.keybd_rx_report_buf:00000000 keybd_rx_report_buf
     /tmp/cc0CYvln.s:305    .text.USBH_HID_GetKeybdInfo:00000000 $t
     /tmp/cc0CYvln.s:311    .text.USBH_HID_GetKeybdInfo:00000000 USBH_HID_GetKeybdInfo
     /tmp/cc0CYvln.s:342    .text.USBH_HID_GetKeybdInfo:00000010 $d
     /tmp/cc0CYvln.s:347    .text.USBH_HID_GetASCIICode:00000000 $t
     /tmp/cc0CYvln.s:353    .text.USBH_HID_GetASCIICode:00000000 USBH_HID_GetASCIICode
     /tmp/cc0CYvln.s:403    .text.USBH_HID_GetASCIICode:00000024 $d
     /tmp/cc0CYvln.s:413    .rodata.HID_KEYBRD_Codes:00000000 HID_KEYBRD_Codes
     /tmp/cc0CYvln.s:432    .rodata.HID_KEYBRD_ShiftKey:00000000 HID_KEYBRD_ShiftKey
     /tmp/cc0CYvln.s:445    .rodata.HID_KEYBRD_Key:00000000 HID_KEYBRD_Key
     /tmp/cc0CYvln.s:410    .rodata.HID_KEYBRD_Codes:00000000 $d
     /tmp/cc0CYvln.s:429    .rodata.HID_KEYBRD_ShiftKey:00000000 $d
     /tmp/cc0CYvln.s:442    .rodata.HID_KEYBRD_Key:00000000 $d
     /tmp/cc0CYvln.s:454    .rodata.imp_0_key_array:00000000 $d
     /tmp/cc0CYvln.s:470    .rodata.imp_0_rgui:00000000 $d
     /tmp/cc0CYvln.s:486    .rodata.imp_0_ralt:00000000 $d
     /tmp/cc0CYvln.s:502    .rodata.imp_0_rshift:00000000 $d
     /tmp/cc0CYvln.s:518    .rodata.imp_0_rctrl:00000000 $d
     /tmp/cc0CYvln.s:534    .rodata.imp_0_lgui:00000000 $d
     /tmp/cc0CYvln.s:550    .rodata.imp_0_lalt:00000000 $d
     /tmp/cc0CYvln.s:566    .rodata.imp_0_lshift:00000000 $d
     /tmp/cc0CYvln.s:582    .rodata.imp_0_lctrl:00000000 $d
     /tmp/cc0CYvln.s:599    .bss.keybd_report_data:00000000 $d
     /tmp/cc0CYvln.s:606    .bss.keybd_rx_report_buf:00000000 $d
     /tmp/cc0CYvln.s:613    .bss.keybd_info:00000000 $d

UNDEFINED SYMBOLS
USBH_HID_FifoRead
HID_ReadItem
USBH_HID_FifoInit
